INFO: [SIM 2] *************** CSIM start ***************
INFO: [SIM 4] CSIM will launch GCC as the compiler.
   Compiling(apcc) ../../../src/tests/genkat_aead.c in debug mode
INFO: [HLS 200-10] Running 'C:/Xilinx/Vitis_HLS/2021.2/bin/unwrapped/win64.o/apcc.exe'
INFO: [HLS 200-10] For user 'Matteo' on host 'rosa' (Windows NT_amd64 version 6.2) on Mon Mar 28 17:17:50 +0200 2022
INFO: [HLS 200-10] In directory 'H:/home/Documents/Git/PII-2022-Grazzani-Rogora-Zaffiretti/solution1/csim/build'
../../../src/tests/genkat_aead.c:103:67: warning: invalid conversion specifier 'I' [-Wformat-invalid-specifier]
                "crypto_aead_decrypt returned bad 'mlen': Got <%" PRIu64
                                                               ~~~^
C:/Xilinx/Vitis_HLS/2021.2/win64/tools/clang/bin/../lib/clang/3.1/../../../x86_64-w64-mingw32/include\inttypes.h:94:17: note: expanded from macro 'PRIu64'
#define PRIu64 "I64u"
                ^
../../../src/tests/genkat_aead.c:104:34: warning: invalid conversion specifier 'I' [-Wformat-invalid-specifier]
                ">, expected <%" PRIu64 ">\n",
                              ~~~^
C:/Xilinx/Vitis_HLS/2021.2/win64/tools/clang/bin/../lib/clang/3.1/../../../x86_64-w64-mingw32/include\inttypes.h:94:17: note: expanded from macro 'PRIu64'
#define PRIu64 "I64u"
                ^
2 warnings generated.
../../../src/tests/genkat_aead.c:103:67: warning: invalid conversion specifier 'I' [-Wformat-invalid-specifier]
                "crypto_aead_decrypt returned bad 'mlen': Got <%" PRIu64
                                                               ~~~^
C:/Xilinx/Vitis_HLS/2021.2/win64/tools/clang/bin/../lib/clang/3.1/../../../x86_64-w64-mingw32/include\inttypes.h:94:17: note: expanded from macro 'PRIu64'
#define PRIu64 "I64u"
                ^
../../../src/tests/genkat_aead.c:104:34: warning: invalid conversion specifier 'I' [-Wformat-invalid-specifier]
                ">, expected <%" PRIu64 ">\n",
                              ~~~^
C:/Xilinx/Vitis_HLS/2021.2/win64/tools/clang/bin/../lib/clang/3.1/../../../x86_64-w64-mingw32/include\inttypes.h:94:17: note: expanded from macro 'PRIu64'
#define PRIu64 "I64u"
                ^
2 warnings generated.
INFO: [APCC 202-3] Tmp directory is apcc_db
INFO: [APCC 202-1] APCC is done.
INFO: [HLS 200-112] Total CPU user time: 0 seconds. Total CPU system time: 0 seconds. Total elapsed time: 4.304 seconds; peak allocated memory: 2.160 MB.
   Compiling(apcc) ../../../src/crypto_aead/ascon128v12/ref/encrypt.c in debug mode
INFO: [HLS 200-10] Running 'C:/Xilinx/Vitis_HLS/2021.2/bin/unwrapped/win64.o/apcc.exe'
INFO: [HLS 200-10] For user 'Matteo' on host 'rosa' (Windows NT_amd64 version 6.2) on Mon Mar 28 17:17:56 +0200 2022
INFO: [HLS 200-10] In directory 'H:/home/Documents/Git/PII-2022-Grazzani-Rogora-Zaffiretti/solution1/csim/build'
INFO: [APCC 202-3] Tmp directory is apcc_db
INFO: [APCC 202-1] APCC is done.
INFO: [HLS 200-112] Total CPU user time: 0 seconds. Total CPU system time: 0 seconds. Total elapsed time: 4.279 seconds; peak allocated memory: 2.672 MB.
   Generating csim.exe
INFO: [SIM 1] CSim done with 0 errors.
INFO: [SIM 3] *************** CSIM finish ***************
