

================================================================
== Vitis HLS Report for 'crypto_aead_encrypt_h'
================================================================
* Date:           Tue Apr  5 16:05:02 2022

* Version:        2021.2 (Build 3367213 on Tue Oct 19 02:48:09 MDT 2021)
* Project:        PII-2022-Grazzani-Rogora-Zaffiretti
* Solution:       solution1 (Vivado IP Flow Target)
* Product family: kintex7
* Target device:  xc7k160t-fbv484-2


================================================================
== Performance Estimates
================================================================
+ Timing: 
    * Summary: 
    +--------+----------+----------+------------+
    |  Clock |  Target  | Estimated| Uncertainty|
    +--------+----------+----------+------------+
    |ap_clk  |  10.00 ns|  8.502 ns|     2.70 ns|
    +--------+----------+----------+------------+

+ Latency: 
    * Summary: 
    +---------+---------+----------+----------+-----+-----+---------+
    |  Latency (cycles) |  Latency (absolute) |  Interval | Pipeline|
    |   min   |   max   |    min   |    max   | min | max |   Type  |
    +---------+---------+----------+----------+-----+-----+---------+
    |        ?|        ?|         ?|         ?|    ?|    ?|       no|
    +---------+---------+----------+----------+-----+-----+---------+

    + Detail: 
        * Instance: 
        +---------------------------------+-----------------------+---------+---------+----------+----------+-----+-----+---------+
        |                                 |                       |  Latency (cycles) |  Latency (absolute) |  Interval | Pipeline|
        |             Instance            |         Module        |   min   |   max   |    min   |    max   | min | max |   Type  |
        +---------------------------------+-----------------------+---------+---------+----------+----------+-----+-----+---------+
        |grp_crypto_aead_encrypt_1_fu_54  |crypto_aead_encrypt_1  |        ?|        ?|         ?|         ?|    ?|    ?|       no|
        +---------------------------------+-----------------------+---------+---------+----------+----------+-----+-----+---------+

        * Loop: 
        N/A



================================================================
== Utilization Estimates
================================================================
* Summary: 
+-----------------+---------+-----+--------+--------+-----+
|       Name      | BRAM_18K| DSP |   FF   |   LUT  | URAM|
+-----------------+---------+-----+--------+--------+-----+
|DSP              |        -|    -|       -|       -|    -|
|Expression       |        -|    -|       -|       -|    -|
|FIFO             |        -|    -|       -|       -|    -|
|Instance         |        -|    -|    3915|    9216|    -|
|Memory           |        -|    -|       -|       -|    -|
|Multiplexer      |        -|    -|       -|      13|    -|
|Register         |        -|    -|       3|       -|    -|
+-----------------+---------+-----+--------+--------+-----+
|Total            |        0|    0|    3918|    9229|    0|
+-----------------+---------+-----+--------+--------+-----+
|Available        |      650|  600|  202800|  101400|    0|
+-----------------+---------+-----+--------+--------+-----+
|Utilization (%)  |        0|    0|       1|       9|    0|
+-----------------+---------+-----+--------+--------+-----+

+ Detail: 
    * Instance: 
    +---------------------------------+-----------------------+---------+----+------+------+-----+
    |             Instance            |         Module        | BRAM_18K| DSP|  FF  |  LUT | URAM|
    +---------------------------------+-----------------------+---------+----+------+------+-----+
    |grp_crypto_aead_encrypt_1_fu_54  |crypto_aead_encrypt_1  |        0|   0|  3915|  9216|    0|
    +---------------------------------+-----------------------+---------+----+------+------+-----+
    |Total                            |                       |        0|   0|  3915|  9216|    0|
    +---------------------------------+-----------------------+---------+----+------+------+-----+

    * DSP: 
    N/A

    * Memory: 
    N/A

    * FIFO: 
    N/A

    * Expression: 
    N/A

    * Multiplexer: 
    +-----------+----+-----------+-----+-----------+
    |    Name   | LUT| Input Size| Bits| Total Bits|
    +-----------+----+-----------+-----+-----------+
    |ap_NS_fsm  |  13|          3|    1|          3|
    +-----------+----+-----------+-----+-----------+
    |Total      |  13|          3|    1|          3|
    +-----------+----+-----------+-----+-----------+

    * Register: 
    +----------------------------------------------+---+----+-----+-----------+
    |                     Name                     | FF| LUT| Bits| Const Bits|
    +----------------------------------------------+---+----+-----+-----------+
    |ap_CS_fsm                                     |  2|   0|    2|          0|
    |grp_crypto_aead_encrypt_1_fu_54_ap_start_reg  |  1|   0|    1|          0|
    +----------------------------------------------+---+----+-----+-----------+
    |Total                                         |  3|   0|    3|          0|
    +----------------------------------------------+---+----+-----+-----------+



================================================================
== Interface
================================================================
* Summary: 
+-------------------+-----+-----+------------+-----------------------+--------------+
|     RTL Ports     | Dir | Bits|  Protocol  |     Source Object     |    C Type    |
+-------------------+-----+-----+------------+-----------------------+--------------+
|ap_local_block     |  out|    1|  ap_ctrl_hs|  crypto_aead_encrypt_h|  return value|
|ap_local_deadlock  |  out|    1|  ap_ctrl_hs|  crypto_aead_encrypt_h|  return value|
|ap_clk             |   in|    1|  ap_ctrl_hs|  crypto_aead_encrypt_h|  return value|
|ap_rst             |   in|    1|  ap_ctrl_hs|  crypto_aead_encrypt_h|  return value|
|ap_start           |   in|    1|  ap_ctrl_hs|  crypto_aead_encrypt_h|  return value|
|ap_done            |  out|    1|  ap_ctrl_hs|  crypto_aead_encrypt_h|  return value|
|ap_idle            |  out|    1|  ap_ctrl_hs|  crypto_aead_encrypt_h|  return value|
|ap_ready           |  out|    1|  ap_ctrl_hs|  crypto_aead_encrypt_h|  return value|
|ap_return          |  out|   32|  ap_ctrl_hs|  crypto_aead_encrypt_h|  return value|
|c_address0         |  out|    6|   ap_memory|                      c|         array|
|c_ce0              |  out|    1|   ap_memory|                      c|         array|
|c_we0              |  out|    1|   ap_memory|                      c|         array|
|c_d0               |  out|    8|   ap_memory|                      c|         array|
|clen               |  out|   64|      ap_vld|                   clen|       pointer|
|clen_ap_vld        |  out|    1|      ap_vld|                   clen|       pointer|
|m_address0         |  out|    5|   ap_memory|                      m|         array|
|m_ce0              |  out|    1|   ap_memory|                      m|         array|
|m_q0               |   in|    8|   ap_memory|                      m|         array|
|mlen               |   in|   64|     ap_none|                   mlen|        scalar|
|ad_address0        |  out|    5|   ap_memory|                     ad|         array|
|ad_ce0             |  out|    1|   ap_memory|                     ad|         array|
|ad_q0              |   in|    8|   ap_memory|                     ad|         array|
|adlen              |   in|   64|     ap_none|                  adlen|        scalar|
|nsec               |   in|    8|     ap_none|                   nsec|       pointer|
|npub_address0      |  out|    4|   ap_memory|                   npub|         array|
|npub_ce0           |  out|    1|   ap_memory|                   npub|         array|
|npub_q0            |   in|    8|   ap_memory|                   npub|         array|
|k_address0         |  out|    4|   ap_memory|                      k|         array|
|k_ce0              |  out|    1|   ap_memory|                      k|         array|
|k_q0               |   in|    8|   ap_memory|                      k|         array|
|st_address0        |  out|    3|   ap_memory|                     st|         array|
|st_ce0             |  out|    1|   ap_memory|                     st|         array|
|st_we0             |  out|    1|   ap_memory|                     st|         array|
|st_d0              |  out|   64|   ap_memory|                     st|         array|
|st_q0              |   in|   64|   ap_memory|                     st|         array|
|st_address1        |  out|    3|   ap_memory|                     st|         array|
|st_ce1             |  out|    1|   ap_memory|                     st|         array|
|st_we1             |  out|    1|   ap_memory|                     st|         array|
|st_d1              |  out|   64|   ap_memory|                     st|         array|
|st_q1              |   in|   64|   ap_memory|                     st|         array|
+-------------------+-----+-----+------------+-----------------------+--------------+

