                             latency        interval
transaction       0:              76              77
transaction       1:              82              83
transaction       2:              83              84
transaction       3:              84              85
transaction       4:              85              86
transaction       5:              86              87
transaction       6:              87              88
transaction       7:              88              89
transaction       8:              94              95
transaction       9:              95              96
transaction      10:              96              97
transaction      11:              97              98
transaction      12:              98              99
transaction      13:              99             100
transaction      14:             100             101
transaction      15:             101             102
transaction      16:             107             108
transaction      17:             108             109
transaction      18:             109             110
transaction      19:             110             111
transaction      20:             111             112
transaction      21:             112             113
transaction      22:             113             114
transaction      23:             114             115
transaction      24:             120             121
transaction      25:             121             122
transaction      26:             122             123
transaction      27:             123             124
transaction      28:             124             125
transaction      29:             125             126
transaction      30:             126             127
transaction      31:             127             128
transaction      32:             133             134
transaction      33:              80              81
transaction      34:              86              87
transaction      35:              87              88
transaction      36:              88              89
transaction      37:              89              90
transaction      38:              90              91
transaction      39:              91              92
transaction      40:              92              93
transaction      41:              98              99
transaction      42:              99             100
transaction      43:             100             101
transaction      44:             101             102
transaction      45:             102             103
transaction      46:             103             104
transaction      47:             104             105
transaction      48:             105             106
transaction      49:             111             112
transaction      50:             112             113
transaction      51:             113             114
transaction      52:             114             115
transaction      53:             115             116
transaction      54:             116             117
transaction      55:             117             118
transaction      56:             118             119
transaction      57:             124             125
transaction      58:             125             126
transaction      59:             126             127
transaction      60:             127             128
transaction      61:             128             129
transaction      62:             129             130
transaction      63:             130             131
transaction      64:             131             132
transaction      65:             137             138
transaction      66:              82              83
transaction      67:              88              89
transaction      68:              89              90
transaction      69:              90              91
transaction      70:              91              92
transaction      71:              92              93
transaction      72:              93              94
transaction      73:              94              95
transaction      74:             100             101
transaction      75:             101             102
transaction      76:             102             103
transaction      77:             103             104
transaction      78:             104             105
transaction      79:             105             106
transaction      80:             106             107
transaction      81:             107             108
transaction      82:             113             114
transaction      83:             114             115
transaction      84:             115             116
transaction      85:             116             117
transaction      86:             117             118
transaction      87:             118             119
transaction      88:             119             120
transaction      89:             120             121
transaction      90:             126             127
transaction      91:             127             128
transaction      92:             128             129
transaction      93:             129             130
transaction      94:             130             131
transaction      95:             131             132
transaction      96:             132             133
transaction      97:             133             134
transaction      98:             139             140
transaction      99:              84              85
transaction     100:              90              91
transaction     101:              91              92
transaction     102:              92              93
transaction     103:              93              94
transaction     104:              94              95
transaction     105:              95              96
transaction     106:              96              97
transaction     107:             102             103
transaction     108:             103             104
transaction     109:             104             105
transaction     110:             105             106
transaction     111:             106             107
transaction     112:             107             108
transaction     113:             108             109
transaction     114:             109             110
transaction     115:             115             116
transaction     116:             116             117
transaction     117:             117             118
transaction     118:             118             119
transaction     119:             119             120
transaction     120:             120             121
transaction     121:             121             122
transaction     122:             122             123
transaction     123:             128             129
transaction     124:             129             130
transaction     125:             130             131
transaction     126:             131             132
transaction     127:             132             133
transaction     128:             133             134
transaction     129:             134             135
transaction     130:             135             136
transaction     131:             141             142
transaction     132:              86              87
transaction     133:              92              93
transaction     134:              93              94
transaction     135:              94              95
transaction     136:              95              96
transaction     137:              96              97
transaction     138:              97              98
transaction     139:              98              99
transaction     140:             104             105
transaction     141:             105             106
transaction     142:             106             107
transaction     143:             107             108
transaction     144:             108             109
transaction     145:             109             110
transaction     146:             110             111
transaction     147:             111             112
transaction     148:             117             118
transaction     149:             118             119
transaction     150:             119             120
transaction     151:             120             121
transaction     152:             121             122
transaction     153:             122             123
transaction     154:             123             124
transaction     155:             124             125
transaction     156:             130             131
transaction     157:             131             132
transaction     158:             132             133
transaction     159:             133             134
transaction     160:             134             135
transaction     161:             135             136
transaction     162:             136             137
transaction     163:             137             138
transaction     164:             143             144
transaction     165:              88              89
transaction     166:              94              95
transaction     167:              95              96
transaction     168:              96              97
transaction     169:              97              98
transaction     170:              98              99
transaction     171:              99             100
transaction     172:             100             101
transaction     173:             106             107
transaction     174:             107             108
transaction     175:             108             109
transaction     176:             109             110
transaction     177:             110             111
transaction     178:             111             112
transaction     179:             112             113
transaction     180:             113             114
transaction     181:             119             120
transaction     182:             120             121
transaction     183:             121             122
transaction     184:             122             123
transaction     185:             123             124
transaction     186:             124             125
transaction     187:             125             126
transaction     188:             126             127
transaction     189:             132             133
transaction     190:             133             134
transaction     191:             134             135
transaction     192:             135             136
transaction     193:             136             137
transaction     194:             137             138
transaction     195:             138             139
transaction     196:             139             140
transaction     197:             145             146
transaction     198:              90              91
transaction     199:              96              97
transaction     200:              97              98
transaction     201:              98              99
transaction     202:              99             100
transaction     203:             100             101
transaction     204:             101             102
transaction     205:             102             103
transaction     206:             108             109
transaction     207:             109             110
transaction     208:             110             111
transaction     209:             111             112
transaction     210:             112             113
transaction     211:             113             114
transaction     212:             114             115
transaction     213:             115             116
transaction     214:             121             122
transaction     215:             122             123
transaction     216:             123             124
transaction     217:             124             125
transaction     218:             125             126
transaction     219:             126             127
transaction     220:             127             128
transaction     221:             128             129
transaction     222:             134             135
transaction     223:             135             136
transaction     224:             136             137
transaction     225:             137             138
transaction     226:             138             139
transaction     227:             139             140
transaction     228:             140             141
transaction     229:             141             142
transaction     230:             147             148
transaction     231:              92              93
transaction     232:              98              99
transaction     233:              99             100
transaction     234:             100             101
transaction     235:             101             102
transaction     236:             102             103
transaction     237:             103             104
transaction     238:             104             105
transaction     239:             110             111
transaction     240:             111             112
transaction     241:             112             113
transaction     242:             113             114
transaction     243:             114             115
transaction     244:             115             116
transaction     245:             116             117
transaction     246:             117             118
transaction     247:             123             124
transaction     248:             124             125
transaction     249:             125             126
transaction     250:             126             127
transaction     251:             127             128
transaction     252:             128             129
transaction     253:             129             130
transaction     254:             130             131
transaction     255:             136             137
transaction     256:             137             138
transaction     257:             138             139
transaction     258:             139             140
transaction     259:             140             141
transaction     260:             141             142
transaction     261:             142             143
transaction     262:             143             144
transaction     263:             149             150
transaction     264:              98              99
transaction     265:             104             105
transaction     266:             105             106
transaction     267:             106             107
transaction     268:             107             108
transaction     269:             108             109
transaction     270:             109             110
transaction     271:             110             111
transaction     272:             116             117
transaction     273:             117             118
transaction     274:             118             119
transaction     275:             119             120
transaction     276:             120             121
transaction     277:             121             122
transaction     278:             122             123
transaction     279:             123             124
transaction     280:             129             130
transaction     281:             130             131
transaction     282:             131             132
transaction     283:             132             133
transaction     284:             133             134
transaction     285:             134             135
transaction     286:             135             136
transaction     287:             136             137
transaction     288:             142             143
transaction     289:             143             144
transaction     290:             144             145
transaction     291:             145             146
transaction     292:             146             147
transaction     293:             147             148
transaction     294:             148             149
transaction     295:             149             150
transaction     296:             155             156
transaction     297:             102             103
transaction     298:             108             109
transaction     299:             109             110
transaction     300:             110             111
transaction     301:             111             112
transaction     302:             112             113
transaction     303:             113             114
transaction     304:             114             115
transaction     305:             120             121
transaction     306:             121             122
transaction     307:             122             123
transaction     308:             123             124
transaction     309:             124             125
transaction     310:             125             126
transaction     311:             126             127
transaction     312:             127             128
transaction     313:             133             134
transaction     314:             134             135
transaction     315:             135             136
transaction     316:             136             137
transaction     317:             137             138
transaction     318:             138             139
transaction     319:             139             140
transaction     320:             140             141
transaction     321:             146             147
transaction     322:             147             148
transaction     323:             148             149
transaction     324:             149             150
transaction     325:             150             151
transaction     326:             151             152
transaction     327:             152             153
transaction     328:             153             154
transaction     329:             159             160
transaction     330:             104             105
transaction     331:             110             111
transaction     332:             111             112
transaction     333:             112             113
transaction     334:             113             114
transaction     335:             114             115
transaction     336:             115             116
transaction     337:             116             117
transaction     338:             122             123
transaction     339:             123             124
transaction     340:             124             125
transaction     341:             125             126
transaction     342:             126             127
transaction     343:             127             128
transaction     344:             128             129
transaction     345:             129             130
transaction     346:             135             136
transaction     347:             136             137
transaction     348:             137             138
transaction     349:             138             139
transaction     350:             139             140
transaction     351:             140             141
transaction     352:             141             142
transaction     353:             142             143
transaction     354:             148             149
transaction     355:             149             150
transaction     356:             150             151
transaction     357:             151             152
transaction     358:             152             153
transaction     359:             153             154
transaction     360:             154             155
transaction     361:             155             156
transaction     362:             161             162
transaction     363:             106             107
transaction     364:             112             113
transaction     365:             113             114
transaction     366:             114             115
transaction     367:             115             116
transaction     368:             116             117
transaction     369:             117             118
transaction     370:             118             119
transaction     371:             124             125
transaction     372:             125             126
transaction     373:             126             127
transaction     374:             127             128
transaction     375:             128             129
transaction     376:             129             130
transaction     377:             130             131
transaction     378:             131             132
transaction     379:             137             138
transaction     380:             138             139
transaction     381:             139             140
transaction     382:             140             141
transaction     383:             141             142
transaction     384:             142             143
transaction     385:             143             144
transaction     386:             144             145
transaction     387:             150             151
transaction     388:             151             152
transaction     389:             152             153
transaction     390:             153             154
transaction     391:             154             155
transaction     392:             155             156
transaction     393:             156             157
transaction     394:             157             158
transaction     395:             163             164
transaction     396:             108             109
transaction     397:             114             115
transaction     398:             115             116
transaction     399:             116             117
transaction     400:             117             118
transaction     401:             118             119
transaction     402:             119             120
transaction     403:             120             121
transaction     404:             126             127
transaction     405:             127             128
transaction     406:             128             129
transaction     407:             129             130
transaction     408:             130             131
transaction     409:             131             132
transaction     410:             132             133
transaction     411:             133             134
transaction     412:             139             140
transaction     413:             140             141
transaction     414:             141             142
transaction     415:             142             143
transaction     416:             143             144
transaction     417:             144             145
transaction     418:             145             146
transaction     419:             146             147
transaction     420:             152             153
transaction     421:             153             154
transaction     422:             154             155
transaction     423:             155             156
transaction     424:             156             157
transaction     425:             157             158
transaction     426:             158             159
transaction     427:             159             160
transaction     428:             165             166
transaction     429:             110             111
transaction     430:             116             117
transaction     431:             117             118
transaction     432:             118             119
transaction     433:             119             120
transaction     434:             120             121
transaction     435:             121             122
transaction     436:             122             123
transaction     437:             128             129
transaction     438:             129             130
transaction     439:             130             131
transaction     440:             131             132
transaction     441:             132             133
transaction     442:             133             134
transaction     443:             134             135
transaction     444:             135             136
transaction     445:             141             142
transaction     446:             142             143
transaction     447:             143             144
transaction     448:             144             145
transaction     449:             145             146
transaction     450:             146             147
transaction     451:             147             148
transaction     452:             148             149
transaction     453:             154             155
transaction     454:             155             156
transaction     455:             156             157
transaction     456:             157             158
transaction     457:             158             159
transaction     458:             159             160
transaction     459:             160             161
transaction     460:             161             162
transaction     461:             167             168
transaction     462:             112             113
transaction     463:             118             119
transaction     464:             119             120
transaction     465:             120             121
transaction     466:             121             122
transaction     467:             122             123
transaction     468:             123             124
transaction     469:             124             125
transaction     470:             130             131
transaction     471:             131             132
transaction     472:             132             133
transaction     473:             133             134
transaction     474:             134             135
transaction     475:             135             136
transaction     476:             136             137
transaction     477:             137             138
transaction     478:             143             144
transaction     479:             144             145
transaction     480:             145             146
transaction     481:             146             147
transaction     482:             147             148
transaction     483:             148             149
transaction     484:             149             150
transaction     485:             150             151
transaction     486:             156             157
transaction     487:             157             158
transaction     488:             158             159
transaction     489:             159             160
transaction     490:             160             161
transaction     491:             161             162
transaction     492:             162             163
transaction     493:             163             164
transaction     494:             169             170
transaction     495:             114             115
transaction     496:             120             121
transaction     497:             121             122
transaction     498:             122             123
transaction     499:             123             124
transaction     500:             124             125
transaction     501:             125             126
transaction     502:             126             127
transaction     503:             132             133
transaction     504:             133             134
transaction     505:             134             135
transaction     506:             135             136
transaction     507:             136             137
transaction     508:             137             138
transaction     509:             138             139
transaction     510:             139             140
transaction     511:             145             146
transaction     512:             146             147
transaction     513:             147             148
transaction     514:             148             149
transaction     515:             149             150
transaction     516:             150             151
transaction     517:             151             152
transaction     518:             152             153
transaction     519:             158             159
transaction     520:             159             160
transaction     521:             160             161
transaction     522:             161             162
transaction     523:             162             163
transaction     524:             163             164
transaction     525:             164             165
transaction     526:             165             166
transaction     527:             171             172
transaction     528:             120             121
transaction     529:             126             127
transaction     530:             127             128
transaction     531:             128             129
transaction     532:             129             130
transaction     533:             130             131
transaction     534:             131             132
transaction     535:             132             133
transaction     536:             138             139
transaction     537:             139             140
transaction     538:             140             141
transaction     539:             141             142
transaction     540:             142             143
transaction     541:             143             144
transaction     542:             144             145
transaction     543:             145             146
transaction     544:             151             152
transaction     545:             152             153
transaction     546:             153             154
transaction     547:             154             155
transaction     548:             155             156
transaction     549:             156             157
transaction     550:             157             158
transaction     551:             158             159
transaction     552:             164             165
transaction     553:             165             166
transaction     554:             166             167
transaction     555:             167             168
transaction     556:             168             169
transaction     557:             169             170
transaction     558:             170             171
transaction     559:             171             172
transaction     560:             177             178
transaction     561:             124             125
transaction     562:             130             131
transaction     563:             131             132
transaction     564:             132             133
transaction     565:             133             134
transaction     566:             134             135
transaction     567:             135             136
transaction     568:             136             137
transaction     569:             142             143
transaction     570:             143             144
transaction     571:             144             145
transaction     572:             145             146
transaction     573:             146             147
transaction     574:             147             148
transaction     575:             148             149
transaction     576:             149             150
transaction     577:             155             156
transaction     578:             156             157
transaction     579:             157             158
transaction     580:             158             159
transaction     581:             159             160
transaction     582:             160             161
transaction     583:             161             162
transaction     584:             162             163
transaction     585:             168             169
transaction     586:             169             170
transaction     587:             170             171
transaction     588:             171             172
transaction     589:             172             173
transaction     590:             173             174
transaction     591:             174             175
transaction     592:             175             176
transaction     593:             181             182
transaction     594:             126             127
transaction     595:             132             133
transaction     596:             133             134
transaction     597:             134             135
transaction     598:             135             136
transaction     599:             136             137
transaction     600:             137             138
transaction     601:             138             139
transaction     602:             144             145
transaction     603:             145             146
transaction     604:             146             147
transaction     605:             147             148
transaction     606:             148             149
transaction     607:             149             150
transaction     608:             150             151
transaction     609:             151             152
transaction     610:             157             158
transaction     611:             158             159
transaction     612:             159             160
transaction     613:             160             161
transaction     614:             161             162
transaction     615:             162             163
transaction     616:             163             164
transaction     617:             164             165
transaction     618:             170             171
transaction     619:             171             172
transaction     620:             172             173
transaction     621:             173             174
transaction     622:             174             175
transaction     623:             175             176
transaction     624:             176             177
transaction     625:             177             178
transaction     626:             183             184
transaction     627:             128             129
transaction     628:             134             135
transaction     629:             135             136
transaction     630:             136             137
transaction     631:             137             138
transaction     632:             138             139
transaction     633:             139             140
transaction     634:             140             141
transaction     635:             146             147
transaction     636:             147             148
transaction     637:             148             149
transaction     638:             149             150
transaction     639:             150             151
transaction     640:             151             152
transaction     641:             152             153
transaction     642:             153             154
transaction     643:             159             160
transaction     644:             160             161
transaction     645:             161             162
transaction     646:             162             163
transaction     647:             163             164
transaction     648:             164             165
transaction     649:             165             166
transaction     650:             166             167
transaction     651:             172             173
transaction     652:             173             174
transaction     653:             174             175
transaction     654:             175             176
transaction     655:             176             177
transaction     656:             177             178
transaction     657:             178             179
transaction     658:             179             180
transaction     659:             185             186
transaction     660:             130             131
transaction     661:             136             137
transaction     662:             137             138
transaction     663:             138             139
transaction     664:             139             140
transaction     665:             140             141
transaction     666:             141             142
transaction     667:             142             143
transaction     668:             148             149
transaction     669:             149             150
transaction     670:             150             151
transaction     671:             151             152
transaction     672:             152             153
transaction     673:             153             154
transaction     674:             154             155
transaction     675:             155             156
transaction     676:             161             162
transaction     677:             162             163
transaction     678:             163             164
transaction     679:             164             165
transaction     680:             165             166
transaction     681:             166             167
transaction     682:             167             168
transaction     683:             168             169
transaction     684:             174             175
transaction     685:             175             176
transaction     686:             176             177
transaction     687:             177             178
transaction     688:             178             179
transaction     689:             179             180
transaction     690:             180             181
transaction     691:             181             182
transaction     692:             187             188
transaction     693:             132             133
transaction     694:             138             139
transaction     695:             139             140
transaction     696:             140             141
transaction     697:             141             142
transaction     698:             142             143
transaction     699:             143             144
transaction     700:             144             145
transaction     701:             150             151
transaction     702:             151             152
transaction     703:             152             153
transaction     704:             153             154
transaction     705:             154             155
transaction     706:             155             156
transaction     707:             156             157
transaction     708:             157             158
transaction     709:             163             164
transaction     710:             164             165
transaction     711:             165             166
transaction     712:             166             167
transaction     713:             167             168
transaction     714:             168             169
transaction     715:             169             170
transaction     716:             170             171
transaction     717:             176             177
transaction     718:             177             178
transaction     719:             178             179
transaction     720:             179             180
transaction     721:             180             181
transaction     722:             181             182
transaction     723:             182             183
transaction     724:             183             184
transaction     725:             189             190
transaction     726:             134             135
transaction     727:             140             141
transaction     728:             141             142
transaction     729:             142             143
transaction     730:             143             144
transaction     731:             144             145
transaction     732:             145             146
transaction     733:             146             147
transaction     734:             152             153
transaction     735:             153             154
transaction     736:             154             155
transaction     737:             155             156
transaction     738:             156             157
transaction     739:             157             158
transaction     740:             158             159
transaction     741:             159             160
transaction     742:             165             166
transaction     743:             166             167
transaction     744:             167             168
transaction     745:             168             169
transaction     746:             169             170
transaction     747:             170             171
transaction     748:             171             172
transaction     749:             172             173
transaction     750:             178             179
transaction     751:             179             180
transaction     752:             180             181
transaction     753:             181             182
transaction     754:             182             183
transaction     755:             183             184
transaction     756:             184             185
transaction     757:             185             186
transaction     758:             191             192
transaction     759:             136             137
transaction     760:             142             143
transaction     761:             143             144
transaction     762:             144             145
transaction     763:             145             146
transaction     764:             146             147
transaction     765:             147             148
transaction     766:             148             149
transaction     767:             154             155
transaction     768:             155             156
transaction     769:             156             157
transaction     770:             157             158
transaction     771:             158             159
transaction     772:             159             160
transaction     773:             160             161
transaction     774:             161             162
transaction     775:             167             168
transaction     776:             168             169
transaction     777:             169             170
transaction     778:             170             171
transaction     779:             171             172
transaction     780:             172             173
transaction     781:             173             174
transaction     782:             174             175
transaction     783:             180             181
transaction     784:             181             182
transaction     785:             182             183
transaction     786:             183             184
transaction     787:             184             185
transaction     788:             185             186
transaction     789:             186             187
transaction     790:             187             188
transaction     791:             193             194
transaction     792:             142             143
transaction     793:             148             149
transaction     794:             149             150
transaction     795:             150             151
transaction     796:             151             152
transaction     797:             152             153
transaction     798:             153             154
transaction     799:             154             155
transaction     800:             160             161
transaction     801:             161             162
transaction     802:             162             163
transaction     803:             163             164
transaction     804:             164             165
transaction     805:             165             166
transaction     806:             166             167
transaction     807:             167             168
transaction     808:             173             174
transaction     809:             174             175
transaction     810:             175             176
transaction     811:             176             177
transaction     812:             177             178
transaction     813:             178             179
transaction     814:             179             180
transaction     815:             180             181
transaction     816:             186             187
transaction     817:             187             188
transaction     818:             188             189
transaction     819:             189             190
transaction     820:             190             191
transaction     821:             191             192
transaction     822:             192             193
transaction     823:             193             194
transaction     824:             199             200
transaction     825:             146             147
transaction     826:             152             153
transaction     827:             153             154
transaction     828:             154             155
transaction     829:             155             156
transaction     830:             156             157
transaction     831:             157             158
transaction     832:             158             159
transaction     833:             164             165
transaction     834:             165             166
transaction     835:             166             167
transaction     836:             167             168
transaction     837:             168             169
transaction     838:             169             170
transaction     839:             170             171
transaction     840:             171             172
transaction     841:             177             178
transaction     842:             178             179
transaction     843:             179             180
transaction     844:             180             181
transaction     845:             181             182
transaction     846:             182             183
transaction     847:             183             184
transaction     848:             184             185
transaction     849:             190             191
transaction     850:             191             192
transaction     851:             192             193
transaction     852:             193             194
transaction     853:             194             195
transaction     854:             195             196
transaction     855:             196             197
transaction     856:             197             198
transaction     857:             203             204
transaction     858:             148             149
transaction     859:             154             155
transaction     860:             155             156
transaction     861:             156             157
transaction     862:             157             158
transaction     863:             158             159
transaction     864:             159             160
transaction     865:             160             161
transaction     866:             166             167
transaction     867:             167             168
transaction     868:             168             169
transaction     869:             169             170
transaction     870:             170             171
transaction     871:             171             172
transaction     872:             172             173
transaction     873:             173             174
transaction     874:             179             180
transaction     875:             180             181
transaction     876:             181             182
transaction     877:             182             183
transaction     878:             183             184
transaction     879:             184             185
transaction     880:             185             186
transaction     881:             186             187
transaction     882:             192             193
transaction     883:             193             194
transaction     884:             194             195
transaction     885:             195             196
transaction     886:             196             197
transaction     887:             197             198
transaction     888:             198             199
transaction     889:             199             200
transaction     890:             205             206
transaction     891:             150             151
transaction     892:             156             157
transaction     893:             157             158
transaction     894:             158             159
transaction     895:             159             160
transaction     896:             160             161
transaction     897:             161             162
transaction     898:             162             163
transaction     899:             168             169
transaction     900:             169             170
transaction     901:             170             171
transaction     902:             171             172
transaction     903:             172             173
transaction     904:             173             174
transaction     905:             174             175
transaction     906:             175             176
transaction     907:             181             182
transaction     908:             182             183
transaction     909:             183             184
transaction     910:             184             185
transaction     911:             185             186
transaction     912:             186             187
transaction     913:             187             188
transaction     914:             188             189
transaction     915:             194             195
transaction     916:             195             196
transaction     917:             196             197
transaction     918:             197             198
transaction     919:             198             199
transaction     920:             199             200
transaction     921:             200             201
transaction     922:             201             202
transaction     923:             207             208
transaction     924:             152             153
transaction     925:             158             159
transaction     926:             159             160
transaction     927:             160             161
transaction     928:             161             162
transaction     929:             162             163
transaction     930:             163             164
transaction     931:             164             165
transaction     932:             170             171
transaction     933:             171             172
transaction     934:             172             173
transaction     935:             173             174
transaction     936:             174             175
transaction     937:             175             176
transaction     938:             176             177
transaction     939:             177             178
transaction     940:             183             184
transaction     941:             184             185
transaction     942:             185             186
transaction     943:             186             187
transaction     944:             187             188
transaction     945:             188             189
transaction     946:             189             190
transaction     947:             190             191
transaction     948:             196             197
transaction     949:             197             198
transaction     950:             198             199
transaction     951:             199             200
transaction     952:             200             201
transaction     953:             201             202
transaction     954:             202             203
transaction     955:             203             204
transaction     956:             209             210
transaction     957:             154             155
transaction     958:             160             161
transaction     959:             161             162
transaction     960:             162             163
transaction     961:             163             164
transaction     962:             164             165
transaction     963:             165             166
transaction     964:             166             167
transaction     965:             172             173
transaction     966:             173             174
transaction     967:             174             175
transaction     968:             175             176
transaction     969:             176             177
transaction     970:             177             178
transaction     971:             178             179
transaction     972:             179             180
transaction     973:             185             186
transaction     974:             186             187
transaction     975:             187             188
transaction     976:             188             189
transaction     977:             189             190
transaction     978:             190             191
transaction     979:             191             192
transaction     980:             192             193
transaction     981:             198             199
transaction     982:             199             200
transaction     983:             200             201
transaction     984:             201             202
transaction     985:             202             203
transaction     986:             203             204
transaction     987:             204             205
transaction     988:             205             206
transaction     989:             211             212
transaction     990:             156             157
transaction     991:             162             163
transaction     992:             163             164
transaction     993:             164             165
transaction     994:             165             166
transaction     995:             166             167
transaction     996:             167             168
transaction     997:             168             169
transaction     998:             174             175
transaction     999:             175             176
transaction    1000:             176             177
transaction    1001:             177             178
transaction    1002:             178             179
transaction    1003:             179             180
transaction    1004:             180             181
transaction    1005:             181             182
transaction    1006:             187             188
transaction    1007:             188             189
transaction    1008:             189             190
transaction    1009:             190             191
transaction    1010:             191             192
transaction    1011:             192             193
transaction    1012:             193             194
transaction    1013:             194             195
transaction    1014:             200             201
transaction    1015:             201             202
transaction    1016:             202             203
transaction    1017:             203             204
transaction    1018:             204             205
transaction    1019:             205             206
transaction    1020:             206             207
transaction    1021:             207             208
transaction    1022:             213             214
transaction    1023:             158             159
transaction    1024:             164             165
transaction    1025:             165             166
transaction    1026:             166             167
transaction    1027:             167             168
transaction    1028:             168             169
transaction    1029:             169             170
transaction    1030:             170             171
transaction    1031:             176             177
transaction    1032:             177             178
transaction    1033:             178             179
transaction    1034:             179             180
transaction    1035:             180             181
transaction    1036:             181             182
transaction    1037:             182             183
transaction    1038:             183             184
transaction    1039:             189             190
transaction    1040:             190             191
transaction    1041:             191             192
transaction    1042:             192             193
transaction    1043:             193             194
transaction    1044:             194             195
transaction    1045:             195             196
transaction    1046:             196             197
transaction    1047:             202             203
transaction    1048:             203             204
transaction    1049:             204             205
transaction    1050:             205             206
transaction    1051:             206             207
transaction    1052:             207             208
transaction    1053:             208             209
transaction    1054:             209             210
transaction    1055:             215             216
transaction    1056:             164             165
transaction    1057:             170             171
transaction    1058:             171             172
transaction    1059:             172             173
transaction    1060:             173             174
transaction    1061:             174             175
transaction    1062:             175             176
transaction    1063:             176             177
transaction    1064:             182             183
transaction    1065:             183             184
transaction    1066:             184             185
transaction    1067:             185             186
transaction    1068:             186             187
transaction    1069:             187             188
transaction    1070:             188             189
transaction    1071:             189             190
transaction    1072:             195             196
transaction    1073:             196             197
transaction    1074:             197             198
transaction    1075:             198             199
transaction    1076:             199             200
transaction    1077:             200             201
transaction    1078:             201             202
transaction    1079:             202             203
transaction    1080:             208             209
transaction    1081:             209             210
transaction    1082:             210             211
transaction    1083:             211             212
transaction    1084:             212             213
transaction    1085:             213             214
transaction    1086:             214             215
transaction    1087:             215             216
transaction    1088:             221               x
