#-----------------------------------------------------------
# xsim v2021.2 (64-bit)
# SW Build 3367213 on Tue Oct 19 02:48:09 MDT 2021
# IP Build 3369179 on Thu Oct 21 08:25:16 MDT 2021
# Start of session at: Tue Apr  5 16:05:42 2022
# Process ID: 15844
# Current directory: H:/home/Documents/Git/PII-2022-Grazzani-Rogora-Zaffiretti/solution1/sim/verilog
# Command line: xsim.exe -mode tcl -source {xsim.dir/crypto_aead_encrypt_h/xsim_script.tcl}
# Log file: H:/home/Documents/Git/PII-2022-Grazzani-Rogora-Zaffiretti/solution1/sim/verilog/xsim.log
# Journal file: H:/home/Documents/Git/PII-2022-Grazzani-Rogora-Zaffiretti/solution1/sim/verilog\xsim.jou
# Running On: rosa, OS: Windows, CPU Frequency: 3700 MHz, CPU Physical cores: 12, Host memory: 17102 MB
#-----------------------------------------------------------
source xsim.dir/crypto_aead_encrypt_h/xsim_script.tcl
# xsim {crypto_aead_encrypt_h} -autoloadwcfg -tclbatch {crypto_aead_encrypt_h.tcl}
Time resolution is 1 ps
source crypto_aead_encrypt_h.tcl
## run all
////////////////////////////////////////////////////////////////////////////////////
// Inter-Transaction Progress: Completed Transaction / Total Transaction
// Intra-Transaction Progress: Measured Latency / Latency Estimation * 100%
//
// RTL Simulation : "Inter-Transaction Progress" ["Intra-Transaction Progress"] @ "Simulation Time"
////////////////////////////////////////////////////////////////////////////////////
// RTL Simulation : 0 / 1089 [n/a] @ "125000"
// RTL Simulation : 1 / 1089 [n/a] @ "695000"
// RTL Simulation : 2 / 1089 [n/a] @ "1315000"
// RTL Simulation : 3 / 1089 [n/a] @ "1945000"
// RTL Simulation : 4 / 1089 [n/a] @ "2585000"
// RTL Simulation : 5 / 1089 [n/a] @ "3235000"
// RTL Simulation : 6 / 1089 [n/a] @ "3895000"
// RTL Simulation : 7 / 1089 [n/a] @ "4565000"
// RTL Simulation : 8 / 1089 [n/a] @ "5245000"
// RTL Simulation : 9 / 1089 [n/a] @ "5985000"
// RTL Simulation : 10 / 1089 [n/a] @ "6735000"
// RTL Simulation : 11 / 1089 [n/a] @ "7495000"
// RTL Simulation : 12 / 1089 [n/a] @ "8265000"
// RTL Simulation : 13 / 1089 [n/a] @ "9045000"
// RTL Simulation : 14 / 1089 [n/a] @ "9835000"
// RTL Simulation : 15 / 1089 [n/a] @ "10635000"
// RTL Simulation : 16 / 1089 [n/a] @ "11445000"
// RTL Simulation : 17 / 1089 [n/a] @ "12315000"
// RTL Simulation : 18 / 1089 [n/a] @ "13195000"
// RTL Simulation : 19 / 1089 [n/a] @ "14085000"
// RTL Simulation : 20 / 1089 [n/a] @ "14985000"
// RTL Simulation : 21 / 1089 [n/a] @ "15895000"
// RTL Simulation : 22 / 1089 [n/a] @ "16815000"
// RTL Simulation : 23 / 1089 [n/a] @ "17745000"
// RTL Simulation : 24 / 1089 [n/a] @ "18685000"
// RTL Simulation : 25 / 1089 [n/a] @ "19685000"
// RTL Simulation : 26 / 1089 [n/a] @ "20695000"
// RTL Simulation : 27 / 1089 [n/a] @ "21715000"
// RTL Simulation : 28 / 1089 [n/a] @ "22745000"
// RTL Simulation : 29 / 1089 [n/a] @ "23785000"
// RTL Simulation : 30 / 1089 [n/a] @ "24835000"
// RTL Simulation : 31 / 1089 [n/a] @ "25895000"
// RTL Simulation : 32 / 1089 [n/a] @ "26965000"
// RTL Simulation : 33 / 1089 [n/a] @ "28095000"
// RTL Simulation : 34 / 1089 [n/a] @ "28675000"
// RTL Simulation : 35 / 1089 [n/a] @ "29315000"
// RTL Simulation : 36 / 1089 [n/a] @ "29965000"
// RTL Simulation : 37 / 1089 [n/a] @ "30625000"
// RTL Simulation : 38 / 1089 [n/a] @ "31295000"
// RTL Simulation : 39 / 1089 [n/a] @ "31975000"
// RTL Simulation : 40 / 1089 [n/a] @ "32665000"
// RTL Simulation : 41 / 1089 [n/a] @ "33365000"
// RTL Simulation : 42 / 1089 [n/a] @ "34125000"
// RTL Simulation : 43 / 1089 [n/a] @ "34895000"
// RTL Simulation : 44 / 1089 [n/a] @ "35675000"
// RTL Simulation : 45 / 1089 [n/a] @ "36465000"
// RTL Simulation : 46 / 1089 [n/a] @ "37265000"
// RTL Simulation : 47 / 1089 [n/a] @ "38075000"
// RTL Simulation : 48 / 1089 [n/a] @ "38895000"
// RTL Simulation : 49 / 1089 [n/a] @ "39725000"
// RTL Simulation : 50 / 1089 [n/a] @ "40615000"
// RTL Simulation : 51 / 1089 [n/a] @ "41515000"
// RTL Simulation : 52 / 1089 [n/a] @ "42425000"
// RTL Simulation : 53 / 1089 [n/a] @ "43345000"
// RTL Simulation : 54 / 1089 [n/a] @ "44275000"
// RTL Simulation : 55 / 1089 [n/a] @ "45215000"
// RTL Simulation : 56 / 1089 [n/a] @ "46165000"
// RTL Simulation : 57 / 1089 [n/a] @ "47125000"
// RTL Simulation : 58 / 1089 [n/a] @ "48145000"
// RTL Simulation : 59 / 1089 [n/a] @ "49175000"
// RTL Simulation : 60 / 1089 [n/a] @ "50215000"
// RTL Simulation : 61 / 1089 [n/a] @ "51265000"
// RTL Simulation : 62 / 1089 [n/a] @ "52325000"
// RTL Simulation : 63 / 1089 [n/a] @ "53395000"
// RTL Simulation : 64 / 1089 [n/a] @ "54475000"
// RTL Simulation : 65 / 1089 [n/a] @ "55565000"
// RTL Simulation : 66 / 1089 [n/a] @ "56715000"
// RTL Simulation : 67 / 1089 [n/a] @ "57315000"
// RTL Simulation : 68 / 1089 [n/a] @ "57975000"
// RTL Simulation : 69 / 1089 [n/a] @ "58645000"
// RTL Simulation : 70 / 1089 [n/a] @ "59325000"
// RTL Simulation : 71 / 1089 [n/a] @ "60015000"
// RTL Simulation : 72 / 1089 [n/a] @ "60715000"
// RTL Simulation : 73 / 1089 [n/a] @ "61425000"
// RTL Simulation : 74 / 1089 [n/a] @ "62145000"
// RTL Simulation : 75 / 1089 [n/a] @ "62925000"
// RTL Simulation : 76 / 1089 [n/a] @ "63715000"
// RTL Simulation : 77 / 1089 [n/a] @ "64515000"
// RTL Simulation : 78 / 1089 [n/a] @ "65325000"
// RTL Simulation : 79 / 1089 [n/a] @ "66145000"
// RTL Simulation : 80 / 1089 [n/a] @ "66975000"
// RTL Simulation : 81 / 1089 [n/a] @ "67815000"
// RTL Simulation : 82 / 1089 [n/a] @ "68665000"
// RTL Simulation : 83 / 1089 [n/a] @ "69575000"
// RTL Simulation : 84 / 1089 [n/a] @ "70495000"
// RTL Simulation : 85 / 1089 [n/a] @ "71425000"
// RTL Simulation : 86 / 1089 [n/a] @ "72365000"
// RTL Simulation : 87 / 1089 [n/a] @ "73315000"
// RTL Simulation : 88 / 1089 [n/a] @ "74275000"
// RTL Simulation : 89 / 1089 [n/a] @ "75245000"
// RTL Simulation : 90 / 1089 [n/a] @ "76225000"
// RTL Simulation : 91 / 1089 [n/a] @ "77265000"
// RTL Simulation : 92 / 1089 [n/a] @ "78315000"
// RTL Simulation : 93 / 1089 [n/a] @ "79375000"
// RTL Simulation : 94 / 1089 [n/a] @ "80445000"
// RTL Simulation : 95 / 1089 [n/a] @ "81525000"
// RTL Simulation : 96 / 1089 [n/a] @ "82615000"
// RTL Simulation : 97 / 1089 [n/a] @ "83715000"
// RTL Simulation : 98 / 1089 [n/a] @ "84825000"
// RTL Simulation : 99 / 1089 [n/a] @ "85995000"
// RTL Simulation : 100 / 1089 [n/a] @ "86615000"
// RTL Simulation : 101 / 1089 [n/a] @ "87295000"
// RTL Simulation : 102 / 1089 [n/a] @ "87985000"
// RTL Simulation : 103 / 1089 [n/a] @ "88685000"
// RTL Simulation : 104 / 1089 [n/a] @ "89395000"
// RTL Simulation : 105 / 1089 [n/a] @ "90115000"
// RTL Simulation : 106 / 1089 [n/a] @ "90845000"
// RTL Simulation : 107 / 1089 [n/a] @ "91585000"
// RTL Simulation : 108 / 1089 [n/a] @ "92385000"
// RTL Simulation : 109 / 1089 [n/a] @ "93195000"
// RTL Simulation : 110 / 1089 [n/a] @ "94015000"
// RTL Simulation : 111 / 1089 [n/a] @ "94845000"
// RTL Simulation : 112 / 1089 [n/a] @ "95685000"
// RTL Simulation : 113 / 1089 [n/a] @ "96535000"
// RTL Simulation : 114 / 1089 [n/a] @ "97395000"
// RTL Simulation : 115 / 1089 [n/a] @ "98265000"
// RTL Simulation : 116 / 1089 [n/a] @ "99195000"
// RTL Simulation : 117 / 1089 [n/a] @ "100135000"
// RTL Simulation : 118 / 1089 [n/a] @ "101085000"
// RTL Simulation : 119 / 1089 [n/a] @ "102045000"
// RTL Simulation : 120 / 1089 [n/a] @ "103015000"
// RTL Simulation : 121 / 1089 [n/a] @ "103995000"
// RTL Simulation : 122 / 1089 [n/a] @ "104985000"
// RTL Simulation : 123 / 1089 [n/a] @ "105985000"
// RTL Simulation : 124 / 1089 [n/a] @ "107045000"
// RTL Simulation : 125 / 1089 [n/a] @ "108115000"
// RTL Simulation : 126 / 1089 [n/a] @ "109195000"
// RTL Simulation : 127 / 1089 [n/a] @ "110285000"
// RTL Simulation : 128 / 1089 [n/a] @ "111385000"
// RTL Simulation : 129 / 1089 [n/a] @ "112495000"
// RTL Simulation : 130 / 1089 [n/a] @ "113615000"
// RTL Simulation : 131 / 1089 [n/a] @ "114745000"
// RTL Simulation : 132 / 1089 [n/a] @ "115935000"
// RTL Simulation : 133 / 1089 [n/a] @ "116575000"
// RTL Simulation : 134 / 1089 [n/a] @ "117275000"
// RTL Simulation : 135 / 1089 [n/a] @ "117985000"
// RTL Simulation : 136 / 1089 [n/a] @ "118705000"
// RTL Simulation : 137 / 1089 [n/a] @ "119435000"
// RTL Simulation : 138 / 1089 [n/a] @ "120175000"
// RTL Simulation : 139 / 1089 [n/a] @ "120925000"
// RTL Simulation : 140 / 1089 [n/a] @ "121685000"
// RTL Simulation : 141 / 1089 [n/a] @ "122505000"
// RTL Simulation : 142 / 1089 [n/a] @ "123335000"
// RTL Simulation : 143 / 1089 [n/a] @ "124175000"
// RTL Simulation : 144 / 1089 [n/a] @ "125025000"
// RTL Simulation : 145 / 1089 [n/a] @ "125885000"
// RTL Simulation : 146 / 1089 [n/a] @ "126755000"
// RTL Simulation : 147 / 1089 [n/a] @ "127635000"
// RTL Simulation : 148 / 1089 [n/a] @ "128525000"
// RTL Simulation : 149 / 1089 [n/a] @ "129475000"
// RTL Simulation : 150 / 1089 [n/a] @ "130435000"
// RTL Simulation : 151 / 1089 [n/a] @ "131405000"
// RTL Simulation : 152 / 1089 [n/a] @ "132385000"
// RTL Simulation : 153 / 1089 [n/a] @ "133375000"
// RTL Simulation : 154 / 1089 [n/a] @ "134375000"
// RTL Simulation : 155 / 1089 [n/a] @ "135385000"
// RTL Simulation : 156 / 1089 [n/a] @ "136405000"
// RTL Simulation : 157 / 1089 [n/a] @ "137485000"
// RTL Simulation : 158 / 1089 [n/a] @ "138575000"
// RTL Simulation : 159 / 1089 [n/a] @ "139675000"
// RTL Simulation : 160 / 1089 [n/a] @ "140785000"
// RTL Simulation : 161 / 1089 [n/a] @ "141905000"
// RTL Simulation : 162 / 1089 [n/a] @ "143035000"
// RTL Simulation : 163 / 1089 [n/a] @ "144175000"
// RTL Simulation : 164 / 1089 [n/a] @ "145325000"
// RTL Simulation : 165 / 1089 [n/a] @ "146535000"
// RTL Simulation : 166 / 1089 [n/a] @ "147195000"
// RTL Simulation : 167 / 1089 [n/a] @ "147915000"
// RTL Simulation : 168 / 1089 [n/a] @ "148645000"
// RTL Simulation : 169 / 1089 [n/a] @ "149385000"
// RTL Simulation : 170 / 1089 [n/a] @ "150135000"
// RTL Simulation : 171 / 1089 [n/a] @ "150895000"
// RTL Simulation : 172 / 1089 [n/a] @ "151665000"
// RTL Simulation : 173 / 1089 [n/a] @ "152445000"
// RTL Simulation : 174 / 1089 [n/a] @ "153285000"
// RTL Simulation : 175 / 1089 [n/a] @ "154135000"
// RTL Simulation : 176 / 1089 [n/a] @ "154995000"
// RTL Simulation : 177 / 1089 [n/a] @ "155865000"
// RTL Simulation : 178 / 1089 [n/a] @ "156745000"
// RTL Simulation : 179 / 1089 [n/a] @ "157635000"
// RTL Simulation : 180 / 1089 [n/a] @ "158535000"
// RTL Simulation : 181 / 1089 [n/a] @ "159445000"
// RTL Simulation : 182 / 1089 [n/a] @ "160415000"
// RTL Simulation : 183 / 1089 [n/a] @ "161395000"
// RTL Simulation : 184 / 1089 [n/a] @ "162385000"
// RTL Simulation : 185 / 1089 [n/a] @ "163385000"
// RTL Simulation : 186 / 1089 [n/a] @ "164395000"
// RTL Simulation : 187 / 1089 [n/a] @ "165415000"
// RTL Simulation : 188 / 1089 [n/a] @ "166445000"
// RTL Simulation : 189 / 1089 [n/a] @ "167485000"
// RTL Simulation : 190 / 1089 [n/a] @ "168585000"
// RTL Simulation : 191 / 1089 [n/a] @ "169695000"
// RTL Simulation : 192 / 1089 [n/a] @ "170815000"
// RTL Simulation : 193 / 1089 [n/a] @ "171945000"
// RTL Simulation : 194 / 1089 [n/a] @ "173085000"
// RTL Simulation : 195 / 1089 [n/a] @ "174235000"
// RTL Simulation : 196 / 1089 [n/a] @ "175395000"
// RTL Simulation : 197 / 1089 [n/a] @ "176565000"
// RTL Simulation : 198 / 1089 [n/a] @ "177795000"
// RTL Simulation : 199 / 1089 [n/a] @ "178475000"
// RTL Simulation : 200 / 1089 [n/a] @ "179215000"
// RTL Simulation : 201 / 1089 [n/a] @ "179965000"
// RTL Simulation : 202 / 1089 [n/a] @ "180725000"
// RTL Simulation : 203 / 1089 [n/a] @ "181495000"
// RTL Simulation : 204 / 1089 [n/a] @ "182275000"
// RTL Simulation : 205 / 1089 [n/a] @ "183065000"
// RTL Simulation : 206 / 1089 [n/a] @ "183865000"
// RTL Simulation : 207 / 1089 [n/a] @ "184725000"
// RTL Simulation : 208 / 1089 [n/a] @ "185595000"
// RTL Simulation : 209 / 1089 [n/a] @ "186475000"
// RTL Simulation : 210 / 1089 [n/a] @ "187365000"
// RTL Simulation : 211 / 1089 [n/a] @ "188265000"
// RTL Simulation : 212 / 1089 [n/a] @ "189175000"
// RTL Simulation : 213 / 1089 [n/a] @ "190095000"
// RTL Simulation : 214 / 1089 [n/a] @ "191025000"
// RTL Simulation : 215 / 1089 [n/a] @ "192015000"
// RTL Simulation : 216 / 1089 [n/a] @ "193015000"
// RTL Simulation : 217 / 1089 [n/a] @ "194025000"
// RTL Simulation : 218 / 1089 [n/a] @ "195045000"
// RTL Simulation : 219 / 1089 [n/a] @ "196075000"
// RTL Simulation : 220 / 1089 [n/a] @ "197115000"
// RTL Simulation : 221 / 1089 [n/a] @ "198165000"
// RTL Simulation : 222 / 1089 [n/a] @ "199225000"
// RTL Simulation : 223 / 1089 [n/a] @ "200345000"
// RTL Simulation : 224 / 1089 [n/a] @ "201475000"
// RTL Simulation : 225 / 1089 [n/a] @ "202615000"
// RTL Simulation : 226 / 1089 [n/a] @ "203765000"
// RTL Simulation : 227 / 1089 [n/a] @ "204925000"
// RTL Simulation : 228 / 1089 [n/a] @ "206095000"
// RTL Simulation : 229 / 1089 [n/a] @ "207275000"
// RTL Simulation : 230 / 1089 [n/a] @ "208465000"
// RTL Simulation : 231 / 1089 [n/a] @ "209715000"
// RTL Simulation : 232 / 1089 [n/a] @ "210415000"
// RTL Simulation : 233 / 1089 [n/a] @ "211175000"
// RTL Simulation : 234 / 1089 [n/a] @ "211945000"
// RTL Simulation : 235 / 1089 [n/a] @ "212725000"
// RTL Simulation : 236 / 1089 [n/a] @ "213515000"
// RTL Simulation : 237 / 1089 [n/a] @ "214315000"
// RTL Simulation : 238 / 1089 [n/a] @ "215125000"
// RTL Simulation : 239 / 1089 [n/a] @ "215945000"
// RTL Simulation : 240 / 1089 [n/a] @ "216825000"
// RTL Simulation : 241 / 1089 [n/a] @ "217715000"
// RTL Simulation : 242 / 1089 [n/a] @ "218615000"
// RTL Simulation : 243 / 1089 [n/a] @ "219525000"
// RTL Simulation : 244 / 1089 [n/a] @ "220445000"
// RTL Simulation : 245 / 1089 [n/a] @ "221375000"
// RTL Simulation : 246 / 1089 [n/a] @ "222315000"
// RTL Simulation : 247 / 1089 [n/a] @ "223265000"
// RTL Simulation : 248 / 1089 [n/a] @ "224275000"
// RTL Simulation : 249 / 1089 [n/a] @ "225295000"
// RTL Simulation : 250 / 1089 [n/a] @ "226325000"
// RTL Simulation : 251 / 1089 [n/a] @ "227365000"
// RTL Simulation : 252 / 1089 [n/a] @ "228415000"
// RTL Simulation : 253 / 1089 [n/a] @ "229475000"
// RTL Simulation : 254 / 1089 [n/a] @ "230545000"
// RTL Simulation : 255 / 1089 [n/a] @ "231625000"
// RTL Simulation : 256 / 1089 [n/a] @ "232765000"
// RTL Simulation : 257 / 1089 [n/a] @ "233915000"
// RTL Simulation : 258 / 1089 [n/a] @ "235075000"
// RTL Simulation : 259 / 1089 [n/a] @ "236245000"
// RTL Simulation : 260 / 1089 [n/a] @ "237425000"
// RTL Simulation : 261 / 1089 [n/a] @ "238615000"
// RTL Simulation : 262 / 1089 [n/a] @ "239815000"
// RTL Simulation : 263 / 1089 [n/a] @ "241025000"
// RTL Simulation : 264 / 1089 [n/a] @ "242295000"
// RTL Simulation : 265 / 1089 [n/a] @ "243075000"
// RTL Simulation : 266 / 1089 [n/a] @ "243915000"
// RTL Simulation : 267 / 1089 [n/a] @ "244765000"
// RTL Simulation : 268 / 1089 [n/a] @ "245625000"
// RTL Simulation : 269 / 1089 [n/a] @ "246495000"
// RTL Simulation : 270 / 1089 [n/a] @ "247375000"
// RTL Simulation : 271 / 1089 [n/a] @ "248265000"
// RTL Simulation : 272 / 1089 [n/a] @ "249165000"
// RTL Simulation : 273 / 1089 [n/a] @ "250125000"
// RTL Simulation : 274 / 1089 [n/a] @ "251095000"
// RTL Simulation : 275 / 1089 [n/a] @ "252075000"
// RTL Simulation : 276 / 1089 [n/a] @ "253065000"
// RTL Simulation : 277 / 1089 [n/a] @ "254065000"
// RTL Simulation : 278 / 1089 [n/a] @ "255075000"
// RTL Simulation : 279 / 1089 [n/a] @ "256095000"
// RTL Simulation : 280 / 1089 [n/a] @ "257125000"
// RTL Simulation : 281 / 1089 [n/a] @ "258215000"
// RTL Simulation : 282 / 1089 [n/a] @ "259315000"
// RTL Simulation : 283 / 1089 [n/a] @ "260425000"
// RTL Simulation : 284 / 1089 [n/a] @ "261545000"
// RTL Simulation : 285 / 1089 [n/a] @ "262675000"
// RTL Simulation : 286 / 1089 [n/a] @ "263815000"
// RTL Simulation : 287 / 1089 [n/a] @ "264965000"
// RTL Simulation : 288 / 1089 [n/a] @ "266125000"
// RTL Simulation : 289 / 1089 [n/a] @ "267345000"
// RTL Simulation : 290 / 1089 [n/a] @ "268575000"
// RTL Simulation : 291 / 1089 [n/a] @ "269815000"
// RTL Simulation : 292 / 1089 [n/a] @ "271065000"
// RTL Simulation : 293 / 1089 [n/a] @ "272325000"
// RTL Simulation : 294 / 1089 [n/a] @ "273595000"
// RTL Simulation : 295 / 1089 [n/a] @ "274875000"
// RTL Simulation : 296 / 1089 [n/a] @ "276165000"
// RTL Simulation : 297 / 1089 [n/a] @ "277515000"
// RTL Simulation : 298 / 1089 [n/a] @ "278315000"
// RTL Simulation : 299 / 1089 [n/a] @ "279175000"
// RTL Simulation : 300 / 1089 [n/a] @ "280045000"
// RTL Simulation : 301 / 1089 [n/a] @ "280925000"
// RTL Simulation : 302 / 1089 [n/a] @ "281815000"
// RTL Simulation : 303 / 1089 [n/a] @ "282715000"
// RTL Simulation : 304 / 1089 [n/a] @ "283625000"
// RTL Simulation : 305 / 1089 [n/a] @ "284545000"
// RTL Simulation : 306 / 1089 [n/a] @ "285525000"
// RTL Simulation : 307 / 1089 [n/a] @ "286515000"
// RTL Simulation : 308 / 1089 [n/a] @ "287515000"
// RTL Simulation : 309 / 1089 [n/a] @ "288525000"
// RTL Simulation : 310 / 1089 [n/a] @ "289545000"
// RTL Simulation : 311 / 1089 [n/a] @ "290575000"
// RTL Simulation : 312 / 1089 [n/a] @ "291615000"
// RTL Simulation : 313 / 1089 [n/a] @ "292665000"
// RTL Simulation : 314 / 1089 [n/a] @ "293775000"
// RTL Simulation : 315 / 1089 [n/a] @ "294895000"
// RTL Simulation : 316 / 1089 [n/a] @ "296025000"
// RTL Simulation : 317 / 1089 [n/a] @ "297165000"
// RTL Simulation : 318 / 1089 [n/a] @ "298315000"
// RTL Simulation : 319 / 1089 [n/a] @ "299475000"
// RTL Simulation : 320 / 1089 [n/a] @ "300645000"
// RTL Simulation : 321 / 1089 [n/a] @ "301825000"
// RTL Simulation : 322 / 1089 [n/a] @ "303065000"
// RTL Simulation : 323 / 1089 [n/a] @ "304315000"
// RTL Simulation : 324 / 1089 [n/a] @ "305575000"
// RTL Simulation : 325 / 1089 [n/a] @ "306845000"
// RTL Simulation : 326 / 1089 [n/a] @ "308125000"
// RTL Simulation : 327 / 1089 [n/a] @ "309415000"
// RTL Simulation : 328 / 1089 [n/a] @ "310715000"
// RTL Simulation : 329 / 1089 [n/a] @ "312025000"
// RTL Simulation : 330 / 1089 [n/a] @ "313395000"
// RTL Simulation : 331 / 1089 [n/a] @ "314215000"
// RTL Simulation : 332 / 1089 [n/a] @ "315095000"
// RTL Simulation : 333 / 1089 [n/a] @ "315985000"
// RTL Simulation : 334 / 1089 [n/a] @ "316885000"
// RTL Simulation : 335 / 1089 [n/a] @ "317795000"
// RTL Simulation : 336 / 1089 [n/a] @ "318715000"
// RTL Simulation : 337 / 1089 [n/a] @ "319645000"
// RTL Simulation : 338 / 1089 [n/a] @ "320585000"
// RTL Simulation : 339 / 1089 [n/a] @ "321585000"
// RTL Simulation : 340 / 1089 [n/a] @ "322595000"
// RTL Simulation : 341 / 1089 [n/a] @ "323615000"
// RTL Simulation : 342 / 1089 [n/a] @ "324645000"
// RTL Simulation : 343 / 1089 [n/a] @ "325685000"
// RTL Simulation : 344 / 1089 [n/a] @ "326735000"
// RTL Simulation : 345 / 1089 [n/a] @ "327795000"
// RTL Simulation : 346 / 1089 [n/a] @ "328865000"
// RTL Simulation : 347 / 1089 [n/a] @ "329995000"
// RTL Simulation : 348 / 1089 [n/a] @ "331135000"
// RTL Simulation : 349 / 1089 [n/a] @ "332285000"
// RTL Simulation : 350 / 1089 [n/a] @ "333445000"
// RTL Simulation : 351 / 1089 [n/a] @ "334615000"
// RTL Simulation : 352 / 1089 [n/a] @ "335795000"
// RTL Simulation : 353 / 1089 [n/a] @ "336985000"
// RTL Simulation : 354 / 1089 [n/a] @ "338185000"
// RTL Simulation : 355 / 1089 [n/a] @ "339445000"
// RTL Simulation : 356 / 1089 [n/a] @ "340715000"
// RTL Simulation : 357 / 1089 [n/a] @ "341995000"
// RTL Simulation : 358 / 1089 [n/a] @ "343285000"
// RTL Simulation : 359 / 1089 [n/a] @ "344585000"
// RTL Simulation : 360 / 1089 [n/a] @ "345895000"
// RTL Simulation : 361 / 1089 [n/a] @ "347215000"
// RTL Simulation : 362 / 1089 [n/a] @ "348545000"
// RTL Simulation : 363 / 1089 [n/a] @ "349935000"
// RTL Simulation : 364 / 1089 [n/a] @ "350775000"
// RTL Simulation : 365 / 1089 [n/a] @ "351675000"
// RTL Simulation : 366 / 1089 [n/a] @ "352585000"
// RTL Simulation : 367 / 1089 [n/a] @ "353505000"
// RTL Simulation : 368 / 1089 [n/a] @ "354435000"
// RTL Simulation : 369 / 1089 [n/a] @ "355375000"
// RTL Simulation : 370 / 1089 [n/a] @ "356325000"
// RTL Simulation : 371 / 1089 [n/a] @ "357285000"
// RTL Simulation : 372 / 1089 [n/a] @ "358305000"
// RTL Simulation : 373 / 1089 [n/a] @ "359335000"
// RTL Simulation : 374 / 1089 [n/a] @ "360375000"
// RTL Simulation : 375 / 1089 [n/a] @ "361425000"
// RTL Simulation : 376 / 1089 [n/a] @ "362485000"
// RTL Simulation : 377 / 1089 [n/a] @ "363555000"
// RTL Simulation : 378 / 1089 [n/a] @ "364635000"
// RTL Simulation : 379 / 1089 [n/a] @ "365725000"
// RTL Simulation : 380 / 1089 [n/a] @ "366875000"
// RTL Simulation : 381 / 1089 [n/a] @ "368035000"
// RTL Simulation : 382 / 1089 [n/a] @ "369205000"
// RTL Simulation : 383 / 1089 [n/a] @ "370385000"
// RTL Simulation : 384 / 1089 [n/a] @ "371575000"
// RTL Simulation : 385 / 1089 [n/a] @ "372775000"
// RTL Simulation : 386 / 1089 [n/a] @ "373985000"
// RTL Simulation : 387 / 1089 [n/a] @ "375205000"
// RTL Simulation : 388 / 1089 [n/a] @ "376485000"
// RTL Simulation : 389 / 1089 [n/a] @ "377775000"
// RTL Simulation : 390 / 1089 [n/a] @ "379075000"
// RTL Simulation : 391 / 1089 [n/a] @ "380385000"
// RTL Simulation : 392 / 1089 [n/a] @ "381705000"
// RTL Simulation : 393 / 1089 [n/a] @ "383035000"
// RTL Simulation : 394 / 1089 [n/a] @ "384375000"
// RTL Simulation : 395 / 1089 [n/a] @ "385725000"
// RTL Simulation : 396 / 1089 [n/a] @ "387135000"
// RTL Simulation : 397 / 1089 [n/a] @ "387995000"
// RTL Simulation : 398 / 1089 [n/a] @ "388915000"
// RTL Simulation : 399 / 1089 [n/a] @ "389845000"
// RTL Simulation : 400 / 1089 [n/a] @ "390785000"
// RTL Simulation : 401 / 1089 [n/a] @ "391735000"
// RTL Simulation : 402 / 1089 [n/a] @ "392695000"
// RTL Simulation : 403 / 1089 [n/a] @ "393665000"
// RTL Simulation : 404 / 1089 [n/a] @ "394645000"
// RTL Simulation : 405 / 1089 [n/a] @ "395685000"
// RTL Simulation : 406 / 1089 [n/a] @ "396735000"
// RTL Simulation : 407 / 1089 [n/a] @ "397795000"
// RTL Simulation : 408 / 1089 [n/a] @ "398865000"
// RTL Simulation : 409 / 1089 [n/a] @ "399945000"
// RTL Simulation : 410 / 1089 [n/a] @ "401035000"
// RTL Simulation : 411 / 1089 [n/a] @ "402135000"
// RTL Simulation : 412 / 1089 [n/a] @ "403245000"
// RTL Simulation : 413 / 1089 [n/a] @ "404415000"
// RTL Simulation : 414 / 1089 [n/a] @ "405595000"
// RTL Simulation : 415 / 1089 [n/a] @ "406785000"
// RTL Simulation : 416 / 1089 [n/a] @ "407985000"
// RTL Simulation : 417 / 1089 [n/a] @ "409195000"
// RTL Simulation : 418 / 1089 [n/a] @ "410415000"
// RTL Simulation : 419 / 1089 [n/a] @ "411645000"
// RTL Simulation : 420 / 1089 [n/a] @ "412885000"
// RTL Simulation : 421 / 1089 [n/a] @ "414185000"
// RTL Simulation : 422 / 1089 [n/a] @ "415495000"
// RTL Simulation : 423 / 1089 [n/a] @ "416815000"
// RTL Simulation : 424 / 1089 [n/a] @ "418145000"
// RTL Simulation : 425 / 1089 [n/a] @ "419485000"
// RTL Simulation : 426 / 1089 [n/a] @ "420835000"
// RTL Simulation : 427 / 1089 [n/a] @ "422195000"
// RTL Simulation : 428 / 1089 [n/a] @ "423565000"
// RTL Simulation : 429 / 1089 [n/a] @ "424995000"
// RTL Simulation : 430 / 1089 [n/a] @ "425875000"
// RTL Simulation : 431 / 1089 [n/a] @ "426815000"
// RTL Simulation : 432 / 1089 [n/a] @ "427765000"
// RTL Simulation : 433 / 1089 [n/a] @ "428725000"
// RTL Simulation : 434 / 1089 [n/a] @ "429695000"
// RTL Simulation : 435 / 1089 [n/a] @ "430675000"
// RTL Simulation : 436 / 1089 [n/a] @ "431665000"
// RTL Simulation : 437 / 1089 [n/a] @ "432665000"
// RTL Simulation : 438 / 1089 [n/a] @ "433725000"
// RTL Simulation : 439 / 1089 [n/a] @ "434795000"
// RTL Simulation : 440 / 1089 [n/a] @ "435875000"
// RTL Simulation : 441 / 1089 [n/a] @ "436965000"
// RTL Simulation : 442 / 1089 [n/a] @ "438065000"
// RTL Simulation : 443 / 1089 [n/a] @ "439175000"
// RTL Simulation : 444 / 1089 [n/a] @ "440295000"
// RTL Simulation : 445 / 1089 [n/a] @ "441425000"
// RTL Simulation : 446 / 1089 [n/a] @ "442615000"
// RTL Simulation : 447 / 1089 [n/a] @ "443815000"
// RTL Simulation : 448 / 1089 [n/a] @ "445025000"
// RTL Simulation : 449 / 1089 [n/a] @ "446245000"
// RTL Simulation : 450 / 1089 [n/a] @ "447475000"
// RTL Simulation : 451 / 1089 [n/a] @ "448715000"
// RTL Simulation : 452 / 1089 [n/a] @ "449965000"
// RTL Simulation : 453 / 1089 [n/a] @ "451225000"
// RTL Simulation : 454 / 1089 [n/a] @ "452545000"
// RTL Simulation : 455 / 1089 [n/a] @ "453875000"
// RTL Simulation : 456 / 1089 [n/a] @ "455215000"
// RTL Simulation : 457 / 1089 [n/a] @ "456565000"
// RTL Simulation : 458 / 1089 [n/a] @ "457925000"
// RTL Simulation : 459 / 1089 [n/a] @ "459295000"
// RTL Simulation : 460 / 1089 [n/a] @ "460675000"
// RTL Simulation : 461 / 1089 [n/a] @ "462065000"
// RTL Simulation : 462 / 1089 [n/a] @ "463515000"
// RTL Simulation : 463 / 1089 [n/a] @ "464415000"
// RTL Simulation : 464 / 1089 [n/a] @ "465375000"
// RTL Simulation : 465 / 1089 [n/a] @ "466345000"
// RTL Simulation : 466 / 1089 [n/a] @ "467325000"
// RTL Simulation : 467 / 1089 [n/a] @ "468315000"
// RTL Simulation : 468 / 1089 [n/a] @ "469315000"
// RTL Simulation : 469 / 1089 [n/a] @ "470325000"
// RTL Simulation : 470 / 1089 [n/a] @ "471345000"
// RTL Simulation : 471 / 1089 [n/a] @ "472425000"
// RTL Simulation : 472 / 1089 [n/a] @ "473515000"
// RTL Simulation : 473 / 1089 [n/a] @ "474615000"
// RTL Simulation : 474 / 1089 [n/a] @ "475725000"
// RTL Simulation : 475 / 1089 [n/a] @ "476845000"
// RTL Simulation : 476 / 1089 [n/a] @ "477975000"
// RTL Simulation : 477 / 1089 [n/a] @ "479115000"
// RTL Simulation : 478 / 1089 [n/a] @ "480265000"
// RTL Simulation : 479 / 1089 [n/a] @ "481475000"
// RTL Simulation : 480 / 1089 [n/a] @ "482695000"
// RTL Simulation : 481 / 1089 [n/a] @ "483925000"
// RTL Simulation : 482 / 1089 [n/a] @ "485165000"
// RTL Simulation : 483 / 1089 [n/a] @ "486415000"
// RTL Simulation : 484 / 1089 [n/a] @ "487675000"
// RTL Simulation : 485 / 1089 [n/a] @ "488945000"
// RTL Simulation : 486 / 1089 [n/a] @ "490225000"
// RTL Simulation : 487 / 1089 [n/a] @ "491565000"
// RTL Simulation : 488 / 1089 [n/a] @ "492915000"
// RTL Simulation : 489 / 1089 [n/a] @ "494275000"
// RTL Simulation : 490 / 1089 [n/a] @ "495645000"
// RTL Simulation : 491 / 1089 [n/a] @ "497025000"
// RTL Simulation : 492 / 1089 [n/a] @ "498415000"
// RTL Simulation : 493 / 1089 [n/a] @ "499815000"
// RTL Simulation : 494 / 1089 [n/a] @ "501225000"
// RTL Simulation : 495 / 1089 [n/a] @ "502695000"
// RTL Simulation : 496 / 1089 [n/a] @ "503615000"
// RTL Simulation : 497 / 1089 [n/a] @ "504595000"
// RTL Simulation : 498 / 1089 [n/a] @ "505585000"
// RTL Simulation : 499 / 1089 [n/a] @ "506585000"
// RTL Simulation : 500 / 1089 [n/a] @ "507595000"
// RTL Simulation : 501 / 1089 [n/a] @ "508615000"
// RTL Simulation : 502 / 1089 [n/a] @ "509645000"
// RTL Simulation : 503 / 1089 [n/a] @ "510685000"
// RTL Simulation : 504 / 1089 [n/a] @ "511785000"
// RTL Simulation : 505 / 1089 [n/a] @ "512895000"
// RTL Simulation : 506 / 1089 [n/a] @ "514015000"
// RTL Simulation : 507 / 1089 [n/a] @ "515145000"
// RTL Simulation : 508 / 1089 [n/a] @ "516285000"
// RTL Simulation : 509 / 1089 [n/a] @ "517435000"
// RTL Simulation : 510 / 1089 [n/a] @ "518595000"
// RTL Simulation : 511 / 1089 [n/a] @ "519765000"
// RTL Simulation : 512 / 1089 [n/a] @ "520995000"
// RTL Simulation : 513 / 1089 [n/a] @ "522235000"
// RTL Simulation : 514 / 1089 [n/a] @ "523485000"
// RTL Simulation : 515 / 1089 [n/a] @ "524745000"
// RTL Simulation : 516 / 1089 [n/a] @ "526015000"
// RTL Simulation : 517 / 1089 [n/a] @ "527295000"
// RTL Simulation : 518 / 1089 [n/a] @ "528585000"
// RTL Simulation : 519 / 1089 [n/a] @ "529885000"
// RTL Simulation : 520 / 1089 [n/a] @ "531245000"
// RTL Simulation : 521 / 1089 [n/a] @ "532615000"
// RTL Simulation : 522 / 1089 [n/a] @ "533995000"
// RTL Simulation : 523 / 1089 [n/a] @ "535385000"
// RTL Simulation : 524 / 1089 [n/a] @ "536785000"
// RTL Simulation : 525 / 1089 [n/a] @ "538195000"
// RTL Simulation : 526 / 1089 [n/a] @ "539615000"
// RTL Simulation : 527 / 1089 [n/a] @ "541045000"
// RTL Simulation : 528 / 1089 [n/a] @ "542535000"
// RTL Simulation : 529 / 1089 [n/a] @ "543535000"
// RTL Simulation : 530 / 1089 [n/a] @ "544595000"
// RTL Simulation : 531 / 1089 [n/a] @ "545665000"
// RTL Simulation : 532 / 1089 [n/a] @ "546745000"
// RTL Simulation : 533 / 1089 [n/a] @ "547835000"
// RTL Simulation : 534 / 1089 [n/a] @ "548935000"
// RTL Simulation : 535 / 1089 [n/a] @ "550045000"
// RTL Simulation : 536 / 1089 [n/a] @ "551165000"
// RTL Simulation : 537 / 1089 [n/a] @ "552345000"
// RTL Simulation : 538 / 1089 [n/a] @ "553535000"
// RTL Simulation : 539 / 1089 [n/a] @ "554735000"
// RTL Simulation : 540 / 1089 [n/a] @ "555945000"
// RTL Simulation : 541 / 1089 [n/a] @ "557165000"
// RTL Simulation : 542 / 1089 [n/a] @ "558395000"
// RTL Simulation : 543 / 1089 [n/a] @ "559635000"
// RTL Simulation : 544 / 1089 [n/a] @ "560885000"
// RTL Simulation : 545 / 1089 [n/a] @ "562195000"
// RTL Simulation : 546 / 1089 [n/a] @ "563515000"
// RTL Simulation : 547 / 1089 [n/a] @ "564845000"
// RTL Simulation : 548 / 1089 [n/a] @ "566185000"
// RTL Simulation : 549 / 1089 [n/a] @ "567535000"
// RTL Simulation : 550 / 1089 [n/a] @ "568895000"
// RTL Simulation : 551 / 1089 [n/a] @ "570265000"
// RTL Simulation : 552 / 1089 [n/a] @ "571645000"
// RTL Simulation : 553 / 1089 [n/a] @ "573085000"
// RTL Simulation : 554 / 1089 [n/a] @ "574535000"
// RTL Simulation : 555 / 1089 [n/a] @ "575995000"
// RTL Simulation : 556 / 1089 [n/a] @ "577465000"
// RTL Simulation : 557 / 1089 [n/a] @ "578945000"
// RTL Simulation : 558 / 1089 [n/a] @ "580435000"
// RTL Simulation : 559 / 1089 [n/a] @ "581935000"
// RTL Simulation : 560 / 1089 [n/a] @ "583445000"
// RTL Simulation : 561 / 1089 [n/a] @ "585015000"
// RTL Simulation : 562 / 1089 [n/a] @ "586035000"
// RTL Simulation : 563 / 1089 [n/a] @ "587115000"
// RTL Simulation : 564 / 1089 [n/a] @ "588205000"
// RTL Simulation : 565 / 1089 [n/a] @ "589305000"
// RTL Simulation : 566 / 1089 [n/a] @ "590415000"
// RTL Simulation : 567 / 1089 [n/a] @ "591535000"
// RTL Simulation : 568 / 1089 [n/a] @ "592665000"
// RTL Simulation : 569 / 1089 [n/a] @ "593805000"
// RTL Simulation : 570 / 1089 [n/a] @ "595005000"
// RTL Simulation : 571 / 1089 [n/a] @ "596215000"
// RTL Simulation : 572 / 1089 [n/a] @ "597435000"
// RTL Simulation : 573 / 1089 [n/a] @ "598665000"
// RTL Simulation : 574 / 1089 [n/a] @ "599905000"
// RTL Simulation : 575 / 1089 [n/a] @ "601155000"
// RTL Simulation : 576 / 1089 [n/a] @ "602415000"
// RTL Simulation : 577 / 1089 [n/a] @ "603685000"
// RTL Simulation : 578 / 1089 [n/a] @ "605015000"
// RTL Simulation : 579 / 1089 [n/a] @ "606355000"
// RTL Simulation : 580 / 1089 [n/a] @ "607705000"
// RTL Simulation : 581 / 1089 [n/a] @ "609065000"
// RTL Simulation : 582 / 1089 [n/a] @ "610435000"
// RTL Simulation : 583 / 1089 [n/a] @ "611815000"
// RTL Simulation : 584 / 1089 [n/a] @ "613205000"
// RTL Simulation : 585 / 1089 [n/a] @ "614605000"
// RTL Simulation : 586 / 1089 [n/a] @ "616065000"
// RTL Simulation : 587 / 1089 [n/a] @ "617535000"
// RTL Simulation : 588 / 1089 [n/a] @ "619015000"
// RTL Simulation : 589 / 1089 [n/a] @ "620505000"
// RTL Simulation : 590 / 1089 [n/a] @ "622005000"
// RTL Simulation : 591 / 1089 [n/a] @ "623515000"
// RTL Simulation : 592 / 1089 [n/a] @ "625035000"
// RTL Simulation : 593 / 1089 [n/a] @ "626565000"
// RTL Simulation : 594 / 1089 [n/a] @ "628155000"
// RTL Simulation : 595 / 1089 [n/a] @ "629195000"
// RTL Simulation : 596 / 1089 [n/a] @ "630295000"
// RTL Simulation : 597 / 1089 [n/a] @ "631405000"
// RTL Simulation : 598 / 1089 [n/a] @ "632525000"
// RTL Simulation : 599 / 1089 [n/a] @ "633655000"
// RTL Simulation : 600 / 1089 [n/a] @ "634795000"
// RTL Simulation : 601 / 1089 [n/a] @ "635945000"
// RTL Simulation : 602 / 1089 [n/a] @ "637105000"
// RTL Simulation : 603 / 1089 [n/a] @ "638325000"
// RTL Simulation : 604 / 1089 [n/a] @ "639555000"
// RTL Simulation : 605 / 1089 [n/a] @ "640795000"
// RTL Simulation : 606 / 1089 [n/a] @ "642045000"
// RTL Simulation : 607 / 1089 [n/a] @ "643305000"
// RTL Simulation : 608 / 1089 [n/a] @ "644575000"
// RTL Simulation : 609 / 1089 [n/a] @ "645855000"
// RTL Simulation : 610 / 1089 [n/a] @ "647145000"
// RTL Simulation : 611 / 1089 [n/a] @ "648495000"
// RTL Simulation : 612 / 1089 [n/a] @ "649855000"
// RTL Simulation : 613 / 1089 [n/a] @ "651225000"
// RTL Simulation : 614 / 1089 [n/a] @ "652605000"
// RTL Simulation : 615 / 1089 [n/a] @ "653995000"
// RTL Simulation : 616 / 1089 [n/a] @ "655395000"
// RTL Simulation : 617 / 1089 [n/a] @ "656805000"
// RTL Simulation : 618 / 1089 [n/a] @ "658225000"
// RTL Simulation : 619 / 1089 [n/a] @ "659705000"
// RTL Simulation : 620 / 1089 [n/a] @ "661195000"
// RTL Simulation : 621 / 1089 [n/a] @ "662695000"
// RTL Simulation : 622 / 1089 [n/a] @ "664205000"
// RTL Simulation : 623 / 1089 [n/a] @ "665725000"
// RTL Simulation : 624 / 1089 [n/a] @ "667255000"
// RTL Simulation : 625 / 1089 [n/a] @ "668795000"
// RTL Simulation : 626 / 1089 [n/a] @ "670345000"
// RTL Simulation : 627 / 1089 [n/a] @ "671955000"
// RTL Simulation : 628 / 1089 [n/a] @ "673015000"
// RTL Simulation : 629 / 1089 [n/a] @ "674135000"
// RTL Simulation : 630 / 1089 [n/a] @ "675265000"
// RTL Simulation : 631 / 1089 [n/a] @ "676405000"
// RTL Simulation : 632 / 1089 [n/a] @ "677555000"
// RTL Simulation : 633 / 1089 [n/a] @ "678715000"
// RTL Simulation : 634 / 1089 [n/a] @ "679885000"
// RTL Simulation : 635 / 1089 [n/a] @ "681065000"
// RTL Simulation : 636 / 1089 [n/a] @ "682305000"
// RTL Simulation : 637 / 1089 [n/a] @ "683555000"
// RTL Simulation : 638 / 1089 [n/a] @ "684815000"
// RTL Simulation : 639 / 1089 [n/a] @ "686085000"
// RTL Simulation : 640 / 1089 [n/a] @ "687365000"
// RTL Simulation : 641 / 1089 [n/a] @ "688655000"
// RTL Simulation : 642 / 1089 [n/a] @ "689955000"
// RTL Simulation : 643 / 1089 [n/a] @ "691265000"
// RTL Simulation : 644 / 1089 [n/a] @ "692635000"
// RTL Simulation : 645 / 1089 [n/a] @ "694015000"
// RTL Simulation : 646 / 1089 [n/a] @ "695405000"
// RTL Simulation : 647 / 1089 [n/a] @ "696805000"
// RTL Simulation : 648 / 1089 [n/a] @ "698215000"
// RTL Simulation : 649 / 1089 [n/a] @ "699635000"
// RTL Simulation : 650 / 1089 [n/a] @ "701065000"
// RTL Simulation : 651 / 1089 [n/a] @ "702505000"
// RTL Simulation : 652 / 1089 [n/a] @ "704005000"
// RTL Simulation : 653 / 1089 [n/a] @ "705515000"
// RTL Simulation : 654 / 1089 [n/a] @ "707035000"
// RTL Simulation : 655 / 1089 [n/a] @ "708565000"
// RTL Simulation : 656 / 1089 [n/a] @ "710105000"
// RTL Simulation : 657 / 1089 [n/a] @ "711655000"
// RTL Simulation : 658 / 1089 [n/a] @ "713215000"
// RTL Simulation : 659 / 1089 [n/a] @ "714785000"
// RTL Simulation : 660 / 1089 [n/a] @ "716415000"
// RTL Simulation : 661 / 1089 [n/a] @ "717495000"
// RTL Simulation : 662 / 1089 [n/a] @ "718635000"
// RTL Simulation : 663 / 1089 [n/a] @ "719785000"
// RTL Simulation : 664 / 1089 [n/a] @ "720945000"
// RTL Simulation : 665 / 1089 [n/a] @ "722115000"
// RTL Simulation : 666 / 1089 [n/a] @ "723295000"
// RTL Simulation : 667 / 1089 [n/a] @ "724485000"
// RTL Simulation : 668 / 1089 [n/a] @ "725685000"
// RTL Simulation : 669 / 1089 [n/a] @ "726945000"
// RTL Simulation : 670 / 1089 [n/a] @ "728215000"
// RTL Simulation : 671 / 1089 [n/a] @ "729495000"
// RTL Simulation : 672 / 1089 [n/a] @ "730785000"
// RTL Simulation : 673 / 1089 [n/a] @ "732085000"
// RTL Simulation : 674 / 1089 [n/a] @ "733395000"
// RTL Simulation : 675 / 1089 [n/a] @ "734715000"
// RTL Simulation : 676 / 1089 [n/a] @ "736045000"
// RTL Simulation : 677 / 1089 [n/a] @ "737435000"
// RTL Simulation : 678 / 1089 [n/a] @ "738835000"
// RTL Simulation : 679 / 1089 [n/a] @ "740245000"
// RTL Simulation : 680 / 1089 [n/a] @ "741665000"
// RTL Simulation : 681 / 1089 [n/a] @ "743095000"
// RTL Simulation : 682 / 1089 [n/a] @ "744535000"
// RTL Simulation : 683 / 1089 [n/a] @ "745985000"
// RTL Simulation : 684 / 1089 [n/a] @ "747445000"
// RTL Simulation : 685 / 1089 [n/a] @ "748965000"
// RTL Simulation : 686 / 1089 [n/a] @ "750495000"
// RTL Simulation : 687 / 1089 [n/a] @ "752035000"
// RTL Simulation : 688 / 1089 [n/a] @ "753585000"
// RTL Simulation : 689 / 1089 [n/a] @ "755145000"
// RTL Simulation : 690 / 1089 [n/a] @ "756715000"
// RTL Simulation : 691 / 1089 [n/a] @ "758295000"
// RTL Simulation : 692 / 1089 [n/a] @ "759885000"
// RTL Simulation : 693 / 1089 [n/a] @ "761535000"
// RTL Simulation : 694 / 1089 [n/a] @ "762635000"
// RTL Simulation : 695 / 1089 [n/a] @ "763795000"
// RTL Simulation : 696 / 1089 [n/a] @ "764965000"
// RTL Simulation : 697 / 1089 [n/a] @ "766145000"
// RTL Simulation : 698 / 1089 [n/a] @ "767335000"
// RTL Simulation : 699 / 1089 [n/a] @ "768535000"
// RTL Simulation : 700 / 1089 [n/a] @ "769745000"
// RTL Simulation : 701 / 1089 [n/a] @ "770965000"
// RTL Simulation : 702 / 1089 [n/a] @ "772245000"
// RTL Simulation : 703 / 1089 [n/a] @ "773535000"
// RTL Simulation : 704 / 1089 [n/a] @ "774835000"
// RTL Simulation : 705 / 1089 [n/a] @ "776145000"
// RTL Simulation : 706 / 1089 [n/a] @ "777465000"
// RTL Simulation : 707 / 1089 [n/a] @ "778795000"
// RTL Simulation : 708 / 1089 [n/a] @ "780135000"
// RTL Simulation : 709 / 1089 [n/a] @ "781485000"
// RTL Simulation : 710 / 1089 [n/a] @ "782895000"
// RTL Simulation : 711 / 1089 [n/a] @ "784315000"
// RTL Simulation : 712 / 1089 [n/a] @ "785745000"
// RTL Simulation : 713 / 1089 [n/a] @ "787185000"
// RTL Simulation : 714 / 1089 [n/a] @ "788635000"
// RTL Simulation : 715 / 1089 [n/a] @ "790095000"
// RTL Simulation : 716 / 1089 [n/a] @ "791565000"
// RTL Simulation : 717 / 1089 [n/a] @ "793045000"
// RTL Simulation : 718 / 1089 [n/a] @ "794585000"
// RTL Simulation : 719 / 1089 [n/a] @ "796135000"
// RTL Simulation : 720 / 1089 [n/a] @ "797695000"
// RTL Simulation : 721 / 1089 [n/a] @ "799265000"
// RTL Simulation : 722 / 1089 [n/a] @ "800845000"
// RTL Simulation : 723 / 1089 [n/a] @ "802435000"
// RTL Simulation : 724 / 1089 [n/a] @ "804035000"
// RTL Simulation : 725 / 1089 [n/a] @ "805645000"
// RTL Simulation : 726 / 1089 [n/a] @ "807315000"
// RTL Simulation : 727 / 1089 [n/a] @ "808435000"
// RTL Simulation : 728 / 1089 [n/a] @ "809615000"
// RTL Simulation : 729 / 1089 [n/a] @ "810805000"
// RTL Simulation : 730 / 1089 [n/a] @ "812005000"
// RTL Simulation : 731 / 1089 [n/a] @ "813215000"
// RTL Simulation : 732 / 1089 [n/a] @ "814435000"
// RTL Simulation : 733 / 1089 [n/a] @ "815665000"
// RTL Simulation : 734 / 1089 [n/a] @ "816905000"
// RTL Simulation : 735 / 1089 [n/a] @ "818205000"
// RTL Simulation : 736 / 1089 [n/a] @ "819515000"
// RTL Simulation : 737 / 1089 [n/a] @ "820835000"
// RTL Simulation : 738 / 1089 [n/a] @ "822165000"
// RTL Simulation : 739 / 1089 [n/a] @ "823505000"
// RTL Simulation : 740 / 1089 [n/a] @ "824855000"
// RTL Simulation : 741 / 1089 [n/a] @ "826215000"
// RTL Simulation : 742 / 1089 [n/a] @ "827585000"
// RTL Simulation : 743 / 1089 [n/a] @ "829015000"
// RTL Simulation : 744 / 1089 [n/a] @ "830455000"
// RTL Simulation : 745 / 1089 [n/a] @ "831905000"
// RTL Simulation : 746 / 1089 [n/a] @ "833365000"
// RTL Simulation : 747 / 1089 [n/a] @ "834835000"
// RTL Simulation : 748 / 1089 [n/a] @ "836315000"
// RTL Simulation : 749 / 1089 [n/a] @ "837805000"
// RTL Simulation : 750 / 1089 [n/a] @ "839305000"
// RTL Simulation : 751 / 1089 [n/a] @ "840865000"
// RTL Simulation : 752 / 1089 [n/a] @ "842435000"
// RTL Simulation : 753 / 1089 [n/a] @ "844015000"
// RTL Simulation : 754 / 1089 [n/a] @ "845605000"
// RTL Simulation : 755 / 1089 [n/a] @ "847205000"
// RTL Simulation : 756 / 1089 [n/a] @ "848815000"
// RTL Simulation : 757 / 1089 [n/a] @ "850435000"
// RTL Simulation : 758 / 1089 [n/a] @ "852065000"
// RTL Simulation : 759 / 1089 [n/a] @ "853755000"
// RTL Simulation : 760 / 1089 [n/a] @ "854895000"
// RTL Simulation : 761 / 1089 [n/a] @ "856095000"
// RTL Simulation : 762 / 1089 [n/a] @ "857305000"
// RTL Simulation : 763 / 1089 [n/a] @ "858525000"
// RTL Simulation : 764 / 1089 [n/a] @ "859755000"
// RTL Simulation : 765 / 1089 [n/a] @ "860995000"
// RTL Simulation : 766 / 1089 [n/a] @ "862245000"
// RTL Simulation : 767 / 1089 [n/a] @ "863505000"
// RTL Simulation : 768 / 1089 [n/a] @ "864825000"
// RTL Simulation : 769 / 1089 [n/a] @ "866155000"
// RTL Simulation : 770 / 1089 [n/a] @ "867495000"
// RTL Simulation : 771 / 1089 [n/a] @ "868845000"
// RTL Simulation : 772 / 1089 [n/a] @ "870205000"
// RTL Simulation : 773 / 1089 [n/a] @ "871575000"
// RTL Simulation : 774 / 1089 [n/a] @ "872955000"
// RTL Simulation : 775 / 1089 [n/a] @ "874345000"
// RTL Simulation : 776 / 1089 [n/a] @ "875795000"
// RTL Simulation : 777 / 1089 [n/a] @ "877255000"
// RTL Simulation : 778 / 1089 [n/a] @ "878725000"
// RTL Simulation : 779 / 1089 [n/a] @ "880205000"
// RTL Simulation : 780 / 1089 [n/a] @ "881695000"
// RTL Simulation : 781 / 1089 [n/a] @ "883195000"
// RTL Simulation : 782 / 1089 [n/a] @ "884705000"
// RTL Simulation : 783 / 1089 [n/a] @ "886225000"
// RTL Simulation : 784 / 1089 [n/a] @ "887805000"
// RTL Simulation : 785 / 1089 [n/a] @ "889395000"
// RTL Simulation : 786 / 1089 [n/a] @ "890995000"
// RTL Simulation : 787 / 1089 [n/a] @ "892605000"
// RTL Simulation : 788 / 1089 [n/a] @ "894225000"
// RTL Simulation : 789 / 1089 [n/a] @ "895855000"
// RTL Simulation : 790 / 1089 [n/a] @ "897495000"
// RTL Simulation : 791 / 1089 [n/a] @ "899145000"
// RTL Simulation : 792 / 1089 [n/a] @ "900855000"
// RTL Simulation : 793 / 1089 [n/a] @ "902075000"
// RTL Simulation : 794 / 1089 [n/a] @ "903355000"
// RTL Simulation : 795 / 1089 [n/a] @ "904645000"
// RTL Simulation : 796 / 1089 [n/a] @ "905945000"
// RTL Simulation : 797 / 1089 [n/a] @ "907255000"
// RTL Simulation : 798 / 1089 [n/a] @ "908575000"
// RTL Simulation : 799 / 1089 [n/a] @ "909905000"
// RTL Simulation : 800 / 1089 [n/a] @ "911245000"
// RTL Simulation : 801 / 1089 [n/a] @ "912645000"
// RTL Simulation : 802 / 1089 [n/a] @ "914055000"
// RTL Simulation : 803 / 1089 [n/a] @ "915475000"
// RTL Simulation : 804 / 1089 [n/a] @ "916905000"
// RTL Simulation : 805 / 1089 [n/a] @ "918345000"
// RTL Simulation : 806 / 1089 [n/a] @ "919795000"
// RTL Simulation : 807 / 1089 [n/a] @ "921255000"
// RTL Simulation : 808 / 1089 [n/a] @ "922725000"
// RTL Simulation : 809 / 1089 [n/a] @ "924255000"
// RTL Simulation : 810 / 1089 [n/a] @ "925795000"
// RTL Simulation : 811 / 1089 [n/a] @ "927345000"
// RTL Simulation : 812 / 1089 [n/a] @ "928905000"
// RTL Simulation : 813 / 1089 [n/a] @ "930475000"
// RTL Simulation : 814 / 1089 [n/a] @ "932055000"
// RTL Simulation : 815 / 1089 [n/a] @ "933645000"
// RTL Simulation : 816 / 1089 [n/a] @ "935245000"
// RTL Simulation : 817 / 1089 [n/a] @ "936905000"
// RTL Simulation : 818 / 1089 [n/a] @ "938575000"
// RTL Simulation : 819 / 1089 [n/a] @ "940255000"
// RTL Simulation : 820 / 1089 [n/a] @ "941945000"
// RTL Simulation : 821 / 1089 [n/a] @ "943645000"
// RTL Simulation : 822 / 1089 [n/a] @ "945355000"
// RTL Simulation : 823 / 1089 [n/a] @ "947075000"
// RTL Simulation : 824 / 1089 [n/a] @ "948805000"
// RTL Simulation : 825 / 1089 [n/a] @ "950595000"
// RTL Simulation : 826 / 1089 [n/a] @ "951835000"
// RTL Simulation : 827 / 1089 [n/a] @ "953135000"
// RTL Simulation : 828 / 1089 [n/a] @ "954445000"
// RTL Simulation : 829 / 1089 [n/a] @ "955765000"
// RTL Simulation : 830 / 1089 [n/a] @ "957095000"
// RTL Simulation : 831 / 1089 [n/a] @ "958435000"
// RTL Simulation : 832 / 1089 [n/a] @ "959785000"
// RTL Simulation : 833 / 1089 [n/a] @ "961145000"
// RTL Simulation : 834 / 1089 [n/a] @ "962565000"
// RTL Simulation : 835 / 1089 [n/a] @ "963995000"
// RTL Simulation : 836 / 1089 [n/a] @ "965435000"
// RTL Simulation : 837 / 1089 [n/a] @ "966885000"
// RTL Simulation : 838 / 1089 [n/a] @ "968345000"
// RTL Simulation : 839 / 1089 [n/a] @ "969815000"
// RTL Simulation : 840 / 1089 [n/a] @ "971295000"
// RTL Simulation : 841 / 1089 [n/a] @ "972785000"
// RTL Simulation : 842 / 1089 [n/a] @ "974335000"
// RTL Simulation : 843 / 1089 [n/a] @ "975895000"
// RTL Simulation : 844 / 1089 [n/a] @ "977465000"
// RTL Simulation : 845 / 1089 [n/a] @ "979045000"
// RTL Simulation : 846 / 1089 [n/a] @ "980635000"
// RTL Simulation : 847 / 1089 [n/a] @ "982235000"
// RTL Simulation : 848 / 1089 [n/a] @ "983845000"
// RTL Simulation : 849 / 1089 [n/a] @ "985465000"
// RTL Simulation : 850 / 1089 [n/a] @ "987145000"
// RTL Simulation : 851 / 1089 [n/a] @ "988835000"
// RTL Simulation : 852 / 1089 [n/a] @ "990535000"
// RTL Simulation : 853 / 1089 [n/a] @ "992245000"
// RTL Simulation : 854 / 1089 [n/a] @ "993965000"
// RTL Simulation : 855 / 1089 [n/a] @ "995695000"
// RTL Simulation : 856 / 1089 [n/a] @ "997435000"
// RTL Simulation : 857 / 1089 [n/a] @ "999185000"
// RTL Simulation : 858 / 1089 [n/a] @ "1000995000"
// RTL Simulation : 859 / 1089 [n/a] @ "1002255000"
// RTL Simulation : 860 / 1089 [n/a] @ "1003575000"
// RTL Simulation : 861 / 1089 [n/a] @ "1004905000"
// RTL Simulation : 862 / 1089 [n/a] @ "1006245000"
// RTL Simulation : 863 / 1089 [n/a] @ "1007595000"
// RTL Simulation : 864 / 1089 [n/a] @ "1008955000"
// RTL Simulation : 865 / 1089 [n/a] @ "1010325000"
// RTL Simulation : 866 / 1089 [n/a] @ "1011705000"
// RTL Simulation : 867 / 1089 [n/a] @ "1013145000"
// RTL Simulation : 868 / 1089 [n/a] @ "1014595000"
// RTL Simulation : 869 / 1089 [n/a] @ "1016055000"
// RTL Simulation : 870 / 1089 [n/a] @ "1017525000"
// RTL Simulation : 871 / 1089 [n/a] @ "1019005000"
// RTL Simulation : 872 / 1089 [n/a] @ "1020495000"
// RTL Simulation : 873 / 1089 [n/a] @ "1021995000"
// RTL Simulation : 874 / 1089 [n/a] @ "1023505000"
// RTL Simulation : 875 / 1089 [n/a] @ "1025075000"
// RTL Simulation : 876 / 1089 [n/a] @ "1026655000"
// RTL Simulation : 877 / 1089 [n/a] @ "1028245000"
// RTL Simulation : 878 / 1089 [n/a] @ "1029845000"
// RTL Simulation : 879 / 1089 [n/a] @ "1031455000"
// RTL Simulation : 880 / 1089 [n/a] @ "1033075000"
// RTL Simulation : 881 / 1089 [n/a] @ "1034705000"
// RTL Simulation : 882 / 1089 [n/a] @ "1036345000"
// RTL Simulation : 883 / 1089 [n/a] @ "1038045000"
// RTL Simulation : 884 / 1089 [n/a] @ "1039755000"
// RTL Simulation : 885 / 1089 [n/a] @ "1041475000"
// RTL Simulation : 886 / 1089 [n/a] @ "1043205000"
// RTL Simulation : 887 / 1089 [n/a] @ "1044945000"
// RTL Simulation : 888 / 1089 [n/a] @ "1046695000"
// RTL Simulation : 889 / 1089 [n/a] @ "1048455000"
// RTL Simulation : 890 / 1089 [n/a] @ "1050225000"
// RTL Simulation : 891 / 1089 [n/a] @ "1052055000"
// RTL Simulation : 892 / 1089 [n/a] @ "1053335000"
// RTL Simulation : 893 / 1089 [n/a] @ "1054675000"
// RTL Simulation : 894 / 1089 [n/a] @ "1056025000"
// RTL Simulation : 895 / 1089 [n/a] @ "1057385000"
// RTL Simulation : 896 / 1089 [n/a] @ "1058755000"
// RTL Simulation : 897 / 1089 [n/a] @ "1060135000"
// RTL Simulation : 898 / 1089 [n/a] @ "1061525000"
// RTL Simulation : 899 / 1089 [n/a] @ "1062925000"
// RTL Simulation : 900 / 1089 [n/a] @ "1064385000"
// RTL Simulation : 901 / 1089 [n/a] @ "1065855000"
// RTL Simulation : 902 / 1089 [n/a] @ "1067335000"
// RTL Simulation : 903 / 1089 [n/a] @ "1068825000"
// RTL Simulation : 904 / 1089 [n/a] @ "1070325000"
// RTL Simulation : 905 / 1089 [n/a] @ "1071835000"
// RTL Simulation : 906 / 1089 [n/a] @ "1073355000"
// RTL Simulation : 907 / 1089 [n/a] @ "1074885000"
// RTL Simulation : 908 / 1089 [n/a] @ "1076475000"
// RTL Simulation : 909 / 1089 [n/a] @ "1078075000"
// RTL Simulation : 910 / 1089 [n/a] @ "1079685000"
// RTL Simulation : 911 / 1089 [n/a] @ "1081305000"
// RTL Simulation : 912 / 1089 [n/a] @ "1082935000"
// RTL Simulation : 913 / 1089 [n/a] @ "1084575000"
// RTL Simulation : 914 / 1089 [n/a] @ "1086225000"
// RTL Simulation : 915 / 1089 [n/a] @ "1087885000"
// RTL Simulation : 916 / 1089 [n/a] @ "1089605000"
// RTL Simulation : 917 / 1089 [n/a] @ "1091335000"
// RTL Simulation : 918 / 1089 [n/a] @ "1093075000"
// RTL Simulation : 919 / 1089 [n/a] @ "1094825000"
// RTL Simulation : 920 / 1089 [n/a] @ "1096585000"
// RTL Simulation : 921 / 1089 [n/a] @ "1098355000"
// RTL Simulation : 922 / 1089 [n/a] @ "1100135000"
// RTL Simulation : 923 / 1089 [n/a] @ "1101925000"
// RTL Simulation : 924 / 1089 [n/a] @ "1103775000"
// RTL Simulation : 925 / 1089 [n/a] @ "1105075000"
// RTL Simulation : 926 / 1089 [n/a] @ "1106435000"
// RTL Simulation : 927 / 1089 [n/a] @ "1107805000"
// RTL Simulation : 928 / 1089 [n/a] @ "1109185000"
// RTL Simulation : 929 / 1089 [n/a] @ "1110575000"
// RTL Simulation : 930 / 1089 [n/a] @ "1111975000"
// RTL Simulation : 931 / 1089 [n/a] @ "1113385000"
// RTL Simulation : 932 / 1089 [n/a] @ "1114805000"
// RTL Simulation : 933 / 1089 [n/a] @ "1116285000"
// RTL Simulation : 934 / 1089 [n/a] @ "1117775000"
// RTL Simulation : 935 / 1089 [n/a] @ "1119275000"
// RTL Simulation : 936 / 1089 [n/a] @ "1120785000"
// RTL Simulation : 937 / 1089 [n/a] @ "1122305000"
// RTL Simulation : 938 / 1089 [n/a] @ "1123835000"
// RTL Simulation : 939 / 1089 [n/a] @ "1125375000"
// RTL Simulation : 940 / 1089 [n/a] @ "1126925000"
// RTL Simulation : 941 / 1089 [n/a] @ "1128535000"
// RTL Simulation : 942 / 1089 [n/a] @ "1130155000"
// RTL Simulation : 943 / 1089 [n/a] @ "1131785000"
// RTL Simulation : 944 / 1089 [n/a] @ "1133425000"
// RTL Simulation : 945 / 1089 [n/a] @ "1135075000"
// RTL Simulation : 946 / 1089 [n/a] @ "1136735000"
// RTL Simulation : 947 / 1089 [n/a] @ "1138405000"
// RTL Simulation : 948 / 1089 [n/a] @ "1140085000"
// RTL Simulation : 949 / 1089 [n/a] @ "1141825000"
// RTL Simulation : 950 / 1089 [n/a] @ "1143575000"
// RTL Simulation : 951 / 1089 [n/a] @ "1145335000"
// RTL Simulation : 952 / 1089 [n/a] @ "1147105000"
// RTL Simulation : 953 / 1089 [n/a] @ "1148885000"
// RTL Simulation : 954 / 1089 [n/a] @ "1150675000"
// RTL Simulation : 955 / 1089 [n/a] @ "1152475000"
// RTL Simulation : 956 / 1089 [n/a] @ "1154285000"
// RTL Simulation : 957 / 1089 [n/a] @ "1156155000"
// RTL Simulation : 958 / 1089 [n/a] @ "1157475000"
// RTL Simulation : 959 / 1089 [n/a] @ "1158855000"
// RTL Simulation : 960 / 1089 [n/a] @ "1160245000"
// RTL Simulation : 961 / 1089 [n/a] @ "1161645000"
// RTL Simulation : 962 / 1089 [n/a] @ "1163055000"
// RTL Simulation : 963 / 1089 [n/a] @ "1164475000"
// RTL Simulation : 964 / 1089 [n/a] @ "1165905000"
// RTL Simulation : 965 / 1089 [n/a] @ "1167345000"
// RTL Simulation : 966 / 1089 [n/a] @ "1168845000"
// RTL Simulation : 967 / 1089 [n/a] @ "1170355000"
// RTL Simulation : 968 / 1089 [n/a] @ "1171875000"
// RTL Simulation : 969 / 1089 [n/a] @ "1173405000"
// RTL Simulation : 970 / 1089 [n/a] @ "1174945000"
// RTL Simulation : 971 / 1089 [n/a] @ "1176495000"
// RTL Simulation : 972 / 1089 [n/a] @ "1178055000"
// RTL Simulation : 973 / 1089 [n/a] @ "1179625000"
// RTL Simulation : 974 / 1089 [n/a] @ "1181255000"
// RTL Simulation : 975 / 1089 [n/a] @ "1182895000"
// RTL Simulation : 976 / 1089 [n/a] @ "1184545000"
// RTL Simulation : 977 / 1089 [n/a] @ "1186205000"
// RTL Simulation : 978 / 1089 [n/a] @ "1187875000"
// RTL Simulation : 979 / 1089 [n/a] @ "1189555000"
// RTL Simulation : 980 / 1089 [n/a] @ "1191245000"
// RTL Simulation : 981 / 1089 [n/a] @ "1192945000"
// RTL Simulation : 982 / 1089 [n/a] @ "1194705000"
// RTL Simulation : 983 / 1089 [n/a] @ "1196475000"
// RTL Simulation : 984 / 1089 [n/a] @ "1198255000"
// RTL Simulation : 985 / 1089 [n/a] @ "1200045000"
// RTL Simulation : 986 / 1089 [n/a] @ "1201845000"
// RTL Simulation : 987 / 1089 [n/a] @ "1203655000"
// RTL Simulation : 988 / 1089 [n/a] @ "1205475000"
// RTL Simulation : 989 / 1089 [n/a] @ "1207305000"
// RTL Simulation : 990 / 1089 [n/a] @ "1209195000"
// RTL Simulation : 991 / 1089 [n/a] @ "1210535000"
// RTL Simulation : 992 / 1089 [n/a] @ "1211935000"
// RTL Simulation : 993 / 1089 [n/a] @ "1213345000"
// RTL Simulation : 994 / 1089 [n/a] @ "1214765000"
// RTL Simulation : 995 / 1089 [n/a] @ "1216195000"
// RTL Simulation : 996 / 1089 [n/a] @ "1217635000"
// RTL Simulation : 997 / 1089 [n/a] @ "1219085000"
// RTL Simulation : 998 / 1089 [n/a] @ "1220545000"
// RTL Simulation : 999 / 1089 [n/a] @ "1222065000"
// RTL Simulation : 1000 / 1089 [n/a] @ "1223595000"
// RTL Simulation : 1001 / 1089 [n/a] @ "1225135000"
// RTL Simulation : 1002 / 1089 [n/a] @ "1226685000"
// RTL Simulation : 1003 / 1089 [n/a] @ "1228245000"
// RTL Simulation : 1004 / 1089 [n/a] @ "1229815000"
// RTL Simulation : 1005 / 1089 [n/a] @ "1231395000"
// RTL Simulation : 1006 / 1089 [n/a] @ "1232985000"
// RTL Simulation : 1007 / 1089 [n/a] @ "1234635000"
// RTL Simulation : 1008 / 1089 [n/a] @ "1236295000"
// RTL Simulation : 1009 / 1089 [n/a] @ "1237965000"
// RTL Simulation : 1010 / 1089 [n/a] @ "1239645000"
// RTL Simulation : 1011 / 1089 [n/a] @ "1241335000"
// RTL Simulation : 1012 / 1089 [n/a] @ "1243035000"
// RTL Simulation : 1013 / 1089 [n/a] @ "1244745000"
// RTL Simulation : 1014 / 1089 [n/a] @ "1246465000"
// RTL Simulation : 1015 / 1089 [n/a] @ "1248245000"
// RTL Simulation : 1016 / 1089 [n/a] @ "1250035000"
// RTL Simulation : 1017 / 1089 [n/a] @ "1251835000"
// RTL Simulation : 1018 / 1089 [n/a] @ "1253645000"
// RTL Simulation : 1019 / 1089 [n/a] @ "1255465000"
// RTL Simulation : 1020 / 1089 [n/a] @ "1257295000"
// RTL Simulation : 1021 / 1089 [n/a] @ "1259135000"
// RTL Simulation : 1022 / 1089 [n/a] @ "1260985000"
// RTL Simulation : 1023 / 1089 [n/a] @ "1262895000"
// RTL Simulation : 1024 / 1089 [n/a] @ "1264255000"
// RTL Simulation : 1025 / 1089 [n/a] @ "1265675000"
// RTL Simulation : 1026 / 1089 [n/a] @ "1267105000"
// RTL Simulation : 1027 / 1089 [n/a] @ "1268545000"
// RTL Simulation : 1028 / 1089 [n/a] @ "1269995000"
// RTL Simulation : 1029 / 1089 [n/a] @ "1271455000"
// RTL Simulation : 1030 / 1089 [n/a] @ "1272925000"
// RTL Simulation : 1031 / 1089 [n/a] @ "1274405000"
// RTL Simulation : 1032 / 1089 [n/a] @ "1275945000"
// RTL Simulation : 1033 / 1089 [n/a] @ "1277495000"
// RTL Simulation : 1034 / 1089 [n/a] @ "1279055000"
// RTL Simulation : 1035 / 1089 [n/a] @ "1280625000"
// RTL Simulation : 1036 / 1089 [n/a] @ "1282205000"
// RTL Simulation : 1037 / 1089 [n/a] @ "1283795000"
// RTL Simulation : 1038 / 1089 [n/a] @ "1285395000"
// RTL Simulation : 1039 / 1089 [n/a] @ "1287005000"
// RTL Simulation : 1040 / 1089 [n/a] @ "1288675000"
// RTL Simulation : 1041 / 1089 [n/a] @ "1290355000"
// RTL Simulation : 1042 / 1089 [n/a] @ "1292045000"
// RTL Simulation : 1043 / 1089 [n/a] @ "1293745000"
// RTL Simulation : 1044 / 1089 [n/a] @ "1295455000"
// RTL Simulation : 1045 / 1089 [n/a] @ "1297175000"
// RTL Simulation : 1046 / 1089 [n/a] @ "1298905000"
// RTL Simulation : 1047 / 1089 [n/a] @ "1300645000"
// RTL Simulation : 1048 / 1089 [n/a] @ "1302445000"
// RTL Simulation : 1049 / 1089 [n/a] @ "1304255000"
// RTL Simulation : 1050 / 1089 [n/a] @ "1306075000"
// RTL Simulation : 1051 / 1089 [n/a] @ "1307905000"
// RTL Simulation : 1052 / 1089 [n/a] @ "1309745000"
// RTL Simulation : 1053 / 1089 [n/a] @ "1311595000"
// RTL Simulation : 1054 / 1089 [n/a] @ "1313455000"
// RTL Simulation : 1055 / 1089 [n/a] @ "1315325000"
// RTL Simulation : 1056 / 1089 [n/a] @ "1317255000"
// RTL Simulation : 1057 / 1089 [n/a] @ "1318695000"
// RTL Simulation : 1058 / 1089 [n/a] @ "1320195000"
// RTL Simulation : 1059 / 1089 [n/a] @ "1321705000"
// RTL Simulation : 1060 / 1089 [n/a] @ "1323225000"
// RTL Simulation : 1061 / 1089 [n/a] @ "1324755000"
// RTL Simulation : 1062 / 1089 [n/a] @ "1326295000"
// RTL Simulation : 1063 / 1089 [n/a] @ "1327845000"
// RTL Simulation : 1064 / 1089 [n/a] @ "1329405000"
// RTL Simulation : 1065 / 1089 [n/a] @ "1331025000"
// RTL Simulation : 1066 / 1089 [n/a] @ "1332655000"
// RTL Simulation : 1067 / 1089 [n/a] @ "1334295000"
// RTL Simulation : 1068 / 1089 [n/a] @ "1335945000"
// RTL Simulation : 1069 / 1089 [n/a] @ "1337605000"
// RTL Simulation : 1070 / 1089 [n/a] @ "1339275000"
// RTL Simulation : 1071 / 1089 [n/a] @ "1340955000"
// RTL Simulation : 1072 / 1089 [n/a] @ "1342645000"
// RTL Simulation : 1073 / 1089 [n/a] @ "1344395000"
// RTL Simulation : 1074 / 1089 [n/a] @ "1346155000"
// RTL Simulation : 1075 / 1089 [n/a] @ "1347925000"
// RTL Simulation : 1076 / 1089 [n/a] @ "1349705000"
// RTL Simulation : 1077 / 1089 [n/a] @ "1351495000"
// RTL Simulation : 1078 / 1089 [n/a] @ "1353295000"
// RTL Simulation : 1079 / 1089 [n/a] @ "1355105000"
// RTL Simulation : 1080 / 1089 [n/a] @ "1356925000"
// RTL Simulation : 1081 / 1089 [n/a] @ "1358805000"
// RTL Simulation : 1082 / 1089 [n/a] @ "1360695000"
// RTL Simulation : 1083 / 1089 [n/a] @ "1362595000"
// RTL Simulation : 1084 / 1089 [n/a] @ "1364505000"
// RTL Simulation : 1085 / 1089 [n/a] @ "1366425000"
// RTL Simulation : 1086 / 1089 [n/a] @ "1368355000"
// RTL Simulation : 1087 / 1089 [n/a] @ "1370295000"
// RTL Simulation : 1088 / 1089 [n/a] @ "1372245000"
// RTL Simulation : 1089 / 1089 [n/a] @ "1374255000"
////////////////////////////////////////////////////////////////////////////////////
$finish called at time : 1374315 ns : File "H:/home/Documents/Git/PII-2022-Grazzani-Rogora-Zaffiretti/solution1/sim/verilog/crypto_aead_encrypt_h.autotb.v" Line 688
## quit
INFO: [Common 17-206] Exiting xsim at Tue Apr  5 16:05:49 2022...
