
H:\home\Documents\Git\PII-2022-Grazzani-Rogora-Zaffiretti\solution1\sim\verilog>set PATH= 

H:\home\Documents\Git\PII-2022-Grazzani-Rogora-Zaffiretti\solution1\sim\verilog>call C:/Xilinx/Vivado/2021.2/bin/xelab xil_defaultlib.apatb_crypto_aead_encrypt_top glbl -Oenable_linking_all_libraries  -prj crypto_aead_encrypt.prj -L smartconnect_v1_0 -L axi_protocol_checker_v1_1_12 -L axi_protocol_checker_v1_1_13 -L axis_protocol_checker_v1_1_11 -L axis_protocol_checker_v1_1_12 -L xil_defaultlib -L unisims_ver -L xpm  -L floating_point_v7_0_19 -L floating_point_v7_1_13 --lib "ieee_proposed=./ieee_proposed" -s crypto_aead_encrypt  
Vivado Simulator v2021.2
Copyright 1986-1999, 2001-2021 Xilinx, Inc. All Rights Reserved.
Running: C:/Xilinx/Vivado/2021.2/bin/unwrapped/win64.o/xelab.exe xil_defaultlib.apatb_crypto_aead_encrypt_top glbl -Oenable_linking_all_libraries -prj crypto_aead_encrypt.prj -L smartconnect_v1_0 -L axi_protocol_checker_v1_1_12 -L axi_protocol_checker_v1_1_13 -L axis_protocol_checker_v1_1_11 -L axis_protocol_checker_v1_1_12 -L xil_defaultlib -L unisims_ver -L xpm -L floating_point_v7_0_19 -L floating_point_v7_1_13 --lib ieee_proposed=./ieee_proposed -s crypto_aead_encrypt 
Multi-threading is on. Using 10 slave threads.
INFO: [VRFC 10-2263] Analyzing SystemVerilog file "H:/home/Documents/Git/PII-2022-Grazzani-Rogora-Zaffiretti/solution1/sim/verilog/glbl.v" into library work
INFO: [VRFC 10-311] analyzing module glbl
INFO: [VRFC 10-2263] Analyzing SystemVerilog file "H:/home/Documents/Git/PII-2022-Grazzani-Rogora-Zaffiretti/solution1/sim/verilog/AESL_automem_ad.v" into library xil_defaultlib
INFO: [VRFC 10-311] analyzing module AESL_automem_ad
INFO: [VRFC 10-2263] Analyzing SystemVerilog file "H:/home/Documents/Git/PII-2022-Grazzani-Rogora-Zaffiretti/solution1/sim/verilog/AESL_automem_c.v" into library xil_defaultlib
INFO: [VRFC 10-311] analyzing module AESL_automem_c
INFO: [VRFC 10-2263] Analyzing SystemVerilog file "H:/home/Documents/Git/PII-2022-Grazzani-Rogora-Zaffiretti/solution1/sim/verilog/AESL_automem_k.v" into library xil_defaultlib
INFO: [VRFC 10-311] analyzing module AESL_automem_k
INFO: [VRFC 10-2263] Analyzing SystemVerilog file "H:/home/Documents/Git/PII-2022-Grazzani-Rogora-Zaffiretti/solution1/sim/verilog/AESL_automem_m.v" into library xil_defaultlib
INFO: [VRFC 10-311] analyzing module AESL_automem_m
INFO: [VRFC 10-2263] Analyzing SystemVerilog file "H:/home/Documents/Git/PII-2022-Grazzani-Rogora-Zaffiretti/solution1/sim/verilog/AESL_automem_npub.v" into library xil_defaultlib
INFO: [VRFC 10-311] analyzing module AESL_automem_npub
INFO: [VRFC 10-2263] Analyzing SystemVerilog file "H:/home/Documents/Git/PII-2022-Grazzani-Rogora-Zaffiretti/solution1/sim/verilog/crypto_aead_encrypt.autotb.v" into library xil_defaultlib
INFO: [VRFC 10-311] analyzing module apatb_crypto_aead_encrypt_top
INFO: [VRFC 10-2263] Analyzing SystemVerilog file "H:/home/Documents/Git/PII-2022-Grazzani-Rogora-Zaffiretti/solution1/sim/verilog/crypto_aead_encrypt.v" into library xil_defaultlib
INFO: [VRFC 10-311] analyzing module crypto_aead_encrypt
INFO: [VRFC 10-2263] Analyzing SystemVerilog file "H:/home/Documents/Git/PII-2022-Grazzani-Rogora-Zaffiretti/solution1/sim/verilog/crypto_aead_encrypt_crypto_aead_encrypt_Pipeline_VITIS_LOOP_25_1.v" into library xil_defaultlib
INFO: [VRFC 10-311] analyzing module crypto_aead_encrypt_crypto_aead_encrypt_Pipeline_VITIS_LOOP_25_1
INFO: [VRFC 10-2263] Analyzing SystemVerilog file "H:/home/Documents/Git/PII-2022-Grazzani-Rogora-Zaffiretti/solution1/sim/verilog/crypto_aead_encrypt_crypto_aead_encrypt_Pipeline_VITIS_LOOP_25_11.v" into library xil_defaultlib
INFO: [VRFC 10-311] analyzing module crypto_aead_encrypt_crypto_aead_encrypt_Pipeline_VITIS_LOOP_25_11
INFO: [VRFC 10-2263] Analyzing SystemVerilog file "H:/home/Documents/Git/PII-2022-Grazzani-Rogora-Zaffiretti/solution1/sim/verilog/crypto_aead_encrypt_crypto_aead_encrypt_Pipeline_VITIS_LOOP_25_12.v" into library xil_defaultlib
INFO: [VRFC 10-311] analyzing module crypto_aead_encrypt_crypto_aead_encrypt_Pipeline_VITIS_LOOP_25_12
INFO: [VRFC 10-2263] Analyzing SystemVerilog file "H:/home/Documents/Git/PII-2022-Grazzani-Rogora-Zaffiretti/solution1/sim/verilog/crypto_aead_encrypt_flow_control_loop_pipe_sequential_init.v" into library xil_defaultlib
INFO: [VRFC 10-311] analyzing module crypto_aead_encrypt_flow_control_loop_pipe_sequential_init
INFO: [VRFC 10-2263] Analyzing SystemVerilog file "H:/home/Documents/Git/PII-2022-Grazzani-Rogora-Zaffiretti/solution1/sim/verilog/crypto_aead_encrypt_LOADBYTES_1.v" into library xil_defaultlib
INFO: [VRFC 10-311] analyzing module crypto_aead_encrypt_LOADBYTES_1
INFO: [VRFC 10-2263] Analyzing SystemVerilog file "H:/home/Documents/Git/PII-2022-Grazzani-Rogora-Zaffiretti/solution1/sim/verilog/crypto_aead_encrypt_LOADBYTES_2.v" into library xil_defaultlib
INFO: [VRFC 10-311] analyzing module crypto_aead_encrypt_LOADBYTES_2
INFO: [VRFC 10-2263] Analyzing SystemVerilog file "H:/home/Documents/Git/PII-2022-Grazzani-Rogora-Zaffiretti/solution1/sim/verilog/crypto_aead_encrypt_ROUND.v" into library xil_defaultlib
INFO: [VRFC 10-311] analyzing module crypto_aead_encrypt_ROUND
INFO: [VRFC 10-2263] Analyzing SystemVerilog file "H:/home/Documents/Git/PII-2022-Grazzani-Rogora-Zaffiretti/solution1/sim/verilog/dataflow_monitor.sv" into library xil_defaultlib
INFO: [VRFC 10-311] analyzing module dataflow_monitor
Starting static elaboration
Pass Through NonSizing Optimizer
Completed static elaboration
Starting simulation data flow analysis
Completed simulation data flow analysis
Time Resolution for simulation is 1ps
Compiling package xil_defaultlib.$unit_dataflow_monitor_sv
Compiling module xil_defaultlib.crypto_aead_encrypt_flow_control...
Compiling module xil_defaultlib.crypto_aead_encrypt_LOADBYTES_1
Compiling module xil_defaultlib.crypto_aead_encrypt_ROUND
Compiling module xil_defaultlib.crypto_aead_encrypt_LOADBYTES_2
Compiling module xil_defaultlib.crypto_aead_encrypt_crypto_aead_...
Compiling module xil_defaultlib.crypto_aead_encrypt_crypto_aead_...
Compiling module xil_defaultlib.crypto_aead_encrypt_crypto_aead_...
Compiling module xil_defaultlib.crypto_aead_encrypt
Compiling module xil_defaultlib.AESL_automem_c
Compiling module xil_defaultlib.AESL_automem_m
Compiling module xil_defaultlib.AESL_automem_ad
Compiling module xil_defaultlib.AESL_automem_npub
Compiling module xil_defaultlib.AESL_automem_k
Compiling module xil_defaultlib.nodf_module_intf
Compiling module xil_defaultlib.seq_loop_intf(FSM_WIDTH=21)
Compiling module xil_defaultlib.upc_loop_intf(FSM_WIDTH=1)
Compiling module xil_defaultlib.dataflow_monitor_1
Compiling module xil_defaultlib.apatb_crypto_aead_encrypt_top
Compiling module work.glbl
Built simulation snapshot crypto_aead_encrypt

****** xsim v2021.2 (64-bit)
  **** SW Build 3367213 on Tue Oct 19 02:48:09 MDT 2021
  **** IP Build 3369179 on Thu Oct 21 08:25:16 MDT 2021
    ** Copyright 1986-2021 Xilinx, Inc. All Rights Reserved.

source xsim.dir/crypto_aead_encrypt/xsim_script.tcl
# xsim {crypto_aead_encrypt} -autoloadwcfg -tclbatch {crypto_aead_encrypt.tcl}
Time resolution is 1 ps
source crypto_aead_encrypt.tcl
## run all
////////////////////////////////////////////////////////////////////////////////////
// Inter-Transaction Progress: Completed Transaction / Total Transaction
// Intra-Transaction Progress: Measured Latency / Latency Estimation * 100%
//
// RTL Simulation : "Inter-Transaction Progress" ["Intra-Transaction Progress"] @ "Simulation Time"
////////////////////////////////////////////////////////////////////////////////////
// RTL Simulation : 0 / 1089 [n/a] @ "165000"
// RTL Simulation : 1 / 1089 [n/a] @ "1575000"
// RTL Simulation : 2 / 1089 [n/a] @ "3045000"
// RTL Simulation : 3 / 1089 [n/a] @ "4545000"
// RTL Simulation : 4 / 1089 [n/a] @ "6075000"
// RTL Simulation : 5 / 1089 [n/a] @ "7635000"
// RTL Simulation : 6 / 1089 [n/a] @ "9225000"
// RTL Simulation : 7 / 1089 [n/a] @ "10845000"
// RTL Simulation : 8 / 1089 [n/a] @ "12495000"
// RTL Simulation : 9 / 1089 [n/a] @ "14265000"
// RTL Simulation : 10 / 1089 [n/a] @ "16065000"
// RTL Simulation : 11 / 1089 [n/a] @ "17895000"
// RTL Simulation : 12 / 1089 [n/a] @ "19755000"
// RTL Simulation : 13 / 1089 [n/a] @ "21645000"
// RTL Simulation : 14 / 1089 [n/a] @ "23565000"
// RTL Simulation : 15 / 1089 [n/a] @ "25515000"
// RTL Simulation : 16 / 1089 [n/a] @ "27495000"
// RTL Simulation : 17 / 1089 [n/a] @ "29595000"
// RTL Simulation : 18 / 1089 [n/a] @ "31725000"
// RTL Simulation : 19 / 1089 [n/a] @ "33885000"
// RTL Simulation : 20 / 1089 [n/a] @ "36075000"
// RTL Simulation : 21 / 1089 [n/a] @ "38295000"
// RTL Simulation : 22 / 1089 [n/a] @ "40545000"
// RTL Simulation : 23 / 1089 [n/a] @ "42825000"
// RTL Simulation : 24 / 1089 [n/a] @ "45135000"
// RTL Simulation : 25 / 1089 [n/a] @ "47565000"
// RTL Simulation : 26 / 1089 [n/a] @ "50025000"
// RTL Simulation : 27 / 1089 [n/a] @ "52515000"
// RTL Simulation : 28 / 1089 [n/a] @ "55035000"
// RTL Simulation : 29 / 1089 [n/a] @ "57585000"
// RTL Simulation : 30 / 1089 [n/a] @ "60165000"
// RTL Simulation : 31 / 1089 [n/a] @ "62775000"
// RTL Simulation : 32 / 1089 [n/a] @ "65415000"
// RTL Simulation : 33 / 1089 [n/a] @ "68175000"
// RTL Simulation : 34 / 1089 [n/a] @ "69615000"
// RTL Simulation : 35 / 1089 [n/a] @ "71145000"
// RTL Simulation : 36 / 1089 [n/a] @ "72705000"
// RTL Simulation : 37 / 1089 [n/a] @ "74295000"
// RTL Simulation : 38 / 1089 [n/a] @ "75915000"
// RTL Simulation : 39 / 1089 [n/a] @ "77565000"
// RTL Simulation : 40 / 1089 [n/a] @ "79245000"
// RTL Simulation : 41 / 1089 [n/a] @ "80955000"
// RTL Simulation : 42 / 1089 [n/a] @ "82785000"
// RTL Simulation : 43 / 1089 [n/a] @ "84645000"
// RTL Simulation : 44 / 1089 [n/a] @ "86535000"
// RTL Simulation : 45 / 1089 [n/a] @ "88455000"
// RTL Simulation : 46 / 1089 [n/a] @ "90405000"
// RTL Simulation : 47 / 1089 [n/a] @ "92385000"
// RTL Simulation : 48 / 1089 [n/a] @ "94395000"
// RTL Simulation : 49 / 1089 [n/a] @ "96435000"
// RTL Simulation : 50 / 1089 [n/a] @ "98595000"
// RTL Simulation : 51 / 1089 [n/a] @ "100785000"
// RTL Simulation : 52 / 1089 [n/a] @ "103005000"
// RTL Simulation : 53 / 1089 [n/a] @ "105255000"
// RTL Simulation : 54 / 1089 [n/a] @ "107535000"
// RTL Simulation : 55 / 1089 [n/a] @ "109845000"
// RTL Simulation : 56 / 1089 [n/a] @ "112185000"
// RTL Simulation : 57 / 1089 [n/a] @ "114555000"
// RTL Simulation : 58 / 1089 [n/a] @ "117045000"
// RTL Simulation : 59 / 1089 [n/a] @ "119565000"
// RTL Simulation : 60 / 1089 [n/a] @ "122115000"
// RTL Simulation : 61 / 1089 [n/a] @ "124695000"
// RTL Simulation : 62 / 1089 [n/a] @ "127305000"
// RTL Simulation : 63 / 1089 [n/a] @ "129945000"
// RTL Simulation : 64 / 1089 [n/a] @ "132615000"
// RTL Simulation : 65 / 1089 [n/a] @ "135315000"
// RTL Simulation : 66 / 1089 [n/a] @ "138135000"
// RTL Simulation : 67 / 1089 [n/a] @ "139635000"
// RTL Simulation : 68 / 1089 [n/a] @ "141225000"
// RTL Simulation : 69 / 1089 [n/a] @ "142845000"
// RTL Simulation : 70 / 1089 [n/a] @ "144495000"
// RTL Simulation : 71 / 1089 [n/a] @ "146175000"
// RTL Simulation : 72 / 1089 [n/a] @ "147885000"
// RTL Simulation : 73 / 1089 [n/a] @ "149625000"
// RTL Simulation : 74 / 1089 [n/a] @ "151395000"
// RTL Simulation : 75 / 1089 [n/a] @ "153285000"
// RTL Simulation : 76 / 1089 [n/a] @ "155205000"
// RTL Simulation : 77 / 1089 [n/a] @ "157155000"
// RTL Simulation : 78 / 1089 [n/a] @ "159135000"
// RTL Simulation : 79 / 1089 [n/a] @ "161145000"
// RTL Simulation : 80 / 1089 [n/a] @ "163185000"
// RTL Simulation : 81 / 1089 [n/a] @ "165255000"
// RTL Simulation : 82 / 1089 [n/a] @ "167355000"
// RTL Simulation : 83 / 1089 [n/a] @ "169575000"
// RTL Simulation : 84 / 1089 [n/a] @ "171825000"
// RTL Simulation : 85 / 1089 [n/a] @ "174105000"
// RTL Simulation : 86 / 1089 [n/a] @ "176415000"
// RTL Simulation : 87 / 1089 [n/a] @ "178755000"
// RTL Simulation : 88 / 1089 [n/a] @ "181125000"
// RTL Simulation : 89 / 1089 [n/a] @ "183525000"
// RTL Simulation : 90 / 1089 [n/a] @ "185955000"
// RTL Simulation : 91 / 1089 [n/a] @ "188505000"
// RTL Simulation : 92 / 1089 [n/a] @ "191085000"
// RTL Simulation : 93 / 1089 [n/a] @ "193695000"
// RTL Simulation : 94 / 1089 [n/a] @ "196335000"
// RTL Simulation : 95 / 1089 [n/a] @ "199005000"
// RTL Simulation : 96 / 1089 [n/a] @ "201705000"
// RTL Simulation : 97 / 1089 [n/a] @ "204435000"
// RTL Simulation : 98 / 1089 [n/a] @ "207195000"
// RTL Simulation : 99 / 1089 [n/a] @ "210075000"
// RTL Simulation : 100 / 1089 [n/a] @ "211635000"
// RTL Simulation : 101 / 1089 [n/a] @ "213285000"
// RTL Simulation : 102 / 1089 [n/a] @ "214965000"
// RTL Simulation : 103 / 1089 [n/a] @ "216675000"
// RTL Simulation : 104 / 1089 [n/a] @ "218415000"
// RTL Simulation : 105 / 1089 [n/a] @ "220185000"
// RTL Simulation : 106 / 1089 [n/a] @ "221985000"
// RTL Simulation : 107 / 1089 [n/a] @ "223815000"
// RTL Simulation : 108 / 1089 [n/a] @ "225765000"
// RTL Simulation : 109 / 1089 [n/a] @ "227745000"
// RTL Simulation : 110 / 1089 [n/a] @ "229755000"
// RTL Simulation : 111 / 1089 [n/a] @ "231795000"
// RTL Simulation : 112 / 1089 [n/a] @ "233865000"
// RTL Simulation : 113 / 1089 [n/a] @ "235965000"
// RTL Simulation : 114 / 1089 [n/a] @ "238095000"
// RTL Simulation : 115 / 1089 [n/a] @ "240255000"
// RTL Simulation : 116 / 1089 [n/a] @ "242535000"
// RTL Simulation : 117 / 1089 [n/a] @ "244845000"
// RTL Simulation : 118 / 1089 [n/a] @ "247185000"
// RTL Simulation : 119 / 1089 [n/a] @ "249555000"
// RTL Simulation : 120 / 1089 [n/a] @ "251955000"
// RTL Simulation : 121 / 1089 [n/a] @ "254385000"
// RTL Simulation : 122 / 1089 [n/a] @ "256845000"
// RTL Simulation : 123 / 1089 [n/a] @ "259335000"
// RTL Simulation : 124 / 1089 [n/a] @ "261945000"
// RTL Simulation : 125 / 1089 [n/a] @ "264585000"
// RTL Simulation : 126 / 1089 [n/a] @ "267255000"
// RTL Simulation : 127 / 1089 [n/a] @ "269955000"
// RTL Simulation : 128 / 1089 [n/a] @ "272685000"
// RTL Simulation : 129 / 1089 [n/a] @ "275445000"
// RTL Simulation : 130 / 1089 [n/a] @ "278235000"
// RTL Simulation : 131 / 1089 [n/a] @ "281055000"
// RTL Simulation : 132 / 1089 [n/a] @ "283995000"
// RTL Simulation : 133 / 1089 [n/a] @ "285615000"
// RTL Simulation : 134 / 1089 [n/a] @ "287325000"
// RTL Simulation : 135 / 1089 [n/a] @ "289065000"
// RTL Simulation : 136 / 1089 [n/a] @ "290835000"
// RTL Simulation : 137 / 1089 [n/a] @ "292635000"
// RTL Simulation : 138 / 1089 [n/a] @ "294465000"
// RTL Simulation : 139 / 1089 [n/a] @ "296325000"
// RTL Simulation : 140 / 1089 [n/a] @ "298215000"
// RTL Simulation : 141 / 1089 [n/a] @ "300225000"
// RTL Simulation : 142 / 1089 [n/a] @ "302265000"
// RTL Simulation : 143 / 1089 [n/a] @ "304335000"
// RTL Simulation : 144 / 1089 [n/a] @ "306435000"
// RTL Simulation : 145 / 1089 [n/a] @ "308565000"
// RTL Simulation : 146 / 1089 [n/a] @ "310725000"
// RTL Simulation : 147 / 1089 [n/a] @ "312915000"
// RTL Simulation : 148 / 1089 [n/a] @ "315135000"
// RTL Simulation : 149 / 1089 [n/a] @ "317475000"
// RTL Simulation : 150 / 1089 [n/a] @ "319845000"
// RTL Simulation : 151 / 1089 [n/a] @ "322245000"
// RTL Simulation : 152 / 1089 [n/a] @ "324675000"
// RTL Simulation : 153 / 1089 [n/a] @ "327135000"
// RTL Simulation : 154 / 1089 [n/a] @ "329625000"
// RTL Simulation : 155 / 1089 [n/a] @ "332145000"
// RTL Simulation : 156 / 1089 [n/a] @ "334695000"
// RTL Simulation : 157 / 1089 [n/a] @ "337365000"
// RTL Simulation : 158 / 1089 [n/a] @ "340065000"
// RTL Simulation : 159 / 1089 [n/a] @ "342795000"
// RTL Simulation : 160 / 1089 [n/a] @ "345555000"
// RTL Simulation : 161 / 1089 [n/a] @ "348345000"
// RTL Simulation : 162 / 1089 [n/a] @ "351165000"
// RTL Simulation : 163 / 1089 [n/a] @ "354015000"
// RTL Simulation : 164 / 1089 [n/a] @ "356895000"
// RTL Simulation : 165 / 1089 [n/a] @ "359895000"
// RTL Simulation : 166 / 1089 [n/a] @ "361575000"
// RTL Simulation : 167 / 1089 [n/a] @ "363345000"
// RTL Simulation : 168 / 1089 [n/a] @ "365145000"
// RTL Simulation : 169 / 1089 [n/a] @ "366975000"
// RTL Simulation : 170 / 1089 [n/a] @ "368835000"
// RTL Simulation : 171 / 1089 [n/a] @ "370725000"
// RTL Simulation : 172 / 1089 [n/a] @ "372645000"
// RTL Simulation : 173 / 1089 [n/a] @ "374595000"
// RTL Simulation : 174 / 1089 [n/a] @ "376665000"
// RTL Simulation : 175 / 1089 [n/a] @ "378765000"
// RTL Simulation : 176 / 1089 [n/a] @ "380895000"
// RTL Simulation : 177 / 1089 [n/a] @ "383055000"
// RTL Simulation : 178 / 1089 [n/a] @ "385245000"
// RTL Simulation : 179 / 1089 [n/a] @ "387465000"
// RTL Simulation : 180 / 1089 [n/a] @ "389715000"
// RTL Simulation : 181 / 1089 [n/a] @ "391995000"
// RTL Simulation : 182 / 1089 [n/a] @ "394395000"
// RTL Simulation : 183 / 1089 [n/a] @ "396825000"
// RTL Simulation : 184 / 1089 [n/a] @ "399285000"
// RTL Simulation : 185 / 1089 [n/a] @ "401775000"
// RTL Simulation : 186 / 1089 [n/a] @ "404295000"
// RTL Simulation : 187 / 1089 [n/a] @ "406845000"
// RTL Simulation : 188 / 1089 [n/a] @ "409425000"
// RTL Simulation : 189 / 1089 [n/a] @ "412035000"
// RTL Simulation : 190 / 1089 [n/a] @ "414765000"
// RTL Simulation : 191 / 1089 [n/a] @ "417525000"
// RTL Simulation : 192 / 1089 [n/a] @ "420315000"
// RTL Simulation : 193 / 1089 [n/a] @ "423135000"
// RTL Simulation : 194 / 1089 [n/a] @ "425985000"
// RTL Simulation : 195 / 1089 [n/a] @ "428865000"
// RTL Simulation : 196 / 1089 [n/a] @ "431775000"
// RTL Simulation : 197 / 1089 [n/a] @ "434715000"
// RTL Simulation : 198 / 1089 [n/a] @ "437775000"
// RTL Simulation : 199 / 1089 [n/a] @ "439515000"
// RTL Simulation : 200 / 1089 [n/a] @ "441345000"
// RTL Simulation : 201 / 1089 [n/a] @ "443205000"
// RTL Simulation : 202 / 1089 [n/a] @ "445095000"
// RTL Simulation : 203 / 1089 [n/a] @ "447015000"
// RTL Simulation : 204 / 1089 [n/a] @ "448965000"
// RTL Simulation : 205 / 1089 [n/a] @ "450945000"
// RTL Simulation : 206 / 1089 [n/a] @ "452955000"
// RTL Simulation : 207 / 1089 [n/a] @ "455085000"
// RTL Simulation : 208 / 1089 [n/a] @ "457245000"
// RTL Simulation : 209 / 1089 [n/a] @ "459435000"
// RTL Simulation : 210 / 1089 [n/a] @ "461655000"
// RTL Simulation : 211 / 1089 [n/a] @ "463905000"
// RTL Simulation : 212 / 1089 [n/a] @ "466185000"
// RTL Simulation : 213 / 1089 [n/a] @ "468495000"
// RTL Simulation : 214 / 1089 [n/a] @ "470835000"
// RTL Simulation : 215 / 1089 [n/a] @ "473295000"
// RTL Simulation : 216 / 1089 [n/a] @ "475785000"
// RTL Simulation : 217 / 1089 [n/a] @ "478305000"
// RTL Simulation : 218 / 1089 [n/a] @ "480855000"
// RTL Simulation : 219 / 1089 [n/a] @ "483435000"
// RTL Simulation : 220 / 1089 [n/a] @ "486045000"
// RTL Simulation : 221 / 1089 [n/a] @ "488685000"
// RTL Simulation : 222 / 1089 [n/a] @ "491355000"
// RTL Simulation : 223 / 1089 [n/a] @ "494145000"
// RTL Simulation : 224 / 1089 [n/a] @ "496965000"
// RTL Simulation : 225 / 1089 [n/a] @ "499815000"
// RTL Simulation : 226 / 1089 [n/a] @ "502695000"
// RTL Simulation : 227 / 1089 [n/a] @ "505605000"
// RTL Simulation : 228 / 1089 [n/a] @ "508545000"
// RTL Simulation : 229 / 1089 [n/a] @ "511515000"
// RTL Simulation : 230 / 1089 [n/a] @ "514515000"
// RTL Simulation : 231 / 1089 [n/a] @ "517635000"
// RTL Simulation : 232 / 1089 [n/a] @ "519435000"
// RTL Simulation : 233 / 1089 [n/a] @ "521325000"
// RTL Simulation : 234 / 1089 [n/a] @ "523245000"
// RTL Simulation : 235 / 1089 [n/a] @ "525195000"
// RTL Simulation : 236 / 1089 [n/a] @ "527175000"
// RTL Simulation : 237 / 1089 [n/a] @ "529185000"
// RTL Simulation : 238 / 1089 [n/a] @ "531225000"
// RTL Simulation : 239 / 1089 [n/a] @ "533295000"
// RTL Simulation : 240 / 1089 [n/a] @ "535485000"
// RTL Simulation : 241 / 1089 [n/a] @ "537705000"
// RTL Simulation : 242 / 1089 [n/a] @ "539955000"
// RTL Simulation : 243 / 1089 [n/a] @ "542235000"
// RTL Simulation : 244 / 1089 [n/a] @ "544545000"
// RTL Simulation : 245 / 1089 [n/a] @ "546885000"
// RTL Simulation : 246 / 1089 [n/a] @ "549255000"
// RTL Simulation : 247 / 1089 [n/a] @ "551655000"
// RTL Simulation : 248 / 1089 [n/a] @ "554175000"
// RTL Simulation : 249 / 1089 [n/a] @ "556725000"
// RTL Simulation : 250 / 1089 [n/a] @ "559305000"
// RTL Simulation : 251 / 1089 [n/a] @ "561915000"
// RTL Simulation : 252 / 1089 [n/a] @ "564555000"
// RTL Simulation : 253 / 1089 [n/a] @ "567225000"
// RTL Simulation : 254 / 1089 [n/a] @ "569925000"
// RTL Simulation : 255 / 1089 [n/a] @ "572655000"
// RTL Simulation : 256 / 1089 [n/a] @ "575505000"
// RTL Simulation : 257 / 1089 [n/a] @ "578385000"
// RTL Simulation : 258 / 1089 [n/a] @ "581295000"
// RTL Simulation : 259 / 1089 [n/a] @ "584235000"
// RTL Simulation : 260 / 1089 [n/a] @ "587205000"
// RTL Simulation : 261 / 1089 [n/a] @ "590205000"
// RTL Simulation : 262 / 1089 [n/a] @ "593235000"
// RTL Simulation : 263 / 1089 [n/a] @ "596295000"
// RTL Simulation : 264 / 1089 [n/a] @ "599475000"
// RTL Simulation : 265 / 1089 [n/a] @ "601455000"
// RTL Simulation : 266 / 1089 [n/a] @ "603525000"
// RTL Simulation : 267 / 1089 [n/a] @ "605625000"
// RTL Simulation : 268 / 1089 [n/a] @ "607755000"
// RTL Simulation : 269 / 1089 [n/a] @ "609915000"
// RTL Simulation : 270 / 1089 [n/a] @ "612105000"
// RTL Simulation : 271 / 1089 [n/a] @ "614325000"
// RTL Simulation : 272 / 1089 [n/a] @ "616575000"
// RTL Simulation : 273 / 1089 [n/a] @ "618945000"
// RTL Simulation : 274 / 1089 [n/a] @ "621345000"
// RTL Simulation : 275 / 1089 [n/a] @ "623775000"
// RTL Simulation : 276 / 1089 [n/a] @ "626235000"
// RTL Simulation : 277 / 1089 [n/a] @ "628725000"
// RTL Simulation : 278 / 1089 [n/a] @ "631245000"
// RTL Simulation : 279 / 1089 [n/a] @ "633795000"
// RTL Simulation : 280 / 1089 [n/a] @ "636375000"
// RTL Simulation : 281 / 1089 [n/a] @ "639075000"
// RTL Simulation : 282 / 1089 [n/a] @ "641805000"
// RTL Simulation : 283 / 1089 [n/a] @ "644565000"
// RTL Simulation : 284 / 1089 [n/a] @ "647355000"
// RTL Simulation : 285 / 1089 [n/a] @ "650175000"
// RTL Simulation : 286 / 1089 [n/a] @ "653025000"
// RTL Simulation : 287 / 1089 [n/a] @ "655905000"
// RTL Simulation : 288 / 1089 [n/a] @ "658815000"
// RTL Simulation : 289 / 1089 [n/a] @ "661845000"
// RTL Simulation : 290 / 1089 [n/a] @ "664905000"
// RTL Simulation : 291 / 1089 [n/a] @ "667995000"
// RTL Simulation : 292 / 1089 [n/a] @ "671115000"
// RTL Simulation : 293 / 1089 [n/a] @ "674265000"
// RTL Simulation : 294 / 1089 [n/a] @ "677445000"
// RTL Simulation : 295 / 1089 [n/a] @ "680655000"
// RTL Simulation : 296 / 1089 [n/a] @ "683895000"
// RTL Simulation : 297 / 1089 [n/a] @ "687255000"
// RTL Simulation : 298 / 1089 [n/a] @ "689295000"
// RTL Simulation : 299 / 1089 [n/a] @ "691425000"
// RTL Simulation : 300 / 1089 [n/a] @ "693585000"
// RTL Simulation : 301 / 1089 [n/a] @ "695775000"
// RTL Simulation : 302 / 1089 [n/a] @ "697995000"
// RTL Simulation : 303 / 1089 [n/a] @ "700245000"
// RTL Simulation : 304 / 1089 [n/a] @ "702525000"
// RTL Simulation : 305 / 1089 [n/a] @ "704835000"
// RTL Simulation : 306 / 1089 [n/a] @ "707265000"
// RTL Simulation : 307 / 1089 [n/a] @ "709725000"
// RTL Simulation : 308 / 1089 [n/a] @ "712215000"
// RTL Simulation : 309 / 1089 [n/a] @ "714735000"
// RTL Simulation : 310 / 1089 [n/a] @ "717285000"
// RTL Simulation : 311 / 1089 [n/a] @ "719865000"
// RTL Simulation : 312 / 1089 [n/a] @ "722475000"
// RTL Simulation : 313 / 1089 [n/a] @ "725115000"
// RTL Simulation : 314 / 1089 [n/a] @ "727875000"
// RTL Simulation : 315 / 1089 [n/a] @ "730665000"
// RTL Simulation : 316 / 1089 [n/a] @ "733485000"
// RTL Simulation : 317 / 1089 [n/a] @ "736335000"
// RTL Simulation : 318 / 1089 [n/a] @ "739215000"
// RTL Simulation : 319 / 1089 [n/a] @ "742125000"
// RTL Simulation : 320 / 1089 [n/a] @ "745065000"
// RTL Simulation : 321 / 1089 [n/a] @ "748035000"
// RTL Simulation : 322 / 1089 [n/a] @ "751125000"
// RTL Simulation : 323 / 1089 [n/a] @ "754245000"
// RTL Simulation : 324 / 1089 [n/a] @ "757395000"
// RTL Simulation : 325 / 1089 [n/a] @ "760575000"
// RTL Simulation : 326 / 1089 [n/a] @ "763785000"
// RTL Simulation : 327 / 1089 [n/a] @ "767025000"
// RTL Simulation : 328 / 1089 [n/a] @ "770295000"
// RTL Simulation : 329 / 1089 [n/a] @ "773595000"
// RTL Simulation : 330 / 1089 [n/a] @ "777015000"
// RTL Simulation : 331 / 1089 [n/a] @ "779115000"
// RTL Simulation : 332 / 1089 [n/a] @ "781305000"
// RTL Simulation : 333 / 1089 [n/a] @ "783525000"
// RTL Simulation : 334 / 1089 [n/a] @ "785775000"
// RTL Simulation : 335 / 1089 [n/a] @ "788055000"
// RTL Simulation : 336 / 1089 [n/a] @ "790365000"
// RTL Simulation : 337 / 1089 [n/a] @ "792705000"
// RTL Simulation : 338 / 1089 [n/a] @ "795075000"
// RTL Simulation : 339 / 1089 [n/a] @ "797565000"
// RTL Simulation : 340 / 1089 [n/a] @ "800085000"
// RTL Simulation : 341 / 1089 [n/a] @ "802635000"
// RTL Simulation : 342 / 1089 [n/a] @ "805215000"
// RTL Simulation : 343 / 1089 [n/a] @ "807825000"
// RTL Simulation : 344 / 1089 [n/a] @ "810465000"
// RTL Simulation : 345 / 1089 [n/a] @ "813135000"
// RTL Simulation : 346 / 1089 [n/a] @ "815835000"
// RTL Simulation : 347 / 1089 [n/a] @ "818655000"
// RTL Simulation : 348 / 1089 [n/a] @ "821505000"
// RTL Simulation : 349 / 1089 [n/a] @ "824385000"
// RTL Simulation : 350 / 1089 [n/a] @ "827295000"
// RTL Simulation : 351 / 1089 [n/a] @ "830235000"
// RTL Simulation : 352 / 1089 [n/a] @ "833205000"
// RTL Simulation : 353 / 1089 [n/a] @ "836205000"
// RTL Simulation : 354 / 1089 [n/a] @ "839235000"
// RTL Simulation : 355 / 1089 [n/a] @ "842385000"
// RTL Simulation : 356 / 1089 [n/a] @ "845565000"
// RTL Simulation : 357 / 1089 [n/a] @ "848775000"
// RTL Simulation : 358 / 1089 [n/a] @ "852015000"
// RTL Simulation : 359 / 1089 [n/a] @ "855285000"
// RTL Simulation : 360 / 1089 [n/a] @ "858585000"
// RTL Simulation : 361 / 1089 [n/a] @ "861915000"
// RTL Simulation : 362 / 1089 [n/a] @ "865275000"
// RTL Simulation : 363 / 1089 [n/a] @ "868755000"
// RTL Simulation : 364 / 1089 [n/a] @ "870915000"
// RTL Simulation : 365 / 1089 [n/a] @ "873165000"
// RTL Simulation : 366 / 1089 [n/a] @ "875445000"
// RTL Simulation : 367 / 1089 [n/a] @ "877755000"
// RTL Simulation : 368 / 1089 [n/a] @ "880095000"
// RTL Simulation : 369 / 1089 [n/a] @ "882465000"
// RTL Simulation : 370 / 1089 [n/a] @ "884865000"
// RTL Simulation : 371 / 1089 [n/a] @ "887295000"
// RTL Simulation : 372 / 1089 [n/a] @ "889845000"
// RTL Simulation : 373 / 1089 [n/a] @ "892425000"
// RTL Simulation : 374 / 1089 [n/a] @ "895035000"
// RTL Simulation : 375 / 1089 [n/a] @ "897675000"
// RTL Simulation : 376 / 1089 [n/a] @ "900345000"
// RTL Simulation : 377 / 1089 [n/a] @ "903045000"
// RTL Simulation : 378 / 1089 [n/a] @ "905775000"
// RTL Simulation : 379 / 1089 [n/a] @ "908535000"
// RTL Simulation : 380 / 1089 [n/a] @ "911415000"
// RTL Simulation : 381 / 1089 [n/a] @ "914325000"
// RTL Simulation : 382 / 1089 [n/a] @ "917265000"
// RTL Simulation : 383 / 1089 [n/a] @ "920235000"
// RTL Simulation : 384 / 1089 [n/a] @ "923235000"
// RTL Simulation : 385 / 1089 [n/a] @ "926265000"
// RTL Simulation : 386 / 1089 [n/a] @ "929325000"
// RTL Simulation : 387 / 1089 [n/a] @ "932415000"
// RTL Simulation : 388 / 1089 [n/a] @ "935625000"
// RTL Simulation : 389 / 1089 [n/a] @ "938865000"
// RTL Simulation : 390 / 1089 [n/a] @ "942135000"
// RTL Simulation : 391 / 1089 [n/a] @ "945435000"
// RTL Simulation : 392 / 1089 [n/a] @ "948765000"
// RTL Simulation : 393 / 1089 [n/a] @ "952125000"
// RTL Simulation : 394 / 1089 [n/a] @ "955515000"
// RTL Simulation : 395 / 1089 [n/a] @ "958935000"
// RTL Simulation : 396 / 1089 [n/a] @ "962475000"
// RTL Simulation : 397 / 1089 [n/a] @ "964695000"
// RTL Simulation : 398 / 1089 [n/a] @ "967005000"
// RTL Simulation : 399 / 1089 [n/a] @ "969345000"
// RTL Simulation : 400 / 1089 [n/a] @ "971715000"
// RTL Simulation : 401 / 1089 [n/a] @ "974115000"
// RTL Simulation : 402 / 1089 [n/a] @ "976545000"
// RTL Simulation : 403 / 1089 [n/a] @ "979005000"
// RTL Simulation : 404 / 1089 [n/a] @ "981495000"
// RTL Simulation : 405 / 1089 [n/a] @ "984105000"
// RTL Simulation : 406 / 1089 [n/a] @ "986745000"
// RTL Simulation : 407 / 1089 [n/a] @ "989415000"
// RTL Simulation : 408 / 1089 [n/a] @ "992115000"
// RTL Simulation : 409 / 1089 [n/a] @ "994845000"
// RTL Simulation : 410 / 1089 [n/a] @ "997605000"
// RTL Simulation : 411 / 1089 [n/a] @ "1000395000"
// RTL Simulation : 412 / 1089 [n/a] @ "1003215000"
// RTL Simulation : 413 / 1089 [n/a] @ "1006155000"
// RTL Simulation : 414 / 1089 [n/a] @ "1009125000"
// RTL Simulation : 415 / 1089 [n/a] @ "1012125000"
// RTL Simulation : 416 / 1089 [n/a] @ "1015155000"
// RTL Simulation : 417 / 1089 [n/a] @ "1018215000"
// RTL Simulation : 418 / 1089 [n/a] @ "1021305000"
// RTL Simulation : 419 / 1089 [n/a] @ "1024425000"
// RTL Simulation : 420 / 1089 [n/a] @ "1027575000"
// RTL Simulation : 421 / 1089 [n/a] @ "1030845000"
// RTL Simulation : 422 / 1089 [n/a] @ "1034145000"
// RTL Simulation : 423 / 1089 [n/a] @ "1037475000"
// RTL Simulation : 424 / 1089 [n/a] @ "1040835000"
// RTL Simulation : 425 / 1089 [n/a] @ "1044225000"
// RTL Simulation : 426 / 1089 [n/a] @ "1047645000"
// RTL Simulation : 427 / 1089 [n/a] @ "1051095000"
// RTL Simulation : 428 / 1089 [n/a] @ "1054575000"
// RTL Simulation : 429 / 1089 [n/a] @ "1058175000"
// RTL Simulation : 430 / 1089 [n/a] @ "1060455000"
// RTL Simulation : 431 / 1089 [n/a] @ "1062825000"
// RTL Simulation : 432 / 1089 [n/a] @ "1065225000"
// RTL Simulation : 433 / 1089 [n/a] @ "1067655000"
// RTL Simulation : 434 / 1089 [n/a] @ "1070115000"
// RTL Simulation : 435 / 1089 [n/a] @ "1072605000"
// RTL Simulation : 436 / 1089 [n/a] @ "1075125000"
// RTL Simulation : 437 / 1089 [n/a] @ "1077675000"
// RTL Simulation : 438 / 1089 [n/a] @ "1080345000"
// RTL Simulation : 439 / 1089 [n/a] @ "1083045000"
// RTL Simulation : 440 / 1089 [n/a] @ "1085775000"
// RTL Simulation : 441 / 1089 [n/a] @ "1088535000"
// RTL Simulation : 442 / 1089 [n/a] @ "1091325000"
// RTL Simulation : 443 / 1089 [n/a] @ "1094145000"
// RTL Simulation : 444 / 1089 [n/a] @ "1096995000"
// RTL Simulation : 445 / 1089 [n/a] @ "1099875000"
// RTL Simulation : 446 / 1089 [n/a] @ "1102875000"
// RTL Simulation : 447 / 1089 [n/a] @ "1105905000"
// RTL Simulation : 448 / 1089 [n/a] @ "1108965000"
// RTL Simulation : 449 / 1089 [n/a] @ "1112055000"
// RTL Simulation : 450 / 1089 [n/a] @ "1115175000"
// RTL Simulation : 451 / 1089 [n/a] @ "1118325000"
// RTL Simulation : 452 / 1089 [n/a] @ "1121505000"
// RTL Simulation : 453 / 1089 [n/a] @ "1124715000"
// RTL Simulation : 454 / 1089 [n/a] @ "1128045000"
// RTL Simulation : 455 / 1089 [n/a] @ "1131405000"
// RTL Simulation : 456 / 1089 [n/a] @ "1134795000"
// RTL Simulation : 457 / 1089 [n/a] @ "1138215000"
// RTL Simulation : 458 / 1089 [n/a] @ "1141665000"
// RTL Simulation : 459 / 1089 [n/a] @ "1145145000"
// RTL Simulation : 460 / 1089 [n/a] @ "1148655000"
// RTL Simulation : 461 / 1089 [n/a] @ "1152195000"
// RTL Simulation : 462 / 1089 [n/a] @ "1155855000"
// RTL Simulation : 463 / 1089 [n/a] @ "1158195000"
// RTL Simulation : 464 / 1089 [n/a] @ "1160625000"
// RTL Simulation : 465 / 1089 [n/a] @ "1163085000"
// RTL Simulation : 466 / 1089 [n/a] @ "1165575000"
// RTL Simulation : 467 / 1089 [n/a] @ "1168095000"
// RTL Simulation : 468 / 1089 [n/a] @ "1170645000"
// RTL Simulation : 469 / 1089 [n/a] @ "1173225000"
// RTL Simulation : 470 / 1089 [n/a] @ "1175835000"
// RTL Simulation : 471 / 1089 [n/a] @ "1178565000"
// RTL Simulation : 472 / 1089 [n/a] @ "1181325000"
// RTL Simulation : 473 / 1089 [n/a] @ "1184115000"
// RTL Simulation : 474 / 1089 [n/a] @ "1186935000"
// RTL Simulation : 475 / 1089 [n/a] @ "1189785000"
// RTL Simulation : 476 / 1089 [n/a] @ "1192665000"
// RTL Simulation : 477 / 1089 [n/a] @ "1195575000"
// RTL Simulation : 478 / 1089 [n/a] @ "1198515000"
// RTL Simulation : 479 / 1089 [n/a] @ "1201575000"
// RTL Simulation : 480 / 1089 [n/a] @ "1204665000"
// RTL Simulation : 481 / 1089 [n/a] @ "1207785000"
// RTL Simulation : 482 / 1089 [n/a] @ "1210935000"
// RTL Simulation : 483 / 1089 [n/a] @ "1214115000"
// RTL Simulation : 484 / 1089 [n/a] @ "1217325000"
// RTL Simulation : 485 / 1089 [n/a] @ "1220565000"
// RTL Simulation : 486 / 1089 [n/a] @ "1223835000"
// RTL Simulation : 487 / 1089 [n/a] @ "1227225000"
// RTL Simulation : 488 / 1089 [n/a] @ "1230645000"
// RTL Simulation : 489 / 1089 [n/a] @ "1234095000"
// RTL Simulation : 490 / 1089 [n/a] @ "1237575000"
// RTL Simulation : 491 / 1089 [n/a] @ "1241085000"
// RTL Simulation : 492 / 1089 [n/a] @ "1244625000"
// RTL Simulation : 493 / 1089 [n/a] @ "1248195000"
// RTL Simulation : 494 / 1089 [n/a] @ "1251795000"
// RTL Simulation : 495 / 1089 [n/a] @ "1255515000"
// RTL Simulation : 496 / 1089 [n/a] @ "1257915000"
// RTL Simulation : 497 / 1089 [n/a] @ "1260405000"
// RTL Simulation : 498 / 1089 [n/a] @ "1262925000"
// RTL Simulation : 499 / 1089 [n/a] @ "1265475000"
// RTL Simulation : 500 / 1089 [n/a] @ "1268055000"
// RTL Simulation : 501 / 1089 [n/a] @ "1270665000"
// RTL Simulation : 502 / 1089 [n/a] @ "1273305000"
// RTL Simulation : 503 / 1089 [n/a] @ "1275975000"
// RTL Simulation : 504 / 1089 [n/a] @ "1278765000"
// RTL Simulation : 505 / 1089 [n/a] @ "1281585000"
// RTL Simulation : 506 / 1089 [n/a] @ "1284435000"
// RTL Simulation : 507 / 1089 [n/a] @ "1287315000"
// RTL Simulation : 508 / 1089 [n/a] @ "1290225000"
// RTL Simulation : 509 / 1089 [n/a] @ "1293165000"
// RTL Simulation : 510 / 1089 [n/a] @ "1296135000"
// RTL Simulation : 511 / 1089 [n/a] @ "1299135000"
// RTL Simulation : 512 / 1089 [n/a] @ "1302255000"
// RTL Simulation : 513 / 1089 [n/a] @ "1305405000"
// RTL Simulation : 514 / 1089 [n/a] @ "1308585000"
// RTL Simulation : 515 / 1089 [n/a] @ "1311795000"
// RTL Simulation : 516 / 1089 [n/a] @ "1315035000"
// RTL Simulation : 517 / 1089 [n/a] @ "1318305000"
// RTL Simulation : 518 / 1089 [n/a] @ "1321605000"
// RTL Simulation : 519 / 1089 [n/a] @ "1324935000"
// RTL Simulation : 520 / 1089 [n/a] @ "1328385000"
// RTL Simulation : 521 / 1089 [n/a] @ "1331865000"
// RTL Simulation : 522 / 1089 [n/a] @ "1335375000"
// RTL Simulation : 523 / 1089 [n/a] @ "1338915000"
// RTL Simulation : 524 / 1089 [n/a] @ "1342485000"
// RTL Simulation : 525 / 1089 [n/a] @ "1346085000"
// RTL Simulation : 526 / 1089 [n/a] @ "1349715000"
// RTL Simulation : 527 / 1089 [n/a] @ "1353375000"
// RTL Simulation : 528 / 1089 [n/a] @ "1357155000"
// RTL Simulation : 529 / 1089 [n/a] @ "1359735000"
// RTL Simulation : 530 / 1089 [n/a] @ "1362405000"
// RTL Simulation : 531 / 1089 [n/a] @ "1365105000"
// RTL Simulation : 532 / 1089 [n/a] @ "1367835000"
// RTL Simulation : 533 / 1089 [n/a] @ "1370595000"
// RTL Simulation : 534 / 1089 [n/a] @ "1373385000"
// RTL Simulation : 535 / 1089 [n/a] @ "1376205000"
// RTL Simulation : 536 / 1089 [n/a] @ "1379055000"
// RTL Simulation : 537 / 1089 [n/a] @ "1382025000"
// RTL Simulation : 538 / 1089 [n/a] @ "1385025000"
// RTL Simulation : 539 / 1089 [n/a] @ "1388055000"
// RTL Simulation : 540 / 1089 [n/a] @ "1391115000"
// RTL Simulation : 541 / 1089 [n/a] @ "1394205000"
// RTL Simulation : 542 / 1089 [n/a] @ "1397325000"
// RTL Simulation : 543 / 1089 [n/a] @ "1400475000"
// RTL Simulation : 544 / 1089 [n/a] @ "1403655000"
// RTL Simulation : 545 / 1089 [n/a] @ "1406955000"
// RTL Simulation : 546 / 1089 [n/a] @ "1410285000"
// RTL Simulation : 547 / 1089 [n/a] @ "1413645000"
// RTL Simulation : 548 / 1089 [n/a] @ "1417035000"
// RTL Simulation : 549 / 1089 [n/a] @ "1420455000"
// RTL Simulation : 550 / 1089 [n/a] @ "1423905000"
// RTL Simulation : 551 / 1089 [n/a] @ "1427385000"
// RTL Simulation : 552 / 1089 [n/a] @ "1430895000"
// RTL Simulation : 553 / 1089 [n/a] @ "1434525000"
// RTL Simulation : 554 / 1089 [n/a] @ "1438185000"
// RTL Simulation : 555 / 1089 [n/a] @ "1441875000"
// RTL Simulation : 556 / 1089 [n/a] @ "1445595000"
// RTL Simulation : 557 / 1089 [n/a] @ "1449345000"
// RTL Simulation : 558 / 1089 [n/a] @ "1453125000"
// RTL Simulation : 559 / 1089 [n/a] @ "1456935000"
// RTL Simulation : 560 / 1089 [n/a] @ "1460775000"
// RTL Simulation : 561 / 1089 [n/a] @ "1464735000"
// RTL Simulation : 562 / 1089 [n/a] @ "1467375000"
// RTL Simulation : 563 / 1089 [n/a] @ "1470105000"
// RTL Simulation : 564 / 1089 [n/a] @ "1472865000"
// RTL Simulation : 565 / 1089 [n/a] @ "1475655000"
// RTL Simulation : 566 / 1089 [n/a] @ "1478475000"
// RTL Simulation : 567 / 1089 [n/a] @ "1481325000"
// RTL Simulation : 568 / 1089 [n/a] @ "1484205000"
// RTL Simulation : 569 / 1089 [n/a] @ "1487115000"
// RTL Simulation : 570 / 1089 [n/a] @ "1490145000"
// RTL Simulation : 571 / 1089 [n/a] @ "1493205000"
// RTL Simulation : 572 / 1089 [n/a] @ "1496295000"
// RTL Simulation : 573 / 1089 [n/a] @ "1499415000"
// RTL Simulation : 574 / 1089 [n/a] @ "1502565000"
// RTL Simulation : 575 / 1089 [n/a] @ "1505745000"
// RTL Simulation : 576 / 1089 [n/a] @ "1508955000"
// RTL Simulation : 577 / 1089 [n/a] @ "1512195000"
// RTL Simulation : 578 / 1089 [n/a] @ "1515555000"
// RTL Simulation : 579 / 1089 [n/a] @ "1518945000"
// RTL Simulation : 580 / 1089 [n/a] @ "1522365000"
// RTL Simulation : 581 / 1089 [n/a] @ "1525815000"
// RTL Simulation : 582 / 1089 [n/a] @ "1529295000"
// RTL Simulation : 583 / 1089 [n/a] @ "1532805000"
// RTL Simulation : 584 / 1089 [n/a] @ "1536345000"
// RTL Simulation : 585 / 1089 [n/a] @ "1539915000"
// RTL Simulation : 586 / 1089 [n/a] @ "1543605000"
// RTL Simulation : 587 / 1089 [n/a] @ "1547325000"
// RTL Simulation : 588 / 1089 [n/a] @ "1551075000"
// RTL Simulation : 589 / 1089 [n/a] @ "1554855000"
// RTL Simulation : 590 / 1089 [n/a] @ "1558665000"
// RTL Simulation : 591 / 1089 [n/a] @ "1562505000"
// RTL Simulation : 592 / 1089 [n/a] @ "1566375000"
// RTL Simulation : 593 / 1089 [n/a] @ "1570275000"
// RTL Simulation : 594 / 1089 [n/a] @ "1574295000"
// RTL Simulation : 595 / 1089 [n/a] @ "1576995000"
// RTL Simulation : 596 / 1089 [n/a] @ "1579785000"
// RTL Simulation : 597 / 1089 [n/a] @ "1582605000"
// RTL Simulation : 598 / 1089 [n/a] @ "1585455000"
// RTL Simulation : 599 / 1089 [n/a] @ "1588335000"
// RTL Simulation : 600 / 1089 [n/a] @ "1591245000"
// RTL Simulation : 601 / 1089 [n/a] @ "1594185000"
// RTL Simulation : 602 / 1089 [n/a] @ "1597155000"
// RTL Simulation : 603 / 1089 [n/a] @ "1600245000"
// RTL Simulation : 604 / 1089 [n/a] @ "1603365000"
// RTL Simulation : 605 / 1089 [n/a] @ "1606515000"
// RTL Simulation : 606 / 1089 [n/a] @ "1609695000"
// RTL Simulation : 607 / 1089 [n/a] @ "1612905000"
// RTL Simulation : 608 / 1089 [n/a] @ "1616145000"
// RTL Simulation : 609 / 1089 [n/a] @ "1619415000"
// RTL Simulation : 610 / 1089 [n/a] @ "1622715000"
// RTL Simulation : 611 / 1089 [n/a] @ "1626135000"
// RTL Simulation : 612 / 1089 [n/a] @ "1629585000"
// RTL Simulation : 613 / 1089 [n/a] @ "1633065000"
// RTL Simulation : 614 / 1089 [n/a] @ "1636575000"
// RTL Simulation : 615 / 1089 [n/a] @ "1640115000"
// RTL Simulation : 616 / 1089 [n/a] @ "1643685000"
// RTL Simulation : 617 / 1089 [n/a] @ "1647285000"
// RTL Simulation : 618 / 1089 [n/a] @ "1650915000"
// RTL Simulation : 619 / 1089 [n/a] @ "1654665000"
// RTL Simulation : 620 / 1089 [n/a] @ "1658445000"
// RTL Simulation : 621 / 1089 [n/a] @ "1662255000"
// RTL Simulation : 622 / 1089 [n/a] @ "1666095000"
// RTL Simulation : 623 / 1089 [n/a] @ "1669965000"
// RTL Simulation : 624 / 1089 [n/a] @ "1673865000"
// RTL Simulation : 625 / 1089 [n/a] @ "1677795000"
// RTL Simulation : 626 / 1089 [n/a] @ "1681755000"
// RTL Simulation : 627 / 1089 [n/a] @ "1685835000"
// RTL Simulation : 628 / 1089 [n/a] @ "1688595000"
// RTL Simulation : 629 / 1089 [n/a] @ "1691445000"
// RTL Simulation : 630 / 1089 [n/a] @ "1694325000"
// RTL Simulation : 631 / 1089 [n/a] @ "1697235000"
// RTL Simulation : 632 / 1089 [n/a] @ "1700175000"
// RTL Simulation : 633 / 1089 [n/a] @ "1703145000"
// RTL Simulation : 634 / 1089 [n/a] @ "1706145000"
// RTL Simulation : 635 / 1089 [n/a] @ "1709175000"
// RTL Simulation : 636 / 1089 [n/a] @ "1712325000"
// RTL Simulation : 637 / 1089 [n/a] @ "1715505000"
// RTL Simulation : 638 / 1089 [n/a] @ "1718715000"
// RTL Simulation : 639 / 1089 [n/a] @ "1721955000"
// RTL Simulation : 640 / 1089 [n/a] @ "1725225000"
// RTL Simulation : 641 / 1089 [n/a] @ "1728525000"
// RTL Simulation : 642 / 1089 [n/a] @ "1731855000"
// RTL Simulation : 643 / 1089 [n/a] @ "1735215000"
// RTL Simulation : 644 / 1089 [n/a] @ "1738695000"
// RTL Simulation : 645 / 1089 [n/a] @ "1742205000"
// RTL Simulation : 646 / 1089 [n/a] @ "1745745000"
// RTL Simulation : 647 / 1089 [n/a] @ "1749315000"
// RTL Simulation : 648 / 1089 [n/a] @ "1752915000"
// RTL Simulation : 649 / 1089 [n/a] @ "1756545000"
// RTL Simulation : 650 / 1089 [n/a] @ "1760205000"
// RTL Simulation : 651 / 1089 [n/a] @ "1763895000"
// RTL Simulation : 652 / 1089 [n/a] @ "1767705000"
// RTL Simulation : 653 / 1089 [n/a] @ "1771545000"
// RTL Simulation : 654 / 1089 [n/a] @ "1775415000"
// RTL Simulation : 655 / 1089 [n/a] @ "1779315000"
// RTL Simulation : 656 / 1089 [n/a] @ "1783245000"
// RTL Simulation : 657 / 1089 [n/a] @ "1787205000"
// RTL Simulation : 658 / 1089 [n/a] @ "1791195000"
// RTL Simulation : 659 / 1089 [n/a] @ "1795215000"
// RTL Simulation : 660 / 1089 [n/a] @ "1799355000"
// RTL Simulation : 661 / 1089 [n/a] @ "1802175000"
// RTL Simulation : 662 / 1089 [n/a] @ "1805085000"
// RTL Simulation : 663 / 1089 [n/a] @ "1808025000"
// RTL Simulation : 664 / 1089 [n/a] @ "1810995000"
// RTL Simulation : 665 / 1089 [n/a] @ "1813995000"
// RTL Simulation : 666 / 1089 [n/a] @ "1817025000"
// RTL Simulation : 667 / 1089 [n/a] @ "1820085000"
// RTL Simulation : 668 / 1089 [n/a] @ "1823175000"
// RTL Simulation : 669 / 1089 [n/a] @ "1826385000"
// RTL Simulation : 670 / 1089 [n/a] @ "1829625000"
// RTL Simulation : 671 / 1089 [n/a] @ "1832895000"
// RTL Simulation : 672 / 1089 [n/a] @ "1836195000"
// RTL Simulation : 673 / 1089 [n/a] @ "1839525000"
// RTL Simulation : 674 / 1089 [n/a] @ "1842885000"
// RTL Simulation : 675 / 1089 [n/a] @ "1846275000"
// RTL Simulation : 676 / 1089 [n/a] @ "1849695000"
// RTL Simulation : 677 / 1089 [n/a] @ "1853235000"
// RTL Simulation : 678 / 1089 [n/a] @ "1856805000"
// RTL Simulation : 679 / 1089 [n/a] @ "1860405000"
// RTL Simulation : 680 / 1089 [n/a] @ "1864035000"
// RTL Simulation : 681 / 1089 [n/a] @ "1867695000"
// RTL Simulation : 682 / 1089 [n/a] @ "1871385000"
// RTL Simulation : 683 / 1089 [n/a] @ "1875105000"
// RTL Simulation : 684 / 1089 [n/a] @ "1878855000"
// RTL Simulation : 685 / 1089 [n/a] @ "1882725000"
// RTL Simulation : 686 / 1089 [n/a] @ "1886625000"
// RTL Simulation : 687 / 1089 [n/a] @ "1890555000"
// RTL Simulation : 688 / 1089 [n/a] @ "1894515000"
// RTL Simulation : 689 / 1089 [n/a] @ "1898505000"
// RTL Simulation : 690 / 1089 [n/a] @ "1902525000"
// RTL Simulation : 691 / 1089 [n/a] @ "1906575000"
// RTL Simulation : 692 / 1089 [n/a] @ "1910655000"
// RTL Simulation : 693 / 1089 [n/a] @ "1914855000"
// RTL Simulation : 694 / 1089 [n/a] @ "1917735000"
// RTL Simulation : 695 / 1089 [n/a] @ "1920705000"
// RTL Simulation : 696 / 1089 [n/a] @ "1923705000"
// RTL Simulation : 697 / 1089 [n/a] @ "1926735000"
// RTL Simulation : 698 / 1089 [n/a] @ "1929795000"
// RTL Simulation : 699 / 1089 [n/a] @ "1932885000"
// RTL Simulation : 700 / 1089 [n/a] @ "1936005000"
// RTL Simulation : 701 / 1089 [n/a] @ "1939155000"
// RTL Simulation : 702 / 1089 [n/a] @ "1942425000"
// RTL Simulation : 703 / 1089 [n/a] @ "1945725000"
// RTL Simulation : 704 / 1089 [n/a] @ "1949055000"
// RTL Simulation : 705 / 1089 [n/a] @ "1952415000"
// RTL Simulation : 706 / 1089 [n/a] @ "1955805000"
// RTL Simulation : 707 / 1089 [n/a] @ "1959225000"
// RTL Simulation : 708 / 1089 [n/a] @ "1962675000"
// RTL Simulation : 709 / 1089 [n/a] @ "1966155000"
// RTL Simulation : 710 / 1089 [n/a] @ "1969755000"
// RTL Simulation : 711 / 1089 [n/a] @ "1973385000"
// RTL Simulation : 712 / 1089 [n/a] @ "1977045000"
// RTL Simulation : 713 / 1089 [n/a] @ "1980735000"
// RTL Simulation : 714 / 1089 [n/a] @ "1984455000"
// RTL Simulation : 715 / 1089 [n/a] @ "1988205000"
// RTL Simulation : 716 / 1089 [n/a] @ "1991985000"
// RTL Simulation : 717 / 1089 [n/a] @ "1995795000"
// RTL Simulation : 718 / 1089 [n/a] @ "1999725000"
// RTL Simulation : 719 / 1089 [n/a] @ "2003685000"
// RTL Simulation : 720 / 1089 [n/a] @ "2007675000"
// RTL Simulation : 721 / 1089 [n/a] @ "2011695000"
// RTL Simulation : 722 / 1089 [n/a] @ "2015745000"
// RTL Simulation : 723 / 1089 [n/a] @ "2019825000"
// RTL Simulation : 724 / 1089 [n/a] @ "2023935000"
// RTL Simulation : 725 / 1089 [n/a] @ "2028075000"
// RTL Simulation : 726 / 1089 [n/a] @ "2032335000"
// RTL Simulation : 727 / 1089 [n/a] @ "2035275000"
// RTL Simulation : 728 / 1089 [n/a] @ "2038305000"
// RTL Simulation : 729 / 1089 [n/a] @ "2041365000"
// RTL Simulation : 730 / 1089 [n/a] @ "2044455000"
// RTL Simulation : 731 / 1089 [n/a] @ "2047575000"
// RTL Simulation : 732 / 1089 [n/a] @ "2050725000"
// RTL Simulation : 733 / 1089 [n/a] @ "2053905000"
// RTL Simulation : 734 / 1089 [n/a] @ "2057115000"
// RTL Simulation : 735 / 1089 [n/a] @ "2060445000"
// RTL Simulation : 736 / 1089 [n/a] @ "2063805000"
// RTL Simulation : 737 / 1089 [n/a] @ "2067195000"
// RTL Simulation : 738 / 1089 [n/a] @ "2070615000"
// RTL Simulation : 739 / 1089 [n/a] @ "2074065000"
// RTL Simulation : 740 / 1089 [n/a] @ "2077545000"
// RTL Simulation : 741 / 1089 [n/a] @ "2081055000"
// RTL Simulation : 742 / 1089 [n/a] @ "2084595000"
// RTL Simulation : 743 / 1089 [n/a] @ "2088255000"
// RTL Simulation : 744 / 1089 [n/a] @ "2091945000"
// RTL Simulation : 745 / 1089 [n/a] @ "2095665000"
// RTL Simulation : 746 / 1089 [n/a] @ "2099415000"
// RTL Simulation : 747 / 1089 [n/a] @ "2103195000"
// RTL Simulation : 748 / 1089 [n/a] @ "2107005000"
// RTL Simulation : 749 / 1089 [n/a] @ "2110845000"
// RTL Simulation : 750 / 1089 [n/a] @ "2114715000"
// RTL Simulation : 751 / 1089 [n/a] @ "2118705000"
// RTL Simulation : 752 / 1089 [n/a] @ "2122725000"
// RTL Simulation : 753 / 1089 [n/a] @ "2126775000"
// RTL Simulation : 754 / 1089 [n/a] @ "2130855000"
// RTL Simulation : 755 / 1089 [n/a] @ "2134965000"
// RTL Simulation : 756 / 1089 [n/a] @ "2139105000"
// RTL Simulation : 757 / 1089 [n/a] @ "2143275000"
// RTL Simulation : 758 / 1089 [n/a] @ "2147475000"
// RTL Simulation : 759 / 1089 [n/a] @ "2151795000"
// RTL Simulation : 760 / 1089 [n/a] @ "2154795000"
// RTL Simulation : 761 / 1089 [n/a] @ "2157885000"
// RTL Simulation : 762 / 1089 [n/a] @ "2161005000"
// RTL Simulation : 763 / 1089 [n/a] @ "2164155000"
// RTL Simulation : 764 / 1089 [n/a] @ "2167335000"
// RTL Simulation : 765 / 1089 [n/a] @ "2170545000"
// RTL Simulation : 766 / 1089 [n/a] @ "2173785000"
// RTL Simulation : 767 / 1089 [n/a] @ "2177055000"
// RTL Simulation : 768 / 1089 [n/a] @ "2180445000"
// RTL Simulation : 769 / 1089 [n/a] @ "2183865000"
// RTL Simulation : 770 / 1089 [n/a] @ "2187315000"
// RTL Simulation : 771 / 1089 [n/a] @ "2190795000"
// RTL Simulation : 772 / 1089 [n/a] @ "2194305000"
// RTL Simulation : 773 / 1089 [n/a] @ "2197845000"
// RTL Simulation : 774 / 1089 [n/a] @ "2201415000"
// RTL Simulation : 775 / 1089 [n/a] @ "2205015000"
// RTL Simulation : 776 / 1089 [n/a] @ "2208735000"
// RTL Simulation : 777 / 1089 [n/a] @ "2212485000"
// RTL Simulation : 778 / 1089 [n/a] @ "2216265000"
// RTL Simulation : 779 / 1089 [n/a] @ "2220075000"
// RTL Simulation : 780 / 1089 [n/a] @ "2223915000"
// RTL Simulation : 781 / 1089 [n/a] @ "2227785000"
// RTL Simulation : 782 / 1089 [n/a] @ "2231685000"
// RTL Simulation : 783 / 1089 [n/a] @ "2235615000"
// RTL Simulation : 784 / 1089 [n/a] @ "2239665000"
// RTL Simulation : 785 / 1089 [n/a] @ "2243745000"
// RTL Simulation : 786 / 1089 [n/a] @ "2247855000"
// RTL Simulation : 787 / 1089 [n/a] @ "2251995000"
// RTL Simulation : 788 / 1089 [n/a] @ "2256165000"
// RTL Simulation : 789 / 1089 [n/a] @ "2260365000"
// RTL Simulation : 790 / 1089 [n/a] @ "2264595000"
// RTL Simulation : 791 / 1089 [n/a] @ "2268855000"
// RTL Simulation : 792 / 1089 [n/a] @ "2273235000"
// RTL Simulation : 793 / 1089 [n/a] @ "2276415000"
// RTL Simulation : 794 / 1089 [n/a] @ "2279685000"
// RTL Simulation : 795 / 1089 [n/a] @ "2282985000"
// RTL Simulation : 796 / 1089 [n/a] @ "2286315000"
// RTL Simulation : 797 / 1089 [n/a] @ "2289675000"
// RTL Simulation : 798 / 1089 [n/a] @ "2293065000"
// RTL Simulation : 799 / 1089 [n/a] @ "2296485000"
// RTL Simulation : 800 / 1089 [n/a] @ "2299935000"
// RTL Simulation : 801 / 1089 [n/a] @ "2303505000"
// RTL Simulation : 802 / 1089 [n/a] @ "2307105000"
// RTL Simulation : 803 / 1089 [n/a] @ "2310735000"
// RTL Simulation : 804 / 1089 [n/a] @ "2314395000"
// RTL Simulation : 805 / 1089 [n/a] @ "2318085000"
// RTL Simulation : 806 / 1089 [n/a] @ "2321805000"
// RTL Simulation : 807 / 1089 [n/a] @ "2325555000"
// RTL Simulation : 808 / 1089 [n/a] @ "2329335000"
// RTL Simulation : 809 / 1089 [n/a] @ "2333235000"
// RTL Simulation : 810 / 1089 [n/a] @ "2337165000"
// RTL Simulation : 811 / 1089 [n/a] @ "2341125000"
// RTL Simulation : 812 / 1089 [n/a] @ "2345115000"
// RTL Simulation : 813 / 1089 [n/a] @ "2349135000"
// RTL Simulation : 814 / 1089 [n/a] @ "2353185000"
// RTL Simulation : 815 / 1089 [n/a] @ "2357265000"
// RTL Simulation : 816 / 1089 [n/a] @ "2361375000"
// RTL Simulation : 817 / 1089 [n/a] @ "2365605000"
// RTL Simulation : 818 / 1089 [n/a] @ "2369865000"
// RTL Simulation : 819 / 1089 [n/a] @ "2374155000"
// RTL Simulation : 820 / 1089 [n/a] @ "2378475000"
// RTL Simulation : 821 / 1089 [n/a] @ "2382825000"
// RTL Simulation : 822 / 1089 [n/a] @ "2387205000"
// RTL Simulation : 823 / 1089 [n/a] @ "2391615000"
// RTL Simulation : 824 / 1089 [n/a] @ "2396055000"
// RTL Simulation : 825 / 1089 [n/a] @ "2400615000"
// RTL Simulation : 826 / 1089 [n/a] @ "2403855000"
// RTL Simulation : 827 / 1089 [n/a] @ "2407185000"
// RTL Simulation : 828 / 1089 [n/a] @ "2410545000"
// RTL Simulation : 829 / 1089 [n/a] @ "2413935000"
// RTL Simulation : 830 / 1089 [n/a] @ "2417355000"
// RTL Simulation : 831 / 1089 [n/a] @ "2420805000"
// RTL Simulation : 832 / 1089 [n/a] @ "2424285000"
// RTL Simulation : 833 / 1089 [n/a] @ "2427795000"
// RTL Simulation : 834 / 1089 [n/a] @ "2431425000"
// RTL Simulation : 835 / 1089 [n/a] @ "2435085000"
// RTL Simulation : 836 / 1089 [n/a] @ "2438775000"
// RTL Simulation : 837 / 1089 [n/a] @ "2442495000"
// RTL Simulation : 838 / 1089 [n/a] @ "2446245000"
// RTL Simulation : 839 / 1089 [n/a] @ "2450025000"
// RTL Simulation : 840 / 1089 [n/a] @ "2453835000"
// RTL Simulation : 841 / 1089 [n/a] @ "2457675000"
// RTL Simulation : 842 / 1089 [n/a] @ "2461635000"
// RTL Simulation : 843 / 1089 [n/a] @ "2465625000"
// RTL Simulation : 844 / 1089 [n/a] @ "2469645000"
// RTL Simulation : 845 / 1089 [n/a] @ "2473695000"
// RTL Simulation : 846 / 1089 [n/a] @ "2477775000"
// RTL Simulation : 847 / 1089 [n/a] @ "2481885000"
// RTL Simulation : 848 / 1089 [n/a] @ "2486025000"
// RTL Simulation : 849 / 1089 [n/a] @ "2490195000"
// RTL Simulation : 850 / 1089 [n/a] @ "2494485000"
// RTL Simulation : 851 / 1089 [n/a] @ "2498805000"
// RTL Simulation : 852 / 1089 [n/a] @ "2503155000"
// RTL Simulation : 853 / 1089 [n/a] @ "2507535000"
// RTL Simulation : 854 / 1089 [n/a] @ "2511945000"
// RTL Simulation : 855 / 1089 [n/a] @ "2516385000"
// RTL Simulation : 856 / 1089 [n/a] @ "2520855000"
// RTL Simulation : 857 / 1089 [n/a] @ "2525355000"
// RTL Simulation : 858 / 1089 [n/a] @ "2529975000"
// RTL Simulation : 859 / 1089 [n/a] @ "2533275000"
// RTL Simulation : 860 / 1089 [n/a] @ "2536665000"
// RTL Simulation : 861 / 1089 [n/a] @ "2540085000"
// RTL Simulation : 862 / 1089 [n/a] @ "2543535000"
// RTL Simulation : 863 / 1089 [n/a] @ "2547015000"
// RTL Simulation : 864 / 1089 [n/a] @ "2550525000"
// RTL Simulation : 865 / 1089 [n/a] @ "2554065000"
// RTL Simulation : 866 / 1089 [n/a] @ "2557635000"
// RTL Simulation : 867 / 1089 [n/a] @ "2561325000"
// RTL Simulation : 868 / 1089 [n/a] @ "2565045000"
// RTL Simulation : 869 / 1089 [n/a] @ "2568795000"
// RTL Simulation : 870 / 1089 [n/a] @ "2572575000"
// RTL Simulation : 871 / 1089 [n/a] @ "2576385000"
// RTL Simulation : 872 / 1089 [n/a] @ "2580225000"
// RTL Simulation : 873 / 1089 [n/a] @ "2584095000"
// RTL Simulation : 874 / 1089 [n/a] @ "2587995000"
// RTL Simulation : 875 / 1089 [n/a] @ "2592015000"
// RTL Simulation : 876 / 1089 [n/a] @ "2596065000"
// RTL Simulation : 877 / 1089 [n/a] @ "2600145000"
// RTL Simulation : 878 / 1089 [n/a] @ "2604255000"
// RTL Simulation : 879 / 1089 [n/a] @ "2608395000"
// RTL Simulation : 880 / 1089 [n/a] @ "2612565000"
// RTL Simulation : 881 / 1089 [n/a] @ "2616765000"
// RTL Simulation : 882 / 1089 [n/a] @ "2620995000"
// RTL Simulation : 883 / 1089 [n/a] @ "2625345000"
// RTL Simulation : 884 / 1089 [n/a] @ "2629725000"
// RTL Simulation : 885 / 1089 [n/a] @ "2634135000"
// RTL Simulation : 886 / 1089 [n/a] @ "2638575000"
// RTL Simulation : 887 / 1089 [n/a] @ "2643045000"
// RTL Simulation : 888 / 1089 [n/a] @ "2647545000"
// RTL Simulation : 889 / 1089 [n/a] @ "2652075000"
// RTL Simulation : 890 / 1089 [n/a] @ "2656635000"
// RTL Simulation : 891 / 1089 [n/a] @ "2661315000"
// RTL Simulation : 892 / 1089 [n/a] @ "2664675000"
// RTL Simulation : 893 / 1089 [n/a] @ "2668125000"
// RTL Simulation : 894 / 1089 [n/a] @ "2671605000"
// RTL Simulation : 895 / 1089 [n/a] @ "2675115000"
// RTL Simulation : 896 / 1089 [n/a] @ "2678655000"
// RTL Simulation : 897 / 1089 [n/a] @ "2682225000"
// RTL Simulation : 898 / 1089 [n/a] @ "2685825000"
// RTL Simulation : 899 / 1089 [n/a] @ "2689455000"
// RTL Simulation : 900 / 1089 [n/a] @ "2693205000"
// RTL Simulation : 901 / 1089 [n/a] @ "2696985000"
// RTL Simulation : 902 / 1089 [n/a] @ "2700795000"
// RTL Simulation : 903 / 1089 [n/a] @ "2704635000"
// RTL Simulation : 904 / 1089 [n/a] @ "2708505000"
// RTL Simulation : 905 / 1089 [n/a] @ "2712405000"
// RTL Simulation : 906 / 1089 [n/a] @ "2716335000"
// RTL Simulation : 907 / 1089 [n/a] @ "2720295000"
// RTL Simulation : 908 / 1089 [n/a] @ "2724375000"
// RTL Simulation : 909 / 1089 [n/a] @ "2728485000"
// RTL Simulation : 910 / 1089 [n/a] @ "2732625000"
// RTL Simulation : 911 / 1089 [n/a] @ "2736795000"
// RTL Simulation : 912 / 1089 [n/a] @ "2740995000"
// RTL Simulation : 913 / 1089 [n/a] @ "2745225000"
// RTL Simulation : 914 / 1089 [n/a] @ "2749485000"
// RTL Simulation : 915 / 1089 [n/a] @ "2753775000"
// RTL Simulation : 916 / 1089 [n/a] @ "2758185000"
// RTL Simulation : 917 / 1089 [n/a] @ "2762625000"
// RTL Simulation : 918 / 1089 [n/a] @ "2767095000"
// RTL Simulation : 919 / 1089 [n/a] @ "2771595000"
// RTL Simulation : 920 / 1089 [n/a] @ "2776125000"
// RTL Simulation : 921 / 1089 [n/a] @ "2780685000"
// RTL Simulation : 922 / 1089 [n/a] @ "2785275000"
// RTL Simulation : 923 / 1089 [n/a] @ "2789895000"
// RTL Simulation : 924 / 1089 [n/a] @ "2794635000"
// RTL Simulation : 925 / 1089 [n/a] @ "2798055000"
// RTL Simulation : 926 / 1089 [n/a] @ "2801565000"
// RTL Simulation : 927 / 1089 [n/a] @ "2805105000"
// RTL Simulation : 928 / 1089 [n/a] @ "2808675000"
// RTL Simulation : 929 / 1089 [n/a] @ "2812275000"
// RTL Simulation : 930 / 1089 [n/a] @ "2815905000"
// RTL Simulation : 931 / 1089 [n/a] @ "2819565000"
// RTL Simulation : 932 / 1089 [n/a] @ "2823255000"
// RTL Simulation : 933 / 1089 [n/a] @ "2827065000"
// RTL Simulation : 934 / 1089 [n/a] @ "2830905000"
// RTL Simulation : 935 / 1089 [n/a] @ "2834775000"
// RTL Simulation : 936 / 1089 [n/a] @ "2838675000"
// RTL Simulation : 937 / 1089 [n/a] @ "2842605000"
// RTL Simulation : 938 / 1089 [n/a] @ "2846565000"
// RTL Simulation : 939 / 1089 [n/a] @ "2850555000"
// RTL Simulation : 940 / 1089 [n/a] @ "2854575000"
// RTL Simulation : 941 / 1089 [n/a] @ "2858715000"
// RTL Simulation : 942 / 1089 [n/a] @ "2862885000"
// RTL Simulation : 943 / 1089 [n/a] @ "2867085000"
// RTL Simulation : 944 / 1089 [n/a] @ "2871315000"
// RTL Simulation : 945 / 1089 [n/a] @ "2875575000"
// RTL Simulation : 946 / 1089 [n/a] @ "2879865000"
// RTL Simulation : 947 / 1089 [n/a] @ "2884185000"
// RTL Simulation : 948 / 1089 [n/a] @ "2888535000"
// RTL Simulation : 949 / 1089 [n/a] @ "2893005000"
// RTL Simulation : 950 / 1089 [n/a] @ "2897505000"
// RTL Simulation : 951 / 1089 [n/a] @ "2902035000"
// RTL Simulation : 952 / 1089 [n/a] @ "2906595000"
// RTL Simulation : 953 / 1089 [n/a] @ "2911185000"
// RTL Simulation : 954 / 1089 [n/a] @ "2915805000"
// RTL Simulation : 955 / 1089 [n/a] @ "2920455000"
// RTL Simulation : 956 / 1089 [n/a] @ "2925135000"
// RTL Simulation : 957 / 1089 [n/a] @ "2929935000"
// RTL Simulation : 958 / 1089 [n/a] @ "2933415000"
// RTL Simulation : 959 / 1089 [n/a] @ "2936985000"
// RTL Simulation : 960 / 1089 [n/a] @ "2940585000"
// RTL Simulation : 961 / 1089 [n/a] @ "2944215000"
// RTL Simulation : 962 / 1089 [n/a] @ "2947875000"
// RTL Simulation : 963 / 1089 [n/a] @ "2951565000"
// RTL Simulation : 964 / 1089 [n/a] @ "2955285000"
// RTL Simulation : 965 / 1089 [n/a] @ "2959035000"
// RTL Simulation : 966 / 1089 [n/a] @ "2962905000"
// RTL Simulation : 967 / 1089 [n/a] @ "2966805000"
// RTL Simulation : 968 / 1089 [n/a] @ "2970735000"
// RTL Simulation : 969 / 1089 [n/a] @ "2974695000"
// RTL Simulation : 970 / 1089 [n/a] @ "2978685000"
// RTL Simulation : 971 / 1089 [n/a] @ "2982705000"
// RTL Simulation : 972 / 1089 [n/a] @ "2986755000"
// RTL Simulation : 973 / 1089 [n/a] @ "2990835000"
// RTL Simulation : 974 / 1089 [n/a] @ "2995035000"
// RTL Simulation : 975 / 1089 [n/a] @ "2999265000"
// RTL Simulation : 976 / 1089 [n/a] @ "3003525000"
// RTL Simulation : 977 / 1089 [n/a] @ "3007815000"
// RTL Simulation : 978 / 1089 [n/a] @ "3012135000"
// RTL Simulation : 979 / 1089 [n/a] @ "3016485000"
// RTL Simulation : 980 / 1089 [n/a] @ "3020865000"
// RTL Simulation : 981 / 1089 [n/a] @ "3025275000"
// RTL Simulation : 982 / 1089 [n/a] @ "3029805000"
// RTL Simulation : 983 / 1089 [n/a] @ "3034365000"
// RTL Simulation : 984 / 1089 [n/a] @ "3038955000"
// RTL Simulation : 985 / 1089 [n/a] @ "3043575000"
// RTL Simulation : 986 / 1089 [n/a] @ "3048225000"
// RTL Simulation : 987 / 1089 [n/a] @ "3052905000"
// RTL Simulation : 988 / 1089 [n/a] @ "3057615000"
// RTL Simulation : 989 / 1089 [n/a] @ "3062355000"
// RTL Simulation : 990 / 1089 [n/a] @ "3067215000"
// RTL Simulation : 991 / 1089 [n/a] @ "3070755000"
// RTL Simulation : 992 / 1089 [n/a] @ "3074385000"
// RTL Simulation : 993 / 1089 [n/a] @ "3078045000"
// RTL Simulation : 994 / 1089 [n/a] @ "3081735000"
// RTL Simulation : 995 / 1089 [n/a] @ "3085455000"
// RTL Simulation : 996 / 1089 [n/a] @ "3089205000"
// RTL Simulation : 997 / 1089 [n/a] @ "3092985000"
// RTL Simulation : 998 / 1089 [n/a] @ "3096795000"
// RTL Simulation : 999 / 1089 [n/a] @ "3100725000"
// RTL Simulation : 1000 / 1089 [n/a] @ "3104685000"
// RTL Simulation : 1001 / 1089 [n/a] @ "3108675000"
// RTL Simulation : 1002 / 1089 [n/a] @ "3112695000"
// RTL Simulation : 1003 / 1089 [n/a] @ "3116745000"
// RTL Simulation : 1004 / 1089 [n/a] @ "3120825000"
// RTL Simulation : 1005 / 1089 [n/a] @ "3124935000"
// RTL Simulation : 1006 / 1089 [n/a] @ "3129075000"
// RTL Simulation : 1007 / 1089 [n/a] @ "3133335000"
// RTL Simulation : 1008 / 1089 [n/a] @ "3137625000"
// RTL Simulation : 1009 / 1089 [n/a] @ "3141945000"
// RTL Simulation : 1010 / 1089 [n/a] @ "3146295000"
// RTL Simulation : 1011 / 1089 [n/a] @ "3150675000"
// RTL Simulation : 1012 / 1089 [n/a] @ "3155085000"
// RTL Simulation : 1013 / 1089 [n/a] @ "3159525000"
// RTL Simulation : 1014 / 1089 [n/a] @ "3163995000"
// RTL Simulation : 1015 / 1089 [n/a] @ "3168585000"
// RTL Simulation : 1016 / 1089 [n/a] @ "3173205000"
// RTL Simulation : 1017 / 1089 [n/a] @ "3177855000"
// RTL Simulation : 1018 / 1089 [n/a] @ "3182535000"
// RTL Simulation : 1019 / 1089 [n/a] @ "3187245000"
// RTL Simulation : 1020 / 1089 [n/a] @ "3191985000"
// RTL Simulation : 1021 / 1089 [n/a] @ "3196755000"
// RTL Simulation : 1022 / 1089 [n/a] @ "3201555000"
// RTL Simulation : 1023 / 1089 [n/a] @ "3206475000"
// RTL Simulation : 1024 / 1089 [n/a] @ "3210075000"
// RTL Simulation : 1025 / 1089 [n/a] @ "3213765000"
// RTL Simulation : 1026 / 1089 [n/a] @ "3217485000"
// RTL Simulation : 1027 / 1089 [n/a] @ "3221235000"
// RTL Simulation : 1028 / 1089 [n/a] @ "3225015000"
// RTL Simulation : 1029 / 1089 [n/a] @ "3228825000"
// RTL Simulation : 1030 / 1089 [n/a] @ "3232665000"
// RTL Simulation : 1031 / 1089 [n/a] @ "3236535000"
// RTL Simulation : 1032 / 1089 [n/a] @ "3240525000"
// RTL Simulation : 1033 / 1089 [n/a] @ "3244545000"
// RTL Simulation : 1034 / 1089 [n/a] @ "3248595000"
// RTL Simulation : 1035 / 1089 [n/a] @ "3252675000"
// RTL Simulation : 1036 / 1089 [n/a] @ "3256785000"
// RTL Simulation : 1037 / 1089 [n/a] @ "3260925000"
// RTL Simulation : 1038 / 1089 [n/a] @ "3265095000"
// RTL Simulation : 1039 / 1089 [n/a] @ "3269295000"
// RTL Simulation : 1040 / 1089 [n/a] @ "3273615000"
// RTL Simulation : 1041 / 1089 [n/a] @ "3277965000"
// RTL Simulation : 1042 / 1089 [n/a] @ "3282345000"
// RTL Simulation : 1043 / 1089 [n/a] @ "3286755000"
// RTL Simulation : 1044 / 1089 [n/a] @ "3291195000"
// RTL Simulation : 1045 / 1089 [n/a] @ "3295665000"
// RTL Simulation : 1046 / 1089 [n/a] @ "3300165000"
// RTL Simulation : 1047 / 1089 [n/a] @ "3304695000"
// RTL Simulation : 1048 / 1089 [n/a] @ "3309345000"
// RTL Simulation : 1049 / 1089 [n/a] @ "3314025000"
// RTL Simulation : 1050 / 1089 [n/a] @ "3318735000"
// RTL Simulation : 1051 / 1089 [n/a] @ "3323475000"
// RTL Simulation : 1052 / 1089 [n/a] @ "3328245000"
// RTL Simulation : 1053 / 1089 [n/a] @ "3333045000"
// RTL Simulation : 1054 / 1089 [n/a] @ "3337875000"
// RTL Simulation : 1055 / 1089 [n/a] @ "3342735000"
// RTL Simulation : 1056 / 1089 [n/a] @ "3347715000"
// RTL Simulation : 1057 / 1089 [n/a] @ "3351495000"
// RTL Simulation : 1058 / 1089 [n/a] @ "3355365000"
// RTL Simulation : 1059 / 1089 [n/a] @ "3359265000"
// RTL Simulation : 1060 / 1089 [n/a] @ "3363195000"
// RTL Simulation : 1061 / 1089 [n/a] @ "3367155000"
// RTL Simulation : 1062 / 1089 [n/a] @ "3371145000"
// RTL Simulation : 1063 / 1089 [n/a] @ "3375165000"
// RTL Simulation : 1064 / 1089 [n/a] @ "3379215000"
// RTL Simulation : 1065 / 1089 [n/a] @ "3383385000"
// RTL Simulation : 1066 / 1089 [n/a] @ "3387585000"
// RTL Simulation : 1067 / 1089 [n/a] @ "3391815000"
// RTL Simulation : 1068 / 1089 [n/a] @ "3396075000"
// RTL Simulation : 1069 / 1089 [n/a] @ "3400365000"
// RTL Simulation : 1070 / 1089 [n/a] @ "3404685000"
// RTL Simulation : 1071 / 1089 [n/a] @ "3409035000"
// RTL Simulation : 1072 / 1089 [n/a] @ "3413415000"
// RTL Simulation : 1073 / 1089 [n/a] @ "3417915000"
// RTL Simulation : 1074 / 1089 [n/a] @ "3422445000"
// RTL Simulation : 1075 / 1089 [n/a] @ "3427005000"
// RTL Simulation : 1076 / 1089 [n/a] @ "3431595000"
// RTL Simulation : 1077 / 1089 [n/a] @ "3436215000"
// RTL Simulation : 1078 / 1089 [n/a] @ "3440865000"
// RTL Simulation : 1079 / 1089 [n/a] @ "3445545000"
// RTL Simulation : 1080 / 1089 [n/a] @ "3450255000"
// RTL Simulation : 1081 / 1089 [n/a] @ "3455085000"
// RTL Simulation : 1082 / 1089 [n/a] @ "3459945000"
// RTL Simulation : 1083 / 1089 [n/a] @ "3464835000"
// RTL Simulation : 1084 / 1089 [n/a] @ "3469755000"
// RTL Simulation : 1085 / 1089 [n/a] @ "3474705000"
// RTL Simulation : 1086 / 1089 [n/a] @ "3479685000"
// RTL Simulation : 1087 / 1089 [n/a] @ "3484695000"
// RTL Simulation : 1088 / 1089 [n/a] @ "3489735000"
// RTL Simulation : 1089 / 1089 [n/a] @ "3494895000"
////////////////////////////////////////////////////////////////////////////////////
$finish called at time : 3495075 ns : File "H:/home/Documents/Git/PII-2022-Grazzani-Rogora-Zaffiretti/solution1/sim/verilog/crypto_aead_encrypt.autotb.v" Line 650
run: Time (s): cpu = 00:00:01 ; elapsed = 00:00:13 . Memory (MB): peak = 1172.656 ; gain = 0.000
## quit
INFO: xsimkernel Simulation Memory Usage: 16036 KB (Peak: 16036 KB), Simulation CPU Usage: 12624 ms
INFO: [Common 17-206] Exiting xsim at Sat Apr 30 12:16:26 2022...
